============================= test session starts ==============================
platform linux -- Python 3.13.5, pytest-9.0.2, pluggy-1.6.0 -- /opt/pyvenv/bin/python
cachedir: .pytest_cache
metadata: {'Python': '3.13.5', 'Platform': 'Linux-4.4.0-x86_64-with-glibc2.41', 'Packages': {'pytest': '9.0.2', 'pluggy': '1.6.0'}, 'Plugins': {'metadata': '3.1.1', 'asyncio': '1.3.0', 'ddtrace': '4.4.0', 'anyio': '4.12.1', 'Faker': '40.1.2', 'cov': '7.0.0', 'json-report': '1.5.0'}, 'PLATFORM': 'linux/amd64', 'CI': 'true'}
rootdir: /mnt/data/cornerstone-v1.3.1-work/cornerstone-backend
configfile: pyproject.toml
testpaths: tests
plugins: metadata-3.1.1, asyncio-1.3.0, ddtrace-4.4.0, anyio-4.12.1, Faker-40.1.2, cov-7.0.0, json-report-1.5.0
asyncio: mode=Mode.STRICT, debug=False, asyncio_default_fixture_loop_scope=None, asyncio_default_test_loop_scope=function
collecting ... 
----------------------------- live log collection ------------------------------
setup plugin alembic.autogenerate.schemas
setup plugin alembic.autogenerate.tables
setup plugin alembic.autogenerate.types
setup plugin alembic.autogenerate.constraints
setup plugin alembic.autogenerate.defaults
setup plugin alembic.autogenerate.comments
collected 275 items

tests/integration/test_artifacts_evidence_api.py::test_sync_creates_artifact_and_evidence_with_provenance 
-------------------------------- live log setup --------------------------------
{"appEnv":"local","event":"app.persistence_configured","persistenceBackend":"InMemoryStore","productionMode":true,"schemaVersion":1}
-------------------------------- live log call ---------------------------------
{"event":"source.create_requested","productionEnabled":true,"schemaVersion":1,"sourceName":"Manual Pilot","sourceType":"manual"}
{"event":"source.created","productionEnabled":true,"schemaVersion":1,"sourceId":"f2956286-6382-48fa-be78-042dd76815cf","sourceName":"Manual Pilot","sourceType":"manual","status":"connected"}
{"durationMs":3.34,"event":"http.request.completed","method":"POST","path":"/v1/sources","requestId":"ab7b1fa8-db0d-4723-a331-61168435b036","schemaVersion":1,"statusCode":201}
HTTP Request: POST http://testserver/v1/sources "HTTP/1.1 201 Created"
{"event":"source.sync_started","objectCount":1,"schemaVersion":1,"sourceId":"f2956286-6382-48fa-be78-042dd76815cf","sourceType":"manual","startedAt":"2026-04-30T07:13:52.934439+00:00"}
{"artifactId":"16de8681-8b93-4a16-abc2-9f7a94cc3a3b","event":"artifact.extracted","evidenceFragmentCount":2,"freshnessState":"fresh","schemaVersion":1,"sourceExternalId":"doc-1","sourceId":"f2956286-6382-48fa-be78-042dd76815cf"}
{"artifactCount":1,"artifactCreatedCount":1,"artifactReusedCount":0,"contentFreshnessState":"fresh","event":"source.sync_succeeded","evidenceFragmentCount":2,"freshnessState":"fresh","schemaVersion":1,"sourceId":"f2956286-6382-48fa-be78-042dd76815cf","sourceType":"manual","status":"connected","syncFreshnessState":"fresh","totalArtifactCount":1,"totalEvidenceFragmentCount":2}
{"durationMs":3.91,"event":"http.request.completed","method":"POST","path":"/v1/manual-sources/f2956286-6382-48fa-be78-042dd76815cf/sync","requestId":"d1dd13ff-4c09-4dc7-bcf2-4d134ebafc4a","schemaVersion":1,"statusCode":200}
HTTP Request: POST http://testserver/v1/manual-sources/f2956286-6382-48fa-be78-042dd76815cf/sync "HTTP/1.1 200 OK"
{"artifactId":"16de8681-8b93-4a16-abc2-9f7a94cc3a3b","event":"evidence.listed","evidenceFragmentCount":2,"schemaVersion":1}
{"durationMs":1.69,"event":"http.request.completed","method":"GET","path":"/v1/evidence","requestId":"d34055da-b134-4324-bac5-d619f59ab1e8","schemaVersion":1,"statusCode":200}
HTTP Request: GET http://testserver/v1/evidence?artifactId=16de8681-8b93-4a16-abc2-9f7a94cc3a3b "HTTP/1.1 200 OK"
PASSED                                                                   [  0%]
tests/integration/test_audit_api.py::test_audit_events_are_exposed_after_review_and_officialization 
-------------------------------- live log setup --------------------------------
{"appEnv":"local","event":"app.persistence_configured","persistenceBackend":"InMemoryStore","productionMode":true,"schemaVersion":1}
{"event":"source.create_requested","productionEnabled":true,"schemaVersion":1,"sourceName":"Pilot Domain","sourceType":"manual"}
{"event":"source.created","productionEnabled":true,"schemaVersion":1,"sourceId":"c9d7e689-9c53-4a6f-86d4-10d06bb311af","sourceName":"Pilot Domain","sourceType":"manual","status":"connected"}
{"durationMs":3.31,"event":"http.request.completed","method":"POST","path":"/v1/sources","requestId":"73213a76-9d7c-41d3-b8d9-f6437f631dbe","schemaVersion":1,"statusCode":201}
HTTP Request: POST http://testserver/v1/sources "HTTP/1.1 201 Created"
{"event":"source.sync_started","objectCount":1,"schemaVersion":1,"sourceId":"c9d7e689-9c53-4a6f-86d4-10d06bb311af","sourceType":"manual","startedAt":"2026-04-30T07:13:53.023333+00:00"}
{"artifactId":"45a23a23-a7a6-46c5-9a14-1fe4f05eacbf","event":"artifact.extracted","evidenceFragmentCount":2,"freshnessState":"fresh","schemaVersion":1,"sourceExternalId":"doc-1","sourceId":"c9d7e689-9c53-4a6f-86d4-10d06bb311af"}
{"artifactCount":1,"artifactCreatedCount":1,"artifactReusedCount":0,"contentFreshnessState":"fresh","event":"source.sync_succeeded","evidenceFragmentCount":2,"freshnessState":"fresh","schemaVersion":1,"sourceId":"c9d7e689-9c53-4a6f-86d4-10d06bb311af","sourceType":"manual","status":"connected","syncFreshnessState":"fresh","totalArtifactCount":1,"totalEvidenceFragmentCount":2}
{"durationMs":4.52,"event":"http.request.completed","method":"POST","path":"/v1/manual-sources/c9d7e689-9c53-4a6f-86d4-10d06bb311af/sync","requestId":"a1d55fbb-79fc-4fe1-b1a3-12240fdd1e6f","schemaVersion":1,"statusCode":200}
HTTP Request: POST http://testserver/v1/manual-sources/c9d7e689-9c53-4a6f-86d4-10d06bb311af/sync "HTTP/1.1 200 OK"
{"actor":"reviewer@example.com","auditEventId":"790870e2-a429-4f2e-858b-ed0ada30c14f","event":"evidence.reviewed","evidenceFragmentId":"2b0a7a81-1fb9-4b5c-bb50-1d167aae6858","schemaVersion":1,"trustState":"reviewed"}
{"durationMs":3.67,"event":"http.request.completed","method":"POST","path":"/v1/evidence/2b0a7a81-1fb9-4b5c-bb50-1d167aae6858/review","requestId":"5835293f-11ca-40cc-8083-567f251e1363","schemaVersion":1,"statusCode":200}
HTTP Request: POST http://testserver/v1/evidence/2b0a7a81-1fb9-4b5c-bb50-1d167aae6858/review "HTTP/1.1 200 OK"
-------------------------------- live log call ---------------------------------
{"actor":"reviewer@example.com","auditEventId":"e9b4ffba-62b0-425d-9221-1251d85ed164","conceptId":"d1399af8-f044-44e8-9fe5-453cfe3466c6","decisionRecordCount":0,"event":"concept.created","evidenceFragmentCount":1,"name":"Cornerstone","schemaVersion":1,"status":"candidate"}
{"durationMs":2.94,"event":"http.request.completed","method":"POST","path":"/v1/concepts","requestId":"a224e9f6-2944-4057-b05c-2912e8236b8b","schemaVersion":1,"statusCode":201}
HTTP Request: POST http://testserver/v1/concepts "HTTP/1.1 201 Created"
{"actor":"reviewer@example.com","conceptId":"d1399af8-f044-44e8-9fe5-453cfe3466c6","decisionRecordCount":0,"event":"concept.officialize_attempted","evidenceFragmentCount":1,"schemaVersion":1,"status":"candidate"}
{"actor":"reviewer@example.com","auditEventId":"2a2e81c0-ad99-4d5d-bca1-46dcf382ea37","conceptId":"d1399af8-f044-44e8-9fe5-453cfe3466c6","event":"concept.officialized","schemaVersion":1,"status":"official"}
{"durationMs":3.44,"event":"http.request.completed","method":"POST","path":"/v1/concepts/d1399af8-f044-44e8-9fe5-453cfe3466c6/officialize","requestId":"0a596aed-fd37-461b-9706-d8df2cdb58b1","schemaVersion":1,"statusCode":200}
HTTP Request: POST http://testserver/v1/concepts/d1399af8-f044-44e8-9fe5-453cfe3466c6/officialize "HTTP/1.1 200 OK"
{"durationMs":2.79,"event":"http.request.completed","method":"GET","path":"/v1/audit-events","requestId":"5f69054a-68fc-4a40-9c24-56be900a0491","schemaVersion":1,"statusCode":200}
HTTP Request: GET http://testserver/v1/audit-events "HTTP/1.1 200 OK"
PASSED                                                                   [  0%]
tests/integration/test_audit_api.py::test_blocked_officialization_creates_audit_event 
-------------------------------- live log setup --------------------------------
{"appEnv":"local","event":"app.persistence_configured","persistenceBackend":"InMemoryStore","productionMode":true,"schemaVersion":1}
-------------------------------- live log call ---------------------------------
{"actor":"reviewer@example.com","auditEventId":"b8930af6-21d7-46c8-9764-c5cfba2a364c","conceptId":"e6b034a2-6973-4c0e-883f-09569d85b81c","decisionRecordCount":0,"event":"concept.created","evidenceFragmentCount":0,"name":"Unsupported Concept","schemaVersion":1,"status":"candidate"}
{"durationMs":3.92,"event":"http.request.completed","method":"POST","path":"/v1/concepts","requestId":"1164da5a-7741-45e4-9409-cc5a9bfeca4c","schemaVersion":1,"statusCode":201}
HTTP Request: POST http://testserver/v1/concepts "HTTP/1.1 201 Created"
{"actor":"reviewer@example.com","conceptId":"e6b034a2-6973-4c0e-883f-09569d85b81c","decisionRecordCount":0,"event":"concept.officialize_attempted","evidenceFragmentCount":0,"schemaVersion":1,"status":"candidate"}
{"actor":"reviewer@example.com","conceptId":"e6b034a2-6973-4c0e-883f-09569d85b81c","event":"concept.officialize_blocked","reason":"Official Concepts require at least one reviewed EvidenceFragment or valid DecisionRecord.","schemaVersion":1,"status":"candidate"}
{"durationMs":3.67,"event":"http.request.completed","method":"POST","path":"/v1/concepts/e6b034a2-6973-4c0e-883f-09569d85b81c/officialize","requestId":"2d0a721c-c67c-4b0b-8dcb-f69924e384b1","schemaVersion":1,"statusCode":409}
HTTP Request: POST http://testserver/v1/concepts/e6b034a2-6973-4c0e-883f-09569d85b81c/officialize "HTTP/1.1 409 Conflict"
{"durationMs":2.66,"event":"http.request.completed","method":"GET","path":"/v1/audit-events","requestId":"feb96578-5cac-473d-9f6d-24c26d604274","schemaVersion":1,"statusCode":200}
HTTP Request: GET http://testserver/v1/audit-events "HTTP/1.1 200 OK"
PASSED                                                                   [  1%]
tests/integration/test_concept_read_api.py::test_concept_list_and_read_return_created_candidate 
-------------------------------- live log setup --------------------------------
{"appEnv":"local","event":"app.persistence_configured","persistenceBackend":"InMemoryStore","productionMode":true,"schemaVersion":1}
-------------------------------- live log call ---------------------------------
{"actor":"reviewer@example.com","auditEventId":"1a9825b0-06e7-4fc3-b857-bca930e44d81","conceptId":"07b6c22c-acb2-4408-8674-86d93a73847c","decisionRecordCount":0,"event":"concept.created","evidenceFragmentCount":0,"name":"Cornerstone","schemaVersion":1,"status":"candidate"}
{"durationMs":2.8,"event":"http.request.completed","method":"POST","path":"/v1/concepts","requestId":"599e14d0-b629-4a71-b08b-12395d12a71e","schemaVersion":1,"statusCode":201}
HTTP Request: POST http://testserver/v1/concepts "HTTP/1.1 201 Created"
{"conceptCount":1,"event":"concept.listed","schemaVersion":1}
{"durationMs":1.68,"event":"http.request.completed","method":"GET","path":"/v1/concepts","requestId":"79db6b75-0081-44fc-a608-9cb9fed0c445","schemaVersion":1,"statusCode":200}
HTTP Request: GET http://testserver/v1/concepts "HTTP/1.1 200 OK"
{"conceptId":"07b6c22c-acb2-4408-8674-86d93a73847c","event":"concept.read","schemaVersion":1,"status":"candidate"}
{"durationMs":1.7,"event":"http.request.completed","method":"GET","path":"/v1/concepts/07b6c22c-acb2-4408-8674-86d93a73847c","requestId":"c76f506f-daa8-49bf-897e-d40bf67af7c7","schemaVersion":1,"statusCode":200}
HTTP Request: GET http://testserver/v1/concepts/07b6c22c-acb2-4408-8674-86d93a73847c "HTTP/1.1 200 OK"
PASSED                                                                   [  1%]
tests/integration/test_concept_read_api.py::test_create_concept_with_missing_evidence_returns_not_found 
-------------------------------- live log setup --------------------------------
{"appEnv":"local","event":"app.persistence_configured","persistenceBackend":"InMemoryStore","productionMode":true,"schemaVersion":1}
-------------------------------- live log call ---------------------------------
{"event":"concept.create_blocked","evidenceFragmentId":"missing-evidence","reason":"evidence_not_found","schemaVersion":1}
{"durationMs":2.49,"event":"http.request.completed","method":"POST","path":"/v1/concepts","requestId":"63d93bd2-6350-4003-8616-5c0ecd90d47c","schemaVersion":1,"statusCode":404}
HTTP Request: POST http://testserver/v1/concepts "HTTP/1.1 404 Not Found"
PASSED                                                                   [  1%]
tests/integration/test_concept_relations_api.py::test_relation_creation_and_officialization_requires_reviewed_support 
-------------------------------- live log setup --------------------------------
{"appEnv":"local","event":"app.persistence_configured","persistenceBackend":"InMemoryStore","productionMode":true,"schemaVersion":1}
{"event":"source.create_requested","productionEnabled":true,"schemaVersion":1,"sourceName":"Pilot Domain","sourceType":"manual"}
{"event":"source.created","productionEnabled":true,"schemaVersion":1,"sourceId":"e47cffc7-369d-4a52-bc12-14cd3ed307eb","sourceName":"Pilot Domain","sourceType":"manual","status":"connected"}
{"durationMs":3.34,"event":"http.request.completed","method":"POST","path":"/v1/sources","requestId":"9e2fc8ee-1ef4-4049-bc1e-a54f6fba03b9","schemaVersion":1,"statusCode":201}
HTTP Request: POST http://testserver/v1/sources "HTTP/1.1 201 Created"
{"event":"source.sync_started","objectCount":1,"schemaVersion":1,"sourceId":"e47cffc7-369d-4a52-bc12-14cd3ed307eb","sourceType":"manual","startedAt":"2026-04-30T07:13:53.396154+00:00"}
{"artifactId":"6eadfb61-d2fd-468e-956a-82fd7b09845d","event":"artifact.extracted","evidenceFragmentCount":2,"freshnessState":"fresh","schemaVersion":1,"sourceExternalId":"doc-1","sourceId":"e47cffc7-369d-4a52-bc12-14cd3ed307eb"}
{"artifactCount":1,"artifactCreatedCount":1,"artifactReusedCount":0,"contentFreshnessState":"fresh","event":"source.sync_succeeded","evidenceFragmentCount":2,"freshnessState":"fresh","schemaVersion":1,"sourceId":"e47cffc7-369d-4a52-bc12-14cd3ed307eb","sourceType":"manual","status":"connected","syncFreshnessState":"fresh","totalArtifactCount":1,"totalEvidenceFragmentCount":2}
{"durationMs":4.17,"event":"http.request.completed","method":"POST","path":"/v1/manual-sources/e47cffc7-369d-4a52-bc12-14cd3ed307eb/sync","requestId":"ea8b8036-614f-441d-bbd8-502f794af6d6","schemaVersion":1,"statusCode":200}
HTTP Request: POST http://testserver/v1/manual-sources/e47cffc7-369d-4a52-bc12-14cd3ed307eb/sync "HTTP/1.1 200 OK"
{"actor":"reviewer@example.com","auditEventId":"b081adc3-0d88-4647-a7a4-f9f87d508c67","event":"evidence.reviewed","evidenceFragmentId":"e354625c-1338-40d5-aea6-77573b8c5d90","schemaVersion":1,"trustState":"reviewed"}
{"durationMs":2.81,"event":"http.request.completed","method":"POST","path":"/v1/evidence/e354625c-1338-40d5-aea6-77573b8c5d90/review","requestId":"b25949bb-395b-4c2b-9952-df41d55239cb","schemaVersion":1,"statusCode":200}
HTTP Request: POST http://testserver/v1/evidence/e354625c-1338-40d5-aea6-77573b8c5d90/review "HTTP/1.1 200 OK"
-------------------------------- live log call ---------------------------------
{"actor":"reviewer@example.com","auditEventId":"756ce589-fc64-4778-9f4b-09c1bbebdffd","conceptId":"a2c2f74a-8172-44a9-ac59-b5fcf1c6eb13","decisionRecordCount":0,"event":"concept.created","evidenceFragmentCount":1,"name":"Cornerstone","schemaVersion":1,"status":"candidate"}
{"durationMs":2.62,"event":"http.request.completed","method":"POST","path":"/v1/concepts","requestId":"26d68449-381e-48ee-871e-dbe7df8938ed","schemaVersion":1,"statusCode":201}
HTTP Request: POST http://testserver/v1/concepts "HTTP/1.1 201 Created"
{"actor":"reviewer@example.com","conceptId":"a2c2f74a-8172-44a9-ac59-b5fcf1c6eb13","decisionRecordCount":0,"event":"concept.officialize_attempted","evidenceFragmentCount":1,"schemaVersion":1,"status":"candidate"}
{"actor":"reviewer@example.com","auditEventId":"e79bc2a3-2d37-4566-b3a8-99cc628743c4","conceptId":"a2c2f74a-8172-44a9-ac59-b5fcf1c6eb13","event":"concept.officialized","schemaVersion":1,"status":"official"}
{"durationMs":3.25,"event":"http.request.completed","method":"POST","path":"/v1/concepts/a2c2f74a-8172-44a9-ac59-b5fcf1c6eb13/officialize","requestId":"10eb42d9-1b29-4c05-9d24-ac76c67b2a83","schemaVersion":1,"statusCode":200}
HTTP Request: POST http://testserver/v1/concepts/a2c2f74a-8172-44a9-ac59-b5fcf1c6eb13/officialize "HTTP/1.1 200 OK"
{"actor":"reviewer@example.com","auditEventId":"821f6994-3f40-42e1-9d9f-83862aa4cda9","conceptId":"2d8534a6-0fb4-48cd-a5fc-8ce812bfd2a9","decisionRecordCount":0,"event":"concept.created","evidenceFragmentCount":1,"name":"Evidence Layer","schemaVersion":1,"status":"candidate"}
{"durationMs":2.61,"event":"http.request.completed","method":"POST","path":"/v1/concepts","requestId":"9c828fff-d419-49f6-9ec7-1783da8fe7b7","schemaVersion":1,"statusCode":201}
HTTP Request: POST http://testserver/v1/concepts "HTTP/1.1 201 Created"
{"actor":"reviewer@example.com","conceptId":"2d8534a6-0fb4-48cd-a5fc-8ce812bfd2a9","decisionRecordCount":0,"event":"concept.officialize_attempted","evidenceFragmentCount":1,"schemaVersion":1,"status":"candidate"}
{"actor":"reviewer@example.com","auditEventId":"bef75f69-b406-4594-8867-396d0e694326","conceptId":"2d8534a6-0fb4-48cd-a5fc-8ce812bfd2a9","event":"concept.officialized","schemaVersion":1,"status":"official"}
{"durationMs":2.98,"event":"http.request.completed","method":"POST","path":"/v1/concepts/2d8534a6-0fb4-48cd-a5fc-8ce812bfd2a9/officialize","requestId":"a52cab4f-0497-4369-903c-63f6bbb8a539","schemaVersion":1,"statusCode":200}
HTTP Request: POST http://testserver/v1/concepts/2d8534a6-0fb4-48cd-a5fc-8ce812bfd2a9/officialize "HTTP/1.1 200 OK"
{"actor":"reviewer@example.com","auditEventId":"1e6f160e-0d54-4d93-96e0-bce9d0166ee6","conceptRelationId":"027bdebb-1e34-4124-a934-028a50bb49dd","event":"concept_relation.created","evidenceFragmentCount":1,"relationType":"depends_on","schemaVersion":1,"sourceConceptId":"a2c2f74a-8172-44a9-ac59-b5fcf1c6eb13","targetConceptId":"2d8534a6-0fb4-48cd-a5fc-8ce812bfd2a9"}
{"durationMs":2.66,"event":"http.request.completed","method":"POST","path":"/v1/concept-relations","requestId":"c9e07559-ea70-49bd-8d7f-a02eadd60643","schemaVersion":1,"statusCode":201}
HTTP Request: POST http://testserver/v1/concept-relations "HTTP/1.1 201 Created"
{"actor":"reviewer@example.com","conceptRelationId":"027bdebb-1e34-4124-a934-028a50bb49dd","decisionRecordId":null,"event":"concept_relation.officialize_attempted","evidenceFragmentCount":1,"schemaVersion":1,"status":"candidate"}
{"actor":"reviewer@example.com","auditEventId":"0b6c6a35-3b5f-4876-8abd-ad64639dcc18","conceptRelationId":"027bdebb-1e34-4124-a934-028a50bb49dd","event":"concept_relation.officialized","schemaVersion":1,"status":"official"}
{"durationMs":2.93,"event":"http.request.completed","method":"POST","path":"/v1/concept-relations/027bdebb-1e34-4124-a934-028a50bb49dd/officialize","requestId":"65f95cfa-4289-48e9-abeb-ae0f9bf9f937","schemaVersion":1,"statusCode":200}
HTTP Request: POST http://testserver/v1/concept-relations/027bdebb-1e34-4124-a934-028a50bb49dd/officialize "HTTP/1.1 200 OK"
PASSED                                                                   [  2%]
tests/integration/test_concept_relations_api.py::test_relation_officialization_without_support_is_blocked 
-------------------------------- live log setup --------------------------------
{"appEnv":"local","event":"app.persistence_configured","persistenceBackend":"InMemoryStore","productionMode":true,"schemaVersion":1}
{"event":"source.create_requested","productionEnabled":true,"schemaVersion":1,"sourceName":"Pilot Domain","sourceType":"manual"}
{"event":"source.created","productionEnabled":true,"schemaVersion":1,"sourceId":"4766d5ae-7f35-4741-88d2-1b888d3663ac","sourceName":"Pilot Domain","sourceType":"manual","status":"connected"}
{"durationMs":2.95,"event":"http.request.completed","method":"POST","path":"/v1/sources","requestId":"1de1e610-b95d-4719-bf05-4bc505e06fcd","schemaVersion":1,"statusCode":201}
HTTP Request: POST http://testserver/v1/sources "HTTP/1.1 201 Created"
{"event":"source.sync_started","objectCount":1,"schemaVersion":1,"sourceId":"4766d5ae-7f35-4741-88d2-1b888d3663ac","sourceType":"manual","startedAt":"2026-04-30T07:13:53.537860+00:00"}
{"artifactId":"c1abd35f-f7fd-42a5-ade8-1351c8918d72","event":"artifact.extracted","evidenceFragmentCount":2,"freshnessState":"fresh","schemaVersion":1,"sourceExternalId":"doc-1","sourceId":"4766d5ae-7f35-4741-88d2-1b888d3663ac"}
{"artifactCount":1,"artifactCreatedCount":1,"artifactReusedCount":0,"contentFreshnessState":"fresh","event":"source.sync_succeeded","evidenceFragmentCount":2,"freshnessState":"fresh","schemaVersion":1,"sourceId":"4766d5ae-7f35-4741-88d2-1b888d3663ac","sourceType":"manual","status":"connected","syncFreshnessState":"fresh","totalArtifactCount":1,"totalEvidenceFragmentCount":2}
{"durationMs":3.39,"event":"http.request.completed","method":"POST","path":"/v1/manual-sources/4766d5ae-7f35-4741-88d2-1b888d3663ac/sync","requestId":"d50bd35b-5969-4319-a04e-9720858ab35f","schemaVersion":1,"statusCode":200}
HTTP Request: POST http://testserver/v1/manual-sources/4766d5ae-7f35-4741-88d2-1b888d3663ac/sync "HTTP/1.1 200 OK"
{"actor":"reviewer@example.com","auditEventId":"9eb22bd4-3c08-486a-81f1-a79285ff274c","event":"evidence.reviewed","evidenceFragmentId":"514caac1-e55d-4cbe-9cee-6a6f588b85ad","schemaVersion":1,"trustState":"reviewed"}
{"durationMs":2.49,"event":"http.request.completed","method":"POST","path":"/v1/evidence/514caac1-e55d-4cbe-9cee-6a6f588b85ad/review","requestId":"059be304-2747-4ed1-9bc1-2fa2141af7d5","schemaVersion":1,"statusCode":200}
HTTP Request: POST http://testserver/v1/evidence/514caac1-e55d-4cbe-9cee-6a6f588b85ad/review "HTTP/1.1 200 OK"
-------------------------------- live log call ---------------------------------
{"actor":"reviewer@example.com","auditEventId":"b1a952be-38f1-4d1f-ae8c-b709e8e8c915","conceptId":"e36dbbe2-7d90-4e78-ba42-a4cba4f6dd02","decisionRecordCount":0,"event":"concept.created","evidenceFragmentCount":1,"name":"Source Concept","schemaVersion":1,"status":"candidate"}
{"durationMs":2.36,"event":"http.request.completed","method":"POST","path":"/v1/concepts","requestId":"8046003c-58e5-4481-a4e8-bf51224dbc1b","schemaVersion":1,"statusCode":201}
HTTP Request: POST http://testserver/v1/concepts "HTTP/1.1 201 Created"
{"actor":"reviewer@example.com","conceptId":"e36dbbe2-7d90-4e78-ba42-a4cba4f6dd02","decisionRecordCount":0,"event":"concept.officialize_attempted","evidenceFragmentCount":1,"schemaVersion":1,"status":"candidate"}
{"actor":"reviewer@example.com","auditEventId":"e2ffe1ce-4471-483f-8b31-dccfd7413f96","conceptId":"e36dbbe2-7d90-4e78-ba42-a4cba4f6dd02","event":"concept.officialized","schemaVersion":1,"status":"official"}
{"durationMs":2.98,"event":"http.request.completed","method":"POST","path":"/v1/concepts/e36dbbe2-7d90-4e78-ba42-a4cba4f6dd02/officialize","requestId":"687aaf63-4dfa-4551-9711-0a30764156c5","schemaVersion":1,"statusCode":200}
HTTP Request: POST http://testserver/v1/concepts/e36dbbe2-7d90-4e78-ba42-a4cba4f6dd02/officialize "HTTP/1.1 200 OK"
{"actor":"reviewer@example.com","auditEventId":"61119363-5f79-4e39-8046-4f07f1928537","conceptId":"d6f5eac6-327a-4134-98ba-5fbd1c00965b","decisionRecordCount":0,"event":"concept.created","evidenceFragmentCount":1,"name":"Target Concept","schemaVersion":1,"status":"candidate"}
{"durationMs":20.4,"event":"http.request.completed","method":"POST","path":"/v1/concepts","requestId":"1a3b24c7-45d4-46c0-91f9-2a5d0a4ffc0f","schemaVersion":1,"statusCode":201}
HTTP Request: POST http://testserver/v1/concepts "HTTP/1.1 201 Created"
{"actor":"reviewer@example.com","conceptId":"d6f5eac6-327a-4134-98ba-5fbd1c00965b","decisionRecordCount":0,"event":"concept.officialize_attempted","evidenceFragmentCount":1,"schemaVersion":1,"status":"candidate"}
{"actor":"reviewer@example.com","auditEventId":"f820f16a-ebda-4bd8-a599-8d8115d42655","conceptId":"d6f5eac6-327a-4134-98ba-5fbd1c00965b","event":"concept.officialized","schemaVersion":1,"status":"official"}
{"durationMs":4.58,"event":"http.request.completed","method":"POST","path":"/v1/concepts/d6f5eac6-327a-4134-98ba-5fbd1c00965b/officialize","requestId":"a585fc3a-9ed0-45de-9504-261c490bfb59","schemaVersion":1,"statusCode":200}
HTTP Request: POST http://testserver/v1/concepts/d6f5eac6-327a-4134-98ba-5fbd1c00965b/officialize "HTTP/1.1 200 OK"
{"actor":"reviewer@example.com","auditEventId":"fbfd5e87-8baf-4a91-9779-641f9843c4a5","conceptRelationId":"0a51722b-1ca4-48ef-9f58-4c15081a39e9","event":"concept_relation.created","evidenceFragmentCount":0,"relationType":"depends_on","schemaVersion":1,"sourceConceptId":"e36dbbe2-7d90-4e78-ba42-a4cba4f6dd02","targetConceptId":"d6f5eac6-327a-4134-98ba-5fbd1c00965b"}
{"durationMs":2.93,"event":"http.request.completed","method":"POST","path":"/v1/concept-relations","requestId":"f9ce8aeb-b7f2-4b9e-bc2d-363c20147605","schemaVersion":1,"statusCode":201}
HTTP Request: POST http://testserver/v1/concept-relations "HTTP/1.1 201 Created"
{"actor":"reviewer@example.com","conceptRelationId":"0a51722b-1ca4-48ef-9f58-4c15081a39e9","decisionRecordId":null,"event":"concept_relation.officialize_attempted","evidenceFragmentCount":0,"schemaVersion":1,"status":"candidate"}
{"actor":"reviewer@example.com","conceptRelationId":"0a51722b-1ca4-48ef-9f58-4c15081a39e9","event":"concept_relation.officialize_blocked","reason":"Official ConceptRelations require at least one reviewed EvidenceFragment or valid DecisionRecord.","schemaVersion":1}
{"durationMs":2.72,"event":"http.request.completed","method":"POST","path":"/v1/concept-relations/0a51722b-1ca4-48ef-9f58-4c15081a39e9/officialize","requestId":"e3c2bd3f-9e8b-4d01-a383-f8cc6edfe774","schemaVersion":1,"statusCode":409}
HTTP Request: POST http://testserver/v1/concept-relations/0a51722b-1ca4-48ef-9f58-4c15081a39e9/officialize "HTTP/1.1 409 Conflict"
PASSED                                                                   [  2%]
tests/integration/test_concept_relations_api.py::test_relation_officialization_requires_both_concepts_official 
-------------------------------- live log setup --------------------------------
{"appEnv":"local","event":"app.persistence_configured","persistenceBackend":"InMemoryStore","productionMode":true,"schemaVersion":1}
{"event":"source.create_requested","productionEnabled":true,"schemaVersion":1,"sourceName":"Pilot Domain","sourceType":"manual"}
{"event":"source.created","productionEnabled":true,"schemaVersion":1,"sourceId":"2a312abb-197d-48a1-bc5c-7c103fd45b74","sourceName":"Pilot Domain","sourceType":"manual","status":"connected"}
{"durationMs":24.61,"event":"http.request.completed","method":"POST","path":"/v1/sources","requestId":"85553024-9ed2-47bb-9282-ad5a59c08a38","schemaVersion":1,"statusCode":201}
HTTP Request: POST http://testserver/v1/sources "HTTP/1.1 201 Created"
{"event":"source.sync_started","objectCount":1,"schemaVersion":1,"sourceId":"2a312abb-197d-48a1-bc5c-7c103fd45b74","sourceType":"manual","startedAt":"2026-04-30T07:13:53.682466+00:00"}
{"artifactId":"a3befcb3-9632-4a7b-b87a-309a06820b5b","event":"artifact.extracted","evidenceFragmentCount":2,"freshnessState":"fresh","schemaVersion":1,"sourceExternalId":"doc-1","sourceId":"2a312abb-197d-48a1-bc5c-7c103fd45b74"}
{"artifactCount":1,"artifactCreatedCount":1,"artifactReusedCount":0,"contentFreshnessState":"fresh","event":"source.sync_succeeded","evidenceFragmentCount":2,"freshnessState":"fresh","schemaVersion":1,"sourceId":"2a312abb-197d-48a1-bc5c-7c103fd45b74","sourceType":"manual","status":"connected","syncFreshnessState":"fresh","totalArtifactCount":1,"totalEvidenceFragmentCount":2}
{"durationMs":5.3,"event":"http.request.completed","method":"POST","path":"/v1/manual-sources/2a312abb-197d-48a1-bc5c-7c103fd45b74/sync","requestId":"f0d05c02-374a-4e03-84bf-6b8b94017ecf","schemaVersion":1,"statusCode":200}
HTTP Request: POST http://testserver/v1/manual-sources/2a312abb-197d-48a1-bc5c-7c103fd45b74/sync "HTTP/1.1 200 OK"
{"actor":"reviewer@example.com","auditEventId":"3cf296a2-0b31-47c8-8e35-acca35a3c37d","event":"evidence.reviewed","evidenceFragmentId":"8aed298e-3e1a-4fb5-b06f-07a0ab849d89","schemaVersion":1,"trustState":"reviewed"}
{"durationMs":3.38,"event":"http.request.completed","method":"POST","path":"/v1/evidence/8aed298e-3e1a-4fb5-b06f-07a0ab849d89/review","requestId":"d751a98a-6acf-4cc4-9322-f043eca86df9","schemaVersion":1,"statusCode":200}
HTTP Request: POST http://testserver/v1/evidence/8aed298e-3e1a-4fb5-b06f-07a0ab849d89/review "HTTP/1.1 200 OK"
-------------------------------- live log call ---------------------------------
{"actor":"reviewer@example.com","auditEventId":"47b54727-67c2-4347-b685-a6f1363047d8","conceptId":"c250e359-16a2-4c60-87ac-60b731a62afc","decisionRecordCount":0,"event":"concept.created","evidenceFragmentCount":1,"name":"Official Source","schemaVersion":1,"status":"candidate"}
{"durationMs":2.7,"event":"http.request.completed","method":"POST","path":"/v1/concepts","requestId":"b65fe158-a280-494a-a06d-710427de4897","schemaVersion":1,"statusCode":201}
HTTP Request: POST http://testserver/v1/concepts "HTTP/1.1 201 Created"
{"actor":"reviewer@example.com","conceptId":"c250e359-16a2-4c60-87ac-60b731a62afc","decisionRecordCount":0,"event":"concept.officialize_attempted","evidenceFragmentCount":1,"schemaVersion":1,"status":"candidate"}
{"actor":"reviewer@example.com","auditEventId":"0c36d2a7-2462-4e63-90c4-cc78baba2b5f","conceptId":"c250e359-16a2-4c60-87ac-60b731a62afc","event":"concept.officialized","schemaVersion":1,"status":"official"}
{"durationMs":4.96,"event":"http.request.completed","method":"POST","path":"/v1/concepts/c250e359-16a2-4c60-87ac-60b731a62afc/officialize","requestId":"8b0be8aa-aca5-41a3-ba07-ac91e08c13ec","schemaVersion":1,"statusCode":200}
HTTP Request: POST http://testserver/v1/concepts/c250e359-16a2-4c60-87ac-60b731a62afc/officialize "HTTP/1.1 200 OK"
{"actor":"reviewer@example.com","auditEventId":"372c8d58-8a02-4bfd-98c1-a5e14b9a447c","conceptId":"3f6bc690-a32e-4e3c-9c2f-54625634fe93","decisionRecordCount":0,"event":"concept.created","evidenceFragmentCount":1,"name":"Candidate Target","schemaVersion":1,"status":"candidate"}
{"durationMs":2.62,"event":"http.request.completed","method":"POST","path":"/v1/concepts","requestId":"1647c4f1-0bb4-4c03-8234-ea1b13afff25","schemaVersion":1,"statusCode":201}
HTTP Request: POST http://testserver/v1/concepts "HTTP/1.1 201 Created"
{"actor":"reviewer@example.com","auditEventId":"a36424f8-7d0d-4721-b3d3-c2b9f321ff9b","conceptRelationId":"20503c64-f890-4598-b1cc-8ba6b46cff77","event":"concept_relation.created","evidenceFragmentCount":1,"relationType":"depends_on","schemaVersion":1,"sourceConceptId":"c250e359-16a2-4c60-87ac-60b731a62afc","targetConceptId":"3f6bc690-a32e-4e3c-9c2f-54625634fe93"}
{"durationMs":3.13,"event":"http.request.completed","method":"POST","path":"/v1/concept-relations","requestId":"8772e35d-0870-41bf-9616-4ab2de93e81c","schemaVersion":1,"statusCode":201}
HTTP Request: POST http://testserver/v1/concept-relations "HTTP/1.1 201 Created"
{"actor":"reviewer@example.com","conceptRelationId":"20503c64-f890-4598-b1cc-8ba6b46cff77","decisionRecordId":null,"event":"concept_relation.officialize_attempted","evidenceFragmentCount":1,"schemaVersion":1,"status":"candidate"}
{"actor":"reviewer@example.com","conceptRelationId":"20503c64-f890-4598-b1cc-8ba6b46cff77","event":"concept_relation.officialize_blocked","reason":"Official ConceptRelations require both Concepts to be official.","schemaVersion":1}
{"durationMs":5.09,"event":"http.request.completed","method":"POST","path":"/v1/concept-relations/20503c64-f890-4598-b1cc-8ba6b46cff77/officialize","requestId":"23b06d4e-934c-495d-8221-bcba8fd9f46f","schemaVersion":1,"statusCode":409}
HTTP Request: POST http://testserver/v1/concept-relations/20503c64-f890-4598-b1cc-8ba6b46cff77/officialize "HTTP/1.1 409 Conflict"
PASSED                                                                   [  2%]
tests/integration/test_concept_relations_api.py::test_unauthorized_reviewer_cannot_create_or_officialize_relation 
-------------------------------- live log setup --------------------------------
{"appEnv":"local","event":"app.persistence_configured","persistenceBackend":"InMemoryStore","productionMode":true,"schemaVersion":1}
{"event":"source.create_requested","productionEnabled":true,"schemaVersion":1,"sourceName":"Pilot Domain","sourceType":"manual"}
{"event":"source.created","productionEnabled":true,"schemaVersion":1,"sourceId":"ab519278-e3f8-4d18-a662-e84bf14453c3","sourceName":"Pilot Domain","sourceType":"manual","status":"connected"}
{"durationMs":3.41,"event":"http.request.completed","method":"POST","path":"/v1/sources","requestId":"d9e43062-a99b-4f5e-9d33-b11c61426c26","schemaVersion":1,"statusCode":201}
HTTP Request: POST http://testserver/v1/sources "HTTP/1.1 201 Created"
{"event":"source.sync_started","objectCount":1,"schemaVersion":1,"sourceId":"ab519278-e3f8-4d18-a662-e84bf14453c3","sourceType":"manual","startedAt":"2026-04-30T07:13:53.776989+00:00"}
{"artifactId":"42ad83cf-7864-4f63-b663-299805558137","event":"artifact.extracted","evidenceFragmentCount":2,"freshnessState":"fresh","schemaVersion":1,"sourceExternalId":"doc-1","sourceId":"ab519278-e3f8-4d18-a662-e84bf14453c3"}
{"artifactCount":1,"artifactCreatedCount":1,"artifactReusedCount":0,"contentFreshnessState":"fresh","event":"source.sync_succeeded","evidenceFragmentCount":2,"freshnessState":"fresh","schemaVersion":1,"sourceId":"ab519278-e3f8-4d18-a662-e84bf14453c3","sourceType":"manual","status":"connected","syncFreshnessState":"fresh","totalArtifactCount":1,"totalEvidenceFragmentCount":2}
{"durationMs":4.51,"event":"http.request.completed","method":"POST","path":"/v1/manual-sources/ab519278-e3f8-4d18-a662-e84bf14453c3/sync","requestId":"96d64f0b-35a5-4c63-986b-3770084fd2f0","schemaVersion":1,"statusCode":200}
HTTP Request: POST http://testserver/v1/manual-sources/ab519278-e3f8-4d18-a662-e84bf14453c3/sync "HTTP/1.1 200 OK"
{"actor":"reviewer@example.com","auditEventId":"f5869a88-9916-47ef-ad30-5bb615a69767","event":"evidence.reviewed","evidenceFragmentId":"bc864bac-9103-4cf9-9bb8-508a77dfb3c9","schemaVersion":1,"trustState":"reviewed"}
{"durationMs":3.51,"event":"http.request.completed","method":"POST","path":"/v1/evidence/bc864bac-9103-4cf9-9bb8-508a77dfb3c9/review","requestId":"bcf8d186-6974-4d7b-9297-8db2e7a61e51","schemaVersion":1,"statusCode":200}
HTTP Request: POST http://testserver/v1/evidence/bc864bac-9103-4cf9-9bb8-508a77dfb3c9/review "HTTP/1.1 200 OK"
-------------------------------- live log call ---------------------------------
{"actor":"reviewer@example.com","auditEventId":"d7ea7123-34e6-4d4d-a816-67f47abbe37a","conceptId":"b3aa36a2-21b4-4879-ae86-63fab8165659","decisionRecordCount":0,"event":"concept.created","evidenceFragmentCount":1,"name":"Authorized Source","schemaVersion":1,"status":"candidate"}
{"durationMs":2.93,"event":"http.request.completed","method":"POST","path":"/v1/concepts","requestId":"52a04731-8ef0-4b4f-a79b-20e9b1659d12","schemaVersion":1,"statusCode":201}
HTTP Request: POST http://testserver/v1/concepts "HTTP/1.1 201 Created"
{"actor":"reviewer@example.com","conceptId":"b3aa36a2-21b4-4879-ae86-63fab8165659","decisionRecordCount":0,"event":"concept.officialize_attempted","evidenceFragmentCount":1,"schemaVersion":1,"status":"candidate"}
{"actor":"reviewer@example.com","auditEventId":"ae2bc7c2-6a91-46a5-aa58-5f62e7922278","conceptId":"b3aa36a2-21b4-4879-ae86-63fab8165659","event":"concept.officialized","schemaVersion":1,"status":"official"}
{"durationMs":3.38,"event":"http.request.completed","method":"POST","path":"/v1/concepts/b3aa36a2-21b4-4879-ae86-63fab8165659/officialize","requestId":"ee339448-8063-461a-b9fd-ced5358489e9","schemaVersion":1,"statusCode":200}
HTTP Request: POST http://testserver/v1/concepts/b3aa36a2-21b4-4879-ae86-63fab8165659/officialize "HTTP/1.1 200 OK"
{"actor":"reviewer@example.com","auditEventId":"da7655ea-5bc1-4a47-9246-16080c9f86e6","conceptId":"0e804812-46f3-4a9b-8a3b-1222ab62f63e","decisionRecordCount":0,"event":"concept.created","evidenceFragmentCount":1,"name":"Authorized Target","schemaVersion":1,"status":"candidate"}
{"durationMs":2.55,"event":"http.request.completed","method":"POST","path":"/v1/concepts","requestId":"2ee21676-4b30-476e-8596-cb1b2ec77fca","schemaVersion":1,"statusCode":201}
HTTP Request: POST http://testserver/v1/concepts "HTTP/1.1 201 Created"
{"actor":"reviewer@example.com","conceptId":"0e804812-46f3-4a9b-8a3b-1222ab62f63e","decisionRecordCount":0,"event":"concept.officialize_attempted","evidenceFragmentCount":1,"schemaVersion":1,"status":"candidate"}
{"actor":"reviewer@example.com","auditEventId":"8093e7f9-ae98-4c50-b7b9-6d5df21e8560","conceptId":"0e804812-46f3-4a9b-8a3b-1222ab62f63e","event":"concept.officialized","schemaVersion":1,"status":"official"}
{"durationMs":3.15,"event":"http.request.completed","method":"POST","path":"/v1/concepts/0e804812-46f3-4a9b-8a3b-1222ab62f63e/officialize","requestId":"0bff95b6-be84-4698-8602-e2fb53fbb26a","schemaVersion":1,"statusCode":200}
HTTP Request: POST http://testserver/v1/concepts/0e804812-46f3-4a9b-8a3b-1222ab62f63e/officialize "HTTP/1.1 200 OK"
{"actor":"random@example.com","event":"concept_relation.create_blocked","reason":"reviewer_not_authorized","schemaVersion":1}
{"durationMs":2.58,"event":"http.request.completed","method":"POST","path":"/v1/concept-relations","requestId":"353e3f7e-1926-41c7-b6fc-56976c77435c","schemaVersion":1,"statusCode":403}
HTTP Request: POST http://testserver/v1/concept-relations "HTTP/1.1 403 Forbidden"
{"actor":"reviewer@example.com","auditEventId":"db33d96d-4f12-43ea-bc8f-36d6e10ccbfa","conceptRelationId":"027b09b1-6afc-4e0f-b7f8-d518fc9e9f7c","event":"concept_relation.created","evidenceFragmentCount":1,"relationType":"depends_on","schemaVersion":1,"sourceConceptId":"b3aa36a2-21b4-4879-ae86-63fab8165659","targetConceptId":"0e804812-46f3-4a9b-8a3b-1222ab62f63e"}
{"durationMs":3.46,"event":"http.request.completed","method":"POST","path":"/v1/concept-relations","requestId":"1e96dc3d-8ab1-4c12-9a9c-a8f4e8051e12","schemaVersion":1,"statusCode":201}
HTTP Request: POST http://testserver/v1/concept-relations "HTTP/1.1 201 Created"
{"actor":"random@example.com","conceptRelationId":"027b09b1-6afc-4e0f-b7f8-d518fc9e9f7c","decisionRecordId":null,"event":"concept_relation.officialize_attempted","evidenceFragmentCount":1,"schemaVersion":1,"status":"candidate"}
{"actor":"random@example.com","conceptRelationId":"027b09b1-6afc-4e0f-b7f8-d518fc9e9f7c","event":"concept_relation.officialize_blocked","reason":"Reviewer is not authorized: random@example.com","schemaVersion":1}
{"durationMs":2.88,"event":"http.request.completed","method":"POST","path":"/v1/concept-relations/027b09b1-6afc-4e0f-b7f8-d518fc9e9f7c/officialize","requestId":"f9281579-bc3d-4b11-8361-1c7e4874fad3","schemaVersion":1,"statusCode":403}
HTTP Request: POST http://testserver/v1/concept-relations/027b09b1-6afc-4e0f-b7f8-d518fc9e9f7c/officialize "HTTP/1.1 403 Forbidden"
PASSED                                                                   [  3%]
tests/integration/test_concept_relations_api.py::test_relation_route_reports_missing_relation_evidence_and_decision_record 
-------------------------------- live log setup --------------------------------
{"appEnv":"local","event":"app.persistence_configured","persistenceBackend":"InMemoryStore","productionMode":true,"schemaVersion":1}
{"event":"source.create_requested","productionEnabled":true,"schemaVersion":1,"sourceName":"Pilot Domain","sourceType":"manual"}
{"event":"source.created","productionEnabled":true,"schemaVersion":1,"sourceId":"661e694c-3205-4de0-a7c4-15bd0ff0108d","sourceName":"Pilot Domain","sourceType":"manual","status":"connected"}
{"durationMs":3.29,"event":"http.request.completed","method":"POST","path":"/v1/sources","requestId":"6a03ba64-65ea-4bde-81de-6bc97aa364e2","schemaVersion":1,"statusCode":201}
HTTP Request: POST http://testserver/v1/sources "HTTP/1.1 201 Created"
{"event":"source.sync_started","objectCount":1,"schemaVersion":1,"sourceId":"661e694c-3205-4de0-a7c4-15bd0ff0108d","sourceType":"manual","startedAt":"2026-04-30T07:13:53.885160+00:00"}
{"artifactId":"96d6ecb6-81bc-49f4-be1c-f0c5d47959b5","event":"artifact.extracted","evidenceFragmentCount":2,"freshnessState":"fresh","schemaVersion":1,"sourceExternalId":"doc-1","sourceId":"661e694c-3205-4de0-a7c4-15bd0ff0108d"}
{"artifactCount":1,"artifactCreatedCount":1,"artifactReusedCount":0,"contentFreshnessState":"fresh","event":"source.sync_succeeded","evidenceFragmentCount":2,"freshnessState":"fresh","schemaVersion":1,"sourceId":"661e694c-3205-4de0-a7c4-15bd0ff0108d","sourceType":"manual","status":"connected","syncFreshnessState":"fresh","totalArtifactCount":1,"totalEvidenceFragmentCount":2}
{"durationMs":5.55,"event":"http.request.completed","method":"POST","path":"/v1/manual-sources/661e694c-3205-4de0-a7c4-15bd0ff0108d/sync","requestId":"6ada1988-6fe3-4d56-b852-b6e3a90009a9","schemaVersion":1,"statusCode":200}
HTTP Request: POST http://testserver/v1/manual-sources/661e694c-3205-4de0-a7c4-15bd0ff0108d/sync "HTTP/1.1 200 OK"
{"actor":"reviewer@example.com","auditEventId":"9d374a6d-f2d2-4bf5-bb64-0046fdb2e2ea","event":"evidence.reviewed","evidenceFragmentId":"8d6056a5-fed0-4483-a736-6be3c1fc2c19","schemaVersion":1,"trustState":"reviewed"}
{"durationMs":2.84,"event":"http.request.completed","method":"POST","path":"/v1/evidence/8d6056a5-fed0-4483-a736-6be3c1fc2c19/review","requestId":"4c06cb2e-3994-427b-9ce0-fb5d4903f580","schemaVersion":1,"statusCode":200}
HTTP Request: POST http://testserver/v1/evidence/8d6056a5-fed0-4483-a736-6be3c1fc2c19/review "HTTP/1.1 200 OK"
-------------------------------- live log call ---------------------------------
{"actor":"reviewer@example.com","auditEventId":"93061f2e-6705-4091-91f4-ca5620a18ed1","conceptId":"7ae85e70-2502-4156-8a82-6f1b2785be9d","decisionRecordCount":0,"event":"concept.created","evidenceFragmentCount":1,"name":"Missing Source","schemaVersion":1,"status":"candidate"}
{"durationMs":2.52,"event":"http.request.completed","method":"POST","path":"/v1/concepts","requestId":"a3e8e9ba-b190-41f4-b92c-1bd5f5751154","schemaVersion":1,"statusCode":201}
HTTP Request: POST http://testserver/v1/concepts "HTTP/1.1 201 Created"
{"actor":"reviewer@example.com","conceptId":"7ae85e70-2502-4156-8a82-6f1b2785be9d","decisionRecordCount":0,"event":"concept.officialize_attempted","evidenceFragmentCount":1,"schemaVersion":1,"status":"candidate"}
{"actor":"reviewer@example.com","auditEventId":"20969e1e-9053-45b9-94d0-a3a66d97fae3","conceptId":"7ae85e70-2502-4156-8a82-6f1b2785be9d","event":"concept.officialized","schemaVersion":1,"status":"official"}
{"durationMs":2.68,"event":"http.request.completed","method":"POST","path":"/v1/concepts/7ae85e70-2502-4156-8a82-6f1b2785be9d/officialize","requestId":"161b2b53-c807-4acc-8c74-692b0d69f54a","schemaVersion":1,"statusCode":200}
HTTP Request: POST http://testserver/v1/concepts/7ae85e70-2502-4156-8a82-6f1b2785be9d/officialize "HTTP/1.1 200 OK"
{"actor":"reviewer@example.com","auditEventId":"9562a207-8d71-444c-ba0e-6d6080e08b07","conceptId":"f8520a9f-0113-4f67-9d5d-e21d8207ac0d","decisionRecordCount":0,"event":"concept.created","evidenceFragmentCount":1,"name":"Missing Target","schemaVersion":1,"status":"candidate"}
{"durationMs":3.17,"event":"http.request.completed","method":"POST","path":"/v1/concepts","requestId":"6e0de287-5337-4495-ab5e-60415c5bc89b","schemaVersion":1,"statusCode":201}
HTTP Request: POST http://testserver/v1/concepts "HTTP/1.1 201 Created"
{"actor":"reviewer@example.com","conceptId":"f8520a9f-0113-4f67-9d5d-e21d8207ac0d","decisionRecordCount":0,"event":"concept.officialize_attempted","evidenceFragmentCount":1,"schemaVersion":1,"status":"candidate"}
{"actor":"reviewer@example.com","auditEventId":"52741c7e-8801-4f02-9e69-c4c4700b7d93","conceptId":"f8520a9f-0113-4f67-9d5d-e21d8207ac0d","event":"concept.officialized","schemaVersion":1,"status":"official"}
{"durationMs":8.55,"event":"http.request.completed","method":"POST","path":"/v1/concepts/f8520a9f-0113-4f67-9d5d-e21d8207ac0d/officialize","requestId":"46eb0740-2d00-4d54-9fa1-69500bf4fe9e","schemaVersion":1,"statusCode":200}
HTTP Request: POST http://testserver/v1/concepts/f8520a9f-0113-4f67-9d5d-e21d8207ac0d/officialize "HTTP/1.1 200 OK"
{"durationMs":1.22,"event":"http.request.completed","method":"GET","path":"/v1/concept-relations/missing-relation-id","requestId":"93b2d0d2-4944-46df-9430-d305b075d2c8","schemaVersion":1,"statusCode":404}
HTTP Request: GET http://testserver/v1/concept-relations/missing-relation-id "HTTP/1.1 404 Not Found"
{"event":"concept_relation.create_blocked","evidenceFragmentId":"missing-evidence-id","reason":"evidence_not_found","schemaVersion":1}
{"durationMs":2.12,"event":"http.request.completed","method":"POST","path":"/v1/concept-relations","requestId":"3777bb5a-9e5b-4fa2-bcb9-491068e6c137","schemaVersion":1,"statusCode":404}
HTTP Request: POST http://testserver/v1/concept-relations "HTTP/1.1 404 Not Found"
{"durationMs":1.9,"event":"http.request.completed","method":"POST","path":"/v1/concept-relations","requestId":"5d86099e-443b-43a7-8ae2-8f3a027f8254","schemaVersion":1,"statusCode":404}
HTTP Request: POST http://testserver/v1/concept-relations "HTTP/1.1 404 Not Found"
PASSED                                                                   [  3%]
tests/integration/test_concept_relations_api.py::test_relation_can_be_officialized_with_valid_decision_record_support 
-------------------------------- live log setup --------------------------------
{"appEnv":"local","event":"app.persistence_configured","persistenceBackend":"InMemoryStore","productionMode":true,"schemaVersion":1}
{"event":"source.create_requested","productionEnabled":true,"schemaVersion":1,"sourceName":"Pilot Domain","sourceType":"manual"}
{"event":"source.created","productionEnabled":true,"schemaVersion":1,"sourceId":"9d579f82-200e-4da7-8906-752245634dee","sourceName":"Pilot Domain","sourceType":"manual","status":"connected"}
{"durationMs":3.97,"event":"http.request.completed","method":"POST","path":"/v1/sources","requestId":"fe4fc4ec-2501-4009-abaa-77a1d3d6b15d","schemaVersion":1,"statusCode":201}
HTTP Request: POST http://testserver/v1/sources "HTTP/1.1 201 Created"
{"event":"source.sync_started","objectCount":1,"schemaVersion":1,"sourceId":"9d579f82-200e-4da7-8906-752245634dee","sourceType":"manual","startedAt":"2026-04-30T07:13:53.993276+00:00"}
{"artifactId":"40383c0c-37b5-4dd5-9008-0dab2d86b055","event":"artifact.extracted","evidenceFragmentCount":2,"freshnessState":"fresh","schemaVersion":1,"sourceExternalId":"doc-1","sourceId":"9d579f82-200e-4da7-8906-752245634dee"}
{"artifactCount":1,"artifactCreatedCount":1,"artifactReusedCount":0,"contentFreshnessState":"fresh","event":"source.sync_succeeded","evidenceFragmentCount":2,"freshnessState":"fresh","schemaVersion":1,"sourceId":"9d579f82-200e-4da7-8906-752245634dee","sourceType":"manual","status":"connected","syncFreshnessState":"fresh","totalArtifactCount":1,"totalEvidenceFragmentCount":2}
{"durationMs":3.18,"event":"http.request.completed","method":"POST","path":"/v1/manual-sources/9d579f82-200e-4da7-8906-752245634dee/sync","requestId":"3df728a9-d291-461d-a4c4-4b44f3e7f50a","schemaVersion":1,"statusCode":200}
HTTP Request: POST http://testserver/v1/manual-sources/9d579f82-200e-4da7-8906-752245634dee/sync "HTTP/1.1 200 OK"
{"actor":"reviewer@example.com","auditEventId":"fbeaa18b-b91a-4994-9668-aff8f611fc6c","event":"evidence.reviewed","evidenceFragmentId":"7a42b78e-5327-4fe7-ae15-650a94d99341","schemaVersion":1,"trustState":"reviewed"}
{"durationMs":3.18,"event":"http.request.completed","method":"POST","path":"/v1/evidence/7a42b78e-5327-4fe7-ae15-650a94d99341/review","requestId":"115fb809-9251-423a-8524-859e24ca4423","schemaVersion":1,"statusCode":200}
HTTP Request: POST http://testserver/v1/evidence/7a42b78e-5327-4fe7-ae15-650a94d99341/review "HTTP/1.1 200 OK"
-------------------------------- live log call ---------------------------------
{"actor":"reviewer@example.com","auditEventId":"5f7e7081-f3c6-4678-aabf-8fb82fa9e15e","conceptId":"1377209f-7ae0-428c-a17e-7f570f9c02a4","decisionRecordCount":0,"event":"concept.created","evidenceFragmentCount":1,"name":"Decision Source","schemaVersion":1,"status":"candidate"}
{"durationMs":3.19,"event":"http.request.completed","method":"POST","path":"/v1/concepts","requestId":"b3197e8c-27e6-47af-8b88-dd8a08511d68","schemaVersion":1,"statusCode":201}
HTTP Request: POST http://testserver/v1/concepts "HTTP/1.1 201 Created"
{"actor":"reviewer@example.com","conceptId":"1377209f-7ae0-428c-a17e-7f570f9c02a4","decisionRecordCount":0,"event":"concept.officialize_attempted","evidenceFragmentCount":1,"schemaVersion":1,"status":"candidate"}
{"actor":"reviewer@example.com","auditEventId":"fed1d5bb-4721-41e0-91ca-30d6a9cf4127","conceptId":"1377209f-7ae0-428c-a17e-7f570f9c02a4","event":"concept.officialized","schemaVersion":1,"status":"official"}
{"durationMs":3.01,"event":"http.request.completed","method":"POST","path":"/v1/concepts/1377209f-7ae0-428c-a17e-7f570f9c02a4/officialize","requestId":"bce7e682-f75b-431b-abca-19cc7e089842","schemaVersion":1,"statusCode":200}
HTTP Request: POST http://testserver/v1/concepts/1377209f-7ae0-428c-a17e-7f570f9c02a4/officialize "HTTP/1.1 200 OK"
{"actor":"reviewer@example.com","auditEventId":"c083f6d4-5c7e-499d-bd5e-4d791f2da052","conceptId":"eeb60b92-197c-4d2f-8df4-31299ce8c83f","decisionRecordCount":0,"event":"concept.created","evidenceFragmentCount":1,"name":"Decision Target","schemaVersion":1,"status":"candidate"}
{"durationMs":2.37,"event":"http.request.completed","method":"POST","path":"/v1/concepts","requestId":"8182f40d-6760-4c4b-804b-6b3ac647f1e5","schemaVersion":1,"statusCode":201}
HTTP Request: POST http://testserver/v1/concepts "HTTP/1.1 201 Created"
{"actor":"reviewer@example.com","conceptId":"eeb60b92-197c-4d2f-8df4-31299ce8c83f","decisionRecordCount":0,"event":"concept.officialize_attempted","evidenceFragmentCount":1,"schemaVersion":1,"status":"candidate"}
{"actor":"reviewer@example.com","auditEventId":"7b4ef44d-65b0-4ba6-bc57-b53550997727","conceptId":"eeb60b92-197c-4d2f-8df4-31299ce8c83f","event":"concept.officialized","schemaVersion":1,"status":"official"}
{"durationMs":3.09,"event":"http.request.completed","method":"POST","path":"/v1/concepts/eeb60b92-197c-4d2f-8df4-31299ce8c83f/officialize","requestId":"1e539725-6d51-4786-8e39-61f0387d7b09","schemaVersion":1,"statusCode":200}
HTTP Request: POST http://testserver/v1/concepts/eeb60b92-197c-4d2f-8df4-31299ce8c83f/officialize "HTTP/1.1 200 OK"
{"actor":"reviewer@example.com","auditEventId":"203660f7-13cf-47c7-b5d3-af77da61b432","decisionRecordId":"b207f31f-f3eb-432f-af5c-b3adbae84c6d","event":"decision_record.created","evidenceFragmentCount":1,"schemaVersion":1}
{"durationMs":3.45,"event":"http.request.completed","method":"POST","path":"/v1/decision-records","requestId":"ca60a4fb-6013-42c4-9af1-67f3ba9b3a36","schemaVersion":1,"statusCode":201}
HTTP Request: POST http://testserver/v1/decision-records "HTTP/1.1 201 Created"
{"actor":"reviewer@example.com","auditEventId":"acc020b6-f0b5-43cb-bd5f-0d8d5be7f895","conceptRelationId":"f23cd3f2-690d-4385-b6a5-5c15070db6db","event":"concept_relation.created","evidenceFragmentCount":0,"relationType":"governed_by","schemaVersion":1,"sourceConceptId":"1377209f-7ae0-428c-a17e-7f570f9c02a4","targetConceptId":"eeb60b92-197c-4d2f-8df4-31299ce8c83f"}
{"durationMs":3.02,"event":"http.request.completed","method":"POST","path":"/v1/concept-relations","requestId":"a3c9522c-a5da-4fde-8a94-e7d5ab6fbdb0","schemaVersion":1,"statusCode":201}
HTTP Request: POST http://testserver/v1/concept-relations "HTTP/1.1 201 Created"
{"actor":"reviewer@example.com","conceptRelationId":"f23cd3f2-690d-4385-b6a5-5c15070db6db","decisionRecordId":"b207f31f-f3eb-432f-af5c-b3adbae84c6d","event":"concept_relation.officialize_attempted","evidenceFragmentCount":0,"schemaVersion":1,"status":"candidate"}
{"actor":"reviewer@example.com","auditEventId":"af45eeb2-dc88-4357-921a-971c3e1a2b5b","conceptRelationId":"f23cd3f2-690d-4385-b6a5-5c15070db6db","event":"concept_relation.officialized","schemaVersion":1,"status":"official"}
{"durationMs":2.92,"event":"http.request.completed","method":"POST","path":"/v1/concept-relations/f23cd3f2-690d-4385-b6a5-5c15070db6db/officialize","requestId":"4b6bcc97-a1f9-4a15-ab88-5dccd431133c","schemaVersion":1,"statusCode":200}
HTTP Request: POST http://testserver/v1/concept-relations/f23cd3f2-690d-4385-b6a5-5c15070db6db/officialize "HTTP/1.1 200 OK"
PASSED                                                                   [  4%]
tests/integration/test_concepts_api.py::test_officialization_without_support_returns_conflict 
-------------------------------- live log setup --------------------------------
{"appEnv":"local","event":"app.persistence_configured","persistenceBackend":"InMemoryStore","productionMode":true,"schemaVersion":1}
-------------------------------- live log call ---------------------------------
{"actor":"reviewer@example.com","auditEventId":"842bb252-365f-422b-84b5-a1b060a96293","conceptId":"9f222921-3736-4e51-91dd-ee4c9b4ed1ad","decisionRecordCount":0,"event":"concept.created","evidenceFragmentCount":0,"name":"Unsupported Concept","schemaVersion":1,"status":"candidate"}
{"durationMs":2.74,"event":"http.request.completed","method":"POST","path":"/v1/concepts","requestId":"f1e4cfd0-0d56-4d71-9e00-a156d43e714d","schemaVersion":1,"statusCode":201}
HTTP Request: POST http://testserver/v1/concepts "HTTP/1.1 201 Created"
{"actor":"reviewer@example.com","conceptId":"9f222921-3736-4e51-91dd-ee4c9b4ed1ad","decisionRecordCount":0,"event":"concept.officialize_attempted","evidenceFragmentCount":0,"schemaVersion":1,"status":"candidate"}
{"actor":"reviewer@example.com","conceptId":"9f222921-3736-4e51-91dd-ee4c9b4ed1ad","event":"concept.officialize_blocked","reason":"Official Concepts require at least one reviewed EvidenceFragment or valid DecisionRecord.","schemaVersion":1,"status":"candidate"}
{"durationMs":2.58,"event":"http.request.completed","method":"POST","path":"/v1/concepts/9f222921-3736-4e51-91dd-ee4c9b4ed1ad/officialize","requestId":"d18ba2f5-6bf7-4f36-bb25-9a72f5775309","schemaVersion":1,"statusCode":409}
HTTP Request: POST http://testserver/v1/concepts/9f222921-3736-4e51-91dd-ee4c9b4ed1ad/officialize "HTTP/1.1 409 Conflict"
PASSED                                                                   [  4%]
tests/integration/test_concepts_api.py::test_create_and_officialize_supported_concept 
-------------------------------- live log setup --------------------------------
{"appEnv":"local","event":"app.persistence_configured","persistenceBackend":"InMemoryStore","productionMode":true,"schemaVersion":1}
{"event":"source.create_requested","productionEnabled":true,"schemaVersion":1,"sourceName":"Pilot Domain","sourceType":"manual"}
{"event":"source.created","productionEnabled":true,"schemaVersion":1,"sourceId":"6870e66f-bf1d-44df-952d-db8ed7f2c0fd","sourceName":"Pilot Domain","sourceType":"manual","status":"connected"}
{"durationMs":2.64,"event":"http.request.completed","method":"POST","path":"/v1/sources","requestId":"f5174f52-7cda-4a1e-8029-9ab760fee1d5","schemaVersion":1,"statusCode":201}
HTTP Request: POST http://testserver/v1/sources "HTTP/1.1 201 Created"
{"event":"source.sync_started","objectCount":1,"schemaVersion":1,"sourceId":"6870e66f-bf1d-44df-952d-db8ed7f2c0fd","sourceType":"manual","startedAt":"2026-04-30T07:13:54.151525+00:00"}
{"artifactId":"6ac6d2aa-a8b0-4323-b957-5015c7c3e6aa","event":"artifact.extracted","evidenceFragmentCount":2,"freshnessState":"fresh","schemaVersion":1,"sourceExternalId":"doc-1","sourceId":"6870e66f-bf1d-44df-952d-db8ed7f2c0fd"}
{"artifactCount":1,"artifactCreatedCount":1,"artifactReusedCount":0,"contentFreshnessState":"fresh","event":"source.sync_succeeded","evidenceFragmentCount":2,"freshnessState":"fresh","schemaVersion":1,"sourceId":"6870e66f-bf1d-44df-952d-db8ed7f2c0fd","sourceType":"manual","status":"connected","syncFreshnessState":"fresh","totalArtifactCount":1,"totalEvidenceFragmentCount":2}
{"durationMs":4.36,"event":"http.request.completed","method":"POST","path":"/v1/manual-sources/6870e66f-bf1d-44df-952d-db8ed7f2c0fd/sync","requestId":"5878161a-8c14-42c6-8470-6565a402dc74","schemaVersion":1,"statusCode":200}
HTTP Request: POST http://testserver/v1/manual-sources/6870e66f-bf1d-44df-952d-db8ed7f2c0fd/sync "HTTP/1.1 200 OK"
{"actor":"reviewer@example.com","auditEventId":"4275b84e-fe88-4500-a364-0bab6750ec98","event":"evidence.reviewed","evidenceFragmentId":"f38bbfc5-0057-4923-97f0-c0804bbdd24e","schemaVersion":1,"trustState":"reviewed"}
{"durationMs":2.91,"event":"http.request.completed","method":"POST","path":"/v1/evidence/f38bbfc5-0057-4923-97f0-c0804bbdd24e/review","requestId":"fea5edb9-90f8-4bb9-8338-ce1d9ea24ac2","schemaVersion":1,"statusCode":200}
HTTP Request: POST http://testserver/v1/evidence/f38bbfc5-0057-4923-97f0-c0804bbdd24e/review "HTTP/1.1 200 OK"
-------------------------------- live log call ---------------------------------
{"actor":"reviewer@example.com","auditEventId":"0b9496d3-60d3-4a27-9611-10aed6edaee7","conceptId":"3f7fe0a3-bc47-4a6c-8550-376a1fa6e8d1","decisionRecordCount":0,"event":"concept.created","evidenceFragmentCount":1,"name":"Cornerstone","schemaVersion":1,"status":"candidate"}
{"durationMs":2.86,"event":"http.request.completed","method":"POST","path":"/v1/concepts","requestId":"6d779b84-ed7b-4e41-8b2e-4397672c7205","schemaVersion":1,"statusCode":201}
HTTP Request: POST http://testserver/v1/concepts "HTTP/1.1 201 Created"
{"actor":"reviewer@example.com","conceptId":"3f7fe0a3-bc47-4a6c-8550-376a1fa6e8d1","decisionRecordCount":0,"event":"concept.officialize_attempted","evidenceFragmentCount":1,"schemaVersion":1,"status":"candidate"}
{"actor":"reviewer@example.com","auditEventId":"d5cd0a1d-e6f6-48ba-a6ee-d841d0a1e9f5","conceptId":"3f7fe0a3-bc47-4a6c-8550-376a1fa6e8d1","event":"concept.officialized","schemaVersion":1,"status":"official"}
{"durationMs":3.1,"event":"http.request.completed","method":"POST","path":"/v1/concepts/3f7fe0a3-bc47-4a6c-8550-376a1fa6e8d1/officialize","requestId":"3521aa58-c02c-4a70-9d78-616825fe5d9b","schemaVersion":1,"statusCode":200}
HTTP Request: POST http://testserver/v1/concepts/3f7fe0a3-bc47-4a6c-8550-376a1fa6e8d1/officialize "HTTP/1.1 200 OK"
PASSED                                                                   [  4%]
tests/integration/test_concepts_api.py::test_officialization_with_unreviewed_evidence_returns_conflict 
-------------------------------- live log setup --------------------------------
{"appEnv":"local","event":"app.persistence_configured","persistenceBackend":"InMemoryStore","productionMode":true,"schemaVersion":1}
-------------------------------- live log call ---------------------------------
{"event":"source.create_requested","productionEnabled":true,"schemaVersion":1,"sourceName":"Manual Pilot","sourceType":"manual"}
{"event":"source.created","productionEnabled":true,"schemaVersion":1,"sourceId":"d967cd23-802b-434e-ad72-32281a9c80d0","sourceName":"Manual Pilot","sourceType":"manual","status":"connected"}
{"durationMs":2.89,"event":"http.request.completed","method":"POST","path":"/v1/sources","requestId":"756c9470-056a-4bf1-bc22-e528cd752e0a","schemaVersion":1,"statusCode":201}
HTTP Request: POST http://testserver/v1/sources "HTTP/1.1 201 Created"
{"event":"source.sync_started","objectCount":1,"schemaVersion":1,"sourceId":"d967cd23-802b-434e-ad72-32281a9c80d0","sourceType":"manual","startedAt":"2026-04-30T07:13:54.244757+00:00"}
{"artifactId":"d8e57409-dd76-4bbe-9a62-46b0e1aaeb52","event":"artifact.extracted","evidenceFragmentCount":1,"freshnessState":"fresh","schemaVersion":1,"sourceExternalId":"doc-1","sourceId":"d967cd23-802b-434e-ad72-32281a9c80d0"}
{"artifactCount":1,"artifactCreatedCount":1,"artifactReusedCount":0,"contentFreshnessState":"fresh","event":"source.sync_succeeded","evidenceFragmentCount":1,"freshnessState":"fresh","schemaVersion":1,"sourceId":"d967cd23-802b-434e-ad72-32281a9c80d0","sourceType":"manual","status":"connected","syncFreshnessState":"fresh","totalArtifactCount":1,"totalEvidenceFragmentCount":1}
{"durationMs":119.56,"event":"http.request.completed","method":"POST","path":"/v1/manual-sources/d967cd23-802b-434e-ad72-32281a9c80d0/sync","requestId":"5d07df57-23e2-45fb-96a1-1e943f0abf99","schemaVersion":1,"statusCode":200}
HTTP Request: POST http://testserver/v1/manual-sources/d967cd23-802b-434e-ad72-32281a9c80d0/sync "HTTP/1.1 200 OK"
{"actor":"reviewer@example.com","auditEventId":"486e3143-dcaf-4cca-9b48-6cea0d0d7687","conceptId":"6240e4d1-ab82-473f-ab64-46e2142a8d0d","decisionRecordCount":0,"event":"concept.created","evidenceFragmentCount":1,"name":"Cornerstone","schemaVersion":1,"status":"candidate"}
{"durationMs":2.37,"event":"http.request.completed","method":"POST","path":"/v1/concepts","requestId":"9727f255-c608-4b1c-8d81-dd08a2819b75","schemaVersion":1,"statusCode":201}
HTTP Request: POST http://testserver/v1/concepts "HTTP/1.1 201 Created"
{"actor":"reviewer@example.com","conceptId":"6240e4d1-ab82-473f-ab64-46e2142a8d0d","decisionRecordCount":0,"event":"concept.officialize_attempted","evidenceFragmentCount":1,"schemaVersion":1,"status":"candidate"}
{"actor":"reviewer@example.com","conceptId":"6240e4d1-ab82-473f-ab64-46e2142a8d0d","event":"concept.officialize_blocked","reason":"EvidenceFragment must be reviewed before officialization: 4765e9f6-eafd-4733-9388-03910e53a504","schemaVersion":1,"status":"candidate"}
{"durationMs":2.36,"event":"http.request.completed","method":"POST","path":"/v1/concepts/6240e4d1-ab82-473f-ab64-46e2142a8d0d/officialize","requestId":"968d47cd-7ed4-4741-bd01-47791e4187ef","schemaVersion":1,"statusCode":409}
HTTP Request: POST http://testserver/v1/concepts/6240e4d1-ab82-473f-ab64-46e2142a8d0d/officialize "HTTP/1.1 409 Conflict"
PASSED                                                                   [  5%]
tests/integration/test_concepts_api.py::test_non_production_source_evidence_cannot_officialize 
-------------------------------- live log setup --------------------------------
{"appEnv":"local","event":"app.persistence_configured","persistenceBackend":"InMemoryStore","productionMode":true,"schemaVersion":1}
-------------------------------- live log call ---------------------------------
{"event":"source.create_requested","productionEnabled":false,"schemaVersion":1,"sourceName":"Demo Manual","sourceType":"manual"}
{"event":"source.created","productionEnabled":false,"schemaVersion":1,"sourceId":"6b28dc65-ec28-45b6-b80b-4ef668a2a7c6","sourceName":"Demo Manual","sourceType":"manual","status":"connected"}
{"durationMs":2.84,"event":"http.request.completed","method":"POST","path":"/v1/sources","requestId":"1d70d9da-810e-4000-a820-9b9c73d46dbf","schemaVersion":1,"statusCode":201}
HTTP Request: POST http://testserver/v1/sources "HTTP/1.1 201 Created"
{"event":"source.sync_started","objectCount":1,"schemaVersion":1,"sourceId":"6b28dc65-ec28-45b6-b80b-4ef668a2a7c6","sourceType":"manual","startedAt":"2026-04-30T07:13:54.430252+00:00"}
{"artifactId":"ed2eddce-236c-4551-8b84-96c6abf1f7d3","event":"artifact.extracted","evidenceFragmentCount":1,"freshnessState":"fresh","schemaVersion":1,"sourceExternalId":"demo-doc-1","sourceId":"6b28dc65-ec28-45b6-b80b-4ef668a2a7c6"}
{"artifactCount":1,"artifactCreatedCount":1,"artifactReusedCount":0,"contentFreshnessState":"fresh","event":"source.sync_succeeded","evidenceFragmentCount":1,"freshnessState":"fresh","schemaVersion":1,"sourceId":"6b28dc65-ec28-45b6-b80b-4ef668a2a7c6","sourceType":"manual","status":"connected","syncFreshnessState":"fresh","totalArtifactCount":1,"totalEvidenceFragmentCount":1}
{"durationMs":3.34,"event":"http.request.completed","method":"POST","path":"/v1/manual-sources/6b28dc65-ec28-45b6-b80b-4ef668a2a7c6/sync","requestId":"cc10b45c-710a-4949-bdd7-0e367cdaddcb","schemaVersion":1,"statusCode":200}
HTTP Request: POST http://testserver/v1/manual-sources/6b28dc65-ec28-45b6-b80b-4ef668a2a7c6/sync "HTTP/1.1 200 OK"
{"actor":"reviewer@example.com","auditEventId":"ac640be3-426d-4d30-bad7-9357ebe665e6","event":"evidence.reviewed","evidenceFragmentId":"d298d6b2-c265-4190-a936-0865b5c48897","schemaVersion":1,"trustState":"reviewed"}
{"durationMs":2.48,"event":"http.request.completed","method":"POST","path":"/v1/evidence/d298d6b2-c265-4190-a936-0865b5c48897/review","requestId":"1c12c3b8-50a3-49f6-8fa9-0a053fe4d0d6","schemaVersion":1,"statusCode":200}
HTTP Request: POST http://testserver/v1/evidence/d298d6b2-c265-4190-a936-0865b5c48897/review "HTTP/1.1 200 OK"
{"actor":"reviewer@example.com","auditEventId":"98fa5841-5537-4ce3-a08f-f4f62753c2c9","conceptId":"03beaf36-674b-4cd0-83ff-158ed55e9e46","decisionRecordCount":0,"event":"concept.created","evidenceFragmentCount":1,"name":"Demo Concept","schemaVersion":1,"status":"candidate"}
{"durationMs":2.98,"event":"http.request.completed","method":"POST","path":"/v1/concepts","requestId":"31b29874-7ab1-4a30-be74-524b9cedac7a","schemaVersion":1,"statusCode":201}
HTTP Request: POST http://testserver/v1/concepts "HTTP/1.1 201 Created"
{"actor":"reviewer@example.com","conceptId":"03beaf36-674b-4cd0-83ff-158ed55e9e46","decisionRecordCount":0,"event":"concept.officialize_attempted","evidenceFragmentCount":1,"schemaVersion":1,"status":"candidate"}
{"actor":"reviewer@example.com","conceptId":"03beaf36-674b-4cd0-83ff-158ed55e9e46","event":"concept.officialize_blocked","reason":"EvidenceFragment comes from a non-production source: d298d6b2-c265-4190-a936-0865b5c48897","schemaVersion":1,"status":"candidate"}
{"durationMs":2.2,"event":"http.request.completed","method":"POST","path":"/v1/concepts/03beaf36-674b-4cd0-83ff-158ed55e9e46/officialize","requestId":"f68d0057-7a9e-45af-966a-322fadaef63a","schemaVersion":1,"statusCode":409}
HTTP Request: POST http://testserver/v1/concepts/03beaf36-674b-4cd0-83ff-158ed55e9e46/officialize "HTTP/1.1 409 Conflict"
PASSED                                                                   [  5%]
tests/integration/test_concepts_api.py::test_unauthorized_reviewer_cannot_officialize 
-------------------------------- live log setup --------------------------------
{"appEnv":"local","event":"app.persistence_configured","persistenceBackend":"InMemoryStore","productionMode":true,"schemaVersion":1}
{"event":"source.create_requested","productionEnabled":true,"schemaVersion":1,"sourceName":"Pilot Domain","sourceType":"manual"}
{"event":"source.created","productionEnabled":true,"schemaVersion":1,"sourceId":"f2d98c23-1745-40bc-a8ce-f01dfc46e57d","sourceName":"Pilot Domain","sourceType":"manual","status":"connected"}
{"durationMs":2.95,"event":"http.request.completed","method":"POST","path":"/v1/sources","requestId":"67405b45-0831-49c0-8fe7-27a1f0875c77","schemaVersion":1,"statusCode":201}
HTTP Request: POST http://testserver/v1/sources "HTTP/1.1 201 Created"
{"event":"source.sync_started","objectCount":1,"schemaVersion":1,"sourceId":"f2d98c23-1745-40bc-a8ce-f01dfc46e57d","sourceType":"manual","startedAt":"2026-04-30T07:13:54.500256+00:00"}
{"artifactId":"17030cac-c20d-4574-ac1c-84a639254bee","event":"artifact.extracted","evidenceFragmentCount":2,"freshnessState":"fresh","schemaVersion":1,"sourceExternalId":"doc-1","sourceId":"f2d98c23-1745-40bc-a8ce-f01dfc46e57d"}
{"artifactCount":1,"artifactCreatedCount":1,"artifactReusedCount":0,"contentFreshnessState":"fresh","event":"source.sync_succeeded","evidenceFragmentCount":2,"freshnessState":"fresh","schemaVersion":1,"sourceId":"f2d98c23-1745-40bc-a8ce-f01dfc46e57d","sourceType":"manual","status":"connected","syncFreshnessState":"fresh","totalArtifactCount":1,"totalEvidenceFragmentCount":2}
{"durationMs":3.52,"event":"http.request.completed","method":"POST","path":"/v1/manual-sources/f2d98c23-1745-40bc-a8ce-f01dfc46e57d/sync","requestId":"27c5b6d1-6580-4440-98e7-793c46cabcc3","schemaVersion":1,"statusCode":200}
HTTP Request: POST http://testserver/v1/manual-sources/f2d98c23-1745-40bc-a8ce-f01dfc46e57d/sync "HTTP/1.1 200 OK"
{"actor":"reviewer@example.com","auditEventId":"99c86e0d-07c1-4508-9670-cc0351d1747e","event":"evidence.reviewed","evidenceFragmentId":"1848588f-497e-4424-85f3-8c01cffc9c48","schemaVersion":1,"trustState":"reviewed"}
{"durationMs":2.56,"event":"http.request.completed","method":"POST","path":"/v1/evidence/1848588f-497e-4424-85f3-8c01cffc9c48/review","requestId":"454e304f-0b5d-40b4-9bb0-089351ec7fbc","schemaVersion":1,"statusCode":200}
HTTP Request: POST http://testserver/v1/evidence/1848588f-497e-4424-85f3-8c01cffc9c48/review "HTTP/1.1 200 OK"
-------------------------------- live log call ---------------------------------
{"actor":"reviewer@example.com","auditEventId":"b48996e2-ef4e-49b8-8c11-e779a0f8deca","conceptId":"4b6bb62c-4609-4def-99bb-ac9a77599a16","decisionRecordCount":0,"event":"concept.created","evidenceFragmentCount":1,"name":"Cornerstone","schemaVersion":1,"status":"candidate"}
{"durationMs":2.71,"event":"http.request.completed","method":"POST","path":"/v1/concepts","requestId":"1f1b24de-07d4-4d77-bf49-676300999bf2","schemaVersion":1,"statusCode":201}
HTTP Request: POST http://testserver/v1/concepts "HTTP/1.1 201 Created"
{"actor":"random@example.com","conceptId":"4b6bb62c-4609-4def-99bb-ac9a77599a16","decisionRecordCount":0,"event":"concept.officialize_attempted","evidenceFragmentCount":1,"schemaVersion":1,"status":"candidate"}
{"actor":"random@example.com","conceptId":"4b6bb62c-4609-4def-99bb-ac9a77599a16","event":"concept.officialize_blocked","reason":"Reviewer is not authorized: random@example.com","schemaVersion":1,"status":"candidate"}
{"durationMs":2.82,"event":"http.request.completed","method":"POST","path":"/v1/concepts/4b6bb62c-4609-4def-99bb-ac9a77599a16/officialize","requestId":"b5ac9ef8-b619-49c4-93cc-28c81728ff31","schemaVersion":1,"statusCode":403}
HTTP Request: POST http://testserver/v1/concepts/4b6bb62c-4609-4def-99bb-ac9a77599a16/officialize "HTTP/1.1 403 Forbidden"
PASSED                                                                   [  5%]
tests/integration/test_concepts_api.py::test_create_concept_with_fake_decision_record_id_returns_not_found 
-------------------------------- live log setup --------------------------------
{"appEnv":"local","event":"app.persistence_configured","persistenceBackend":"InMemoryStore","productionMode":true,"schemaVersion":1}
-------------------------------- live log call ---------------------------------
{"decisionRecordId":"fake-decision-record","event":"concept.create_blocked","reason":"decision_record_not_found","schemaVersion":1}
{"durationMs":2.04,"event":"http.request.completed","method":"POST","path":"/v1/concepts","requestId":"174149c2-dfa0-4e2c-a112-de2b3010c78b","schemaVersion":1,"statusCode":404}
HTTP Request: POST http://testserver/v1/concepts "HTTP/1.1 404 Not Found"
PASSED                                                                   [  6%]
tests/integration/test_connector_api.py::test_connector_catalog_endpoint_returns_notion_as_available 
-------------------------------- live log setup --------------------------------
{"appEnv":"local","event":"app.persistence_configured","persistenceBackend":"InMemoryStore","productionMode":true,"schemaVersion":1}
-------------------------------- live log call ---------------------------------
{"event":"connector.catalog_listed","providerCount":5,"schemaVersion":1}
{"durationMs":2.79,"event":"http.request.completed","method":"GET","path":"/v1/connectors","requestId":"28880481-18f3-407b-8555-1956ba3fd379","schemaVersion":1,"statusCode":200}
HTTP Request: GET http://testserver/v1/connectors "HTTP/1.1 200 OK"
PASSED                                                                   [  6%]
tests/integration/test_connector_api.py::test_create_intent_and_authorize_redirect_are_stateful 
-------------------------------- live log setup --------------------------------
{"appEnv":"local","event":"app.persistence_configured","persistenceBackend":"InMemoryStore","productionMode":true,"schemaVersion":1}
-------------------------------- live log call ---------------------------------
{"createdBy":"admin@example.com","event":"connection.intent_created","expiresAt":"2026-04-30T07:28:54.663686+00:00","intentId":"ab6305e4-027b-430a-82df-e8d38faadd26","provider":"notion","schemaVersion":1}
{"durationMs":3.5,"event":"http.request.completed","method":"POST","path":"/v1/connections/intents","requestId":"29531636-195a-4bce-9350-447b52b16348","schemaVersion":1,"statusCode":201}
HTTP Request: POST http://testserver/v1/connections/intents "HTTP/1.1 201 Created"
{"event":"oauth.redirect_started","intentId":"ab6305e4-027b-430a-82df-e8d38faadd26","provider":"notion","schemaVersion":1,"status":"oauth_redirected"}
{"durationMs":2.03,"event":"http.request.completed","method":"GET","path":"/v1/oauth/notion/authorize","requestId":"d5b312be-6db7-46f0-9baf-005191ba363d","schemaVersion":1,"statusCode":307}
HTTP Request: GET http://testserver/v1/oauth/notion/authorize?intentId=ab6305e4-027b-430a-82df-e8d38faadd26 "HTTP/1.1 307 Temporary Redirect"
{"event":"connection.intent_read","intentId":"ab6305e4-027b-430a-82df-e8d38faadd26","provider":"notion","schemaVersion":1,"status":"oauth_redirected"}
{"durationMs":1.9,"event":"http.request.completed","method":"GET","path":"/v1/connections/intents/ab6305e4-027b-430a-82df-e8d38faadd26","requestId":"bbff2e19-676f-498b-8fb6-d6c36a367274","schemaVersion":1,"statusCode":200}
HTTP Request: GET http://testserver/v1/connections/intents/ab6305e4-027b-430a-82df-e8d38faadd26 "HTTP/1.1 200 OK"
PASSED                                                                   [  6%]
tests/integration/test_connector_api.py::test_oauth_callback_bad_state_is_rejected 
-------------------------------- live log setup --------------------------------
{"appEnv":"local","event":"app.persistence_configured","persistenceBackend":"InMemoryStore","productionMode":true,"schemaVersion":1}
-------------------------------- live log call ---------------------------------
{"durationMs":1.69,"event":"http.request.completed","method":"GET","path":"/v1/oauth/notion/callback","requestId":"2cf1d43e-d6bc-42e9-9c0b-bbe6f13ce4b4","schemaVersion":1,"statusCode":404}
HTTP Request: GET http://testserver/v1/oauth/notion/callback?state=missing-state&code=abc "HTTP/1.1 404 Not Found"
PASSED                                                                   [  7%]
tests/integration/test_connector_api.py::test_oauth_callback_provider_error_marks_intent_failed 
-------------------------------- live log setup --------------------------------
{"appEnv":"local","event":"app.persistence_configured","persistenceBackend":"InMemoryStore","productionMode":true,"schemaVersion":1}
-------------------------------- live log call ---------------------------------
{"createdBy":"admin@example.com","event":"connection.intent_created","expiresAt":"2026-04-30T07:28:54.771144+00:00","intentId":"98cc2efc-29dd-4845-947d-df6341e2f7df","provider":"notion","schemaVersion":1}
{"durationMs":2.9,"event":"http.request.completed","method":"POST","path":"/v1/connections/intents","requestId":"24d6182a-21d8-4875-967c-a90a00dd70a6","schemaVersion":1,"statusCode":201}
HTTP Request: POST http://testserver/v1/connections/intents "HTTP/1.1 201 Created"
{"error":"access_denied","event":"oauth.callback_received","hasCode":false,"intentId":"98cc2efc-29dd-4845-947d-df6341e2f7df","provider":"notion","schemaVersion":1}
{"errorCode":"oauth_failed","event":"oauth.failed","intentId":"98cc2efc-29dd-4845-947d-df6341e2f7df","provider":"notion","schemaVersion":1}
{"durationMs":3.37,"event":"http.request.completed","method":"GET","path":"/v1/oauth/notion/callback","requestId":"76b50c92-db1a-4406-99b4-4076d52bdf73","schemaVersion":1,"statusCode":200}
HTTP Request: GET http://testserver/v1/oauth/notion/callback?state=Y73VX35IYQNdtxv9r8U0D6iRJ61e8jD5iz1mTXopesI&error=access_denied "HTTP/1.1 200 OK"
PASSED                                                                   [  7%]
tests/integration/test_connector_api.py::test_oauth_success_creates_source_and_public_credential_without_plaintext 
-------------------------------- live log setup --------------------------------
{"appEnv":"local","event":"app.persistence_configured","persistenceBackend":"InMemoryStore","productionMode":true,"schemaVersion":1}
-------------------------------- live log call ---------------------------------
{"createdBy":"admin@example.com","event":"connection.intent_created","expiresAt":"2026-04-30T07:28:54.827064+00:00","intentId":"d2587681-1b42-4d1f-ac78-9a1b905ddc6d","provider":"notion","schemaVersion":1}
{"durationMs":3.54,"event":"http.request.completed","method":"POST","path":"/v1/connections/intents","requestId":"0f99ef76-3580-4787-a0b2-944aba1acd23","schemaVersion":1,"statusCode":201}
HTTP Request: POST http://testserver/v1/connections/intents "HTTP/1.1 201 Created"
{"error":null,"event":"oauth.callback_received","hasCode":true,"intentId":"d2587681-1b42-4d1f-ac78-9a1b905ddc6d","provider":"notion","schemaVersion":1}
{"event":"oauth.completed","externalWorkspaceId":"mock-notion-workspace","intentId":"d2587681-1b42-4d1f-ac78-9a1b905ddc6d","provider":"notion","schemaVersion":1,"sourceId":"45a7400d-e2cd-4c03-9869-332b0c27ac50"}
{"durationMs":10.63,"event":"http.request.completed","method":"GET","path":"/v1/oauth/notion/callback","requestId":"d9d29b9c-011e-454d-82cf-e7a037372583","schemaVersion":1,"statusCode":200}
HTTP Request: GET http://testserver/v1/oauth/notion/callback?state=1Bloy1mGKRukm_QW64L97J3ofyh5s4MYlLTgKzgxfQk&code=code-123 "HTTP/1.1 200 OK"
PASSED                                                                   [  8%]
tests/integration/test_connector_api.py::test_test_connection_marks_oauth_source_test_passed_and_discovery_next 
-------------------------------- live log setup --------------------------------
{"appEnv":"local","event":"app.persistence_configured","persistenceBackend":"InMemoryStore","productionMode":true,"schemaVersion":1}
-------------------------------- live log call ---------------------------------
{"createdBy":"admin@example.com","event":"connection.intent_created","expiresAt":"2026-04-30T07:28:54.905971+00:00","intentId":"0ebc0e50-a57d-4227-a174-3317860031c0","provider":"notion","schemaVersion":1}
{"durationMs":4.77,"event":"http.request.completed","method":"POST","path":"/v1/connections/intents","requestId":"f06d6054-a0f9-48aa-8dfb-810b52361e82","schemaVersion":1,"statusCode":201}
HTTP Request: POST http://testserver/v1/connections/intents "HTTP/1.1 201 Created"
{"error":null,"event":"oauth.callback_received","hasCode":true,"intentId":"0ebc0e50-a57d-4227-a174-3317860031c0","provider":"notion","schemaVersion":1}
{"event":"oauth.completed","externalWorkspaceId":"mock-notion-workspace","intentId":"0ebc0e50-a57d-4227-a174-3317860031c0","provider":"notion","schemaVersion":1,"sourceId":"41a23152-9df8-4bf9-821d-4870f8721787"}
{"durationMs":2.6,"event":"http.request.completed","method":"GET","path":"/v1/oauth/notion/callback","requestId":"5b108af1-ed2b-46e5-8c36-cd1d4f664fb5","schemaVersion":1,"statusCode":200}
HTTP Request: GET http://testserver/v1/oauth/notion/callback?state=Al12wgNqjeYXLimwxTsJec4IZvjm1sTKBiF7WCSQHQc&code=code-123 "HTTP/1.1 200 OK"
{"event":"source.test_started","provider":"notion","schemaVersion":1,"sourceId":"41a23152-9df8-4bf9-821d-4870f8721787"}
{"event":"source.test_succeeded","provider":"notion","schemaVersion":1,"sourceId":"41a23152-9df8-4bf9-821d-4870f8721787"}
[...]
tests/unit/test_connector_framework.py::test_notion_provider_errors_map_to_actionable_connector_errors[503-provider_unavailable-retry] PASSED [ 53%]
tests/unit/test_connector_framework.py::test_notion_provider_errors_map_to_actionable_connector_errors[418-unknown-contact_admin] PASSED [ 53%]
tests/unit/test_connector_framework.py::test_persistence_schema_contains_connector_tables PASSED [ 53%]
tests/unit/test_connector_framework.py::test_connector_credentials_only_expose_encrypted_token_columns_in_persistence PASSED [ 54%]
tests/unit/test_connector_framework.py::test_notion_mock_discovery_returns_snapshots_for_selection PASSED [ 54%]
tests/unit/test_connector_framework.py::test_provider_object_snapshot_table_tracks_discovery_and_selection_state PASSED [ 54%]
tests/unit/test_evaluation.py::test_eval_task_accepts_unsupported_without_evidence_requirement PASSED [ 55%]
tests/unit/test_evaluation.py::test_eval_task_fails_when_expected_trust_label_is_wrong PASSED [ 55%]
tests/unit/test_evaluation.py::test_eval_task_requires_expected_answer_text PASSED [ 56%]
tests/unit/test_evaluation.py::test_eval_summary_computes_grounded_context_task_success_rate PASSED [ 56%]
tests/unit/test_evaluation.py::test_store_persists_eval_tasks_and_results_in_memory PASSED [ 56%]
tests/unit/test_evaluation.py::test_eval_task_rejects_non_unsupported_without_evidence_requirement PASSED [ 57%]
tests/unit/test_evaluation.py::test_eval_task_rejects_vague_success_contract_in_model PASSED [ 57%]
tests/unit/test_evaluation_persistence_models.py::test_evaluation_tables_are_in_sqlalchemy_metadata PASSED [ 57%]
tests/unit/test_evaluation_persistence_models.py::test_evaluation_migration_adds_metric_tables_and_indexes PASSED [ 58%]
tests/unit/test_extraction.py::test_content_hash_is_deterministic PASSED [ 58%]
tests/unit/test_extraction.py::test_extracted_evidence_contains_required_provenance PASSED [ 58%]
tests/unit/test_extraction.py::test_fragment_classifier_detects_requirements_decisions_and_questions PASSED [ 59%]
tests/unit/test_freshness.py::test_freshness_policy_unknown_without_timestamp PASSED [ 59%]
tests/unit/test_freshness.py::test_freshness_policy_fresh_within_threshold PASSED [ 60%]
tests/unit/test_freshness.py::test_freshness_policy_aging_after_fresh_before_stale PASSED [ 60%]
tests/unit/test_freshness.py::test_freshness_policy_stale_after_stale_threshold PASSED [ 60%]
tests/unit/test_freshness.py::test_freshness_policy_future_timestamp_is_fresh PASSED [ 61%]
tests/unit/test_generic_ingestion_contract.py::test_core_artifact_schema_is_provider_agnostic PASSED [ 61%]
tests/unit/test_generic_ingestion_contract.py::test_provider_object_snapshot_supports_provider_metadata_without_notion_lock_in PASSED [ 61%]
tests/unit/test_generic_ingestion_contract.py::test_connector_registry_can_resolve_non_notion_manual_connector PASSED [ 62%]
tests/unit/test_generic_ingestion_contract.py::test_manual_connector_can_discover_select_and_normalize_source_objects PASSED [ 62%]
tests/unit/test_google_drive_e2e.py::test_google_drive_e2e_config_from_env_reads_required_values PASSED [ 62%]
tests/unit/test_google_drive_e2e.py::test_google_drive_e2e_preflight_requires_live_provider_and_token PASSED [ 63%]
tests/unit/test_grounded_context.py::test_candidate_concept_with_reviewed_evidence_is_evidence_supported PASSED [ 63%]
tests/unit/test_grounded_context.py::test_candidate_concept_with_unreviewed_evidence_is_partially_supported PASSED [ 64%]
tests/unit/test_grounded_context.py::test_official_concept_with_stale_evidence_is_stale PASSED [ 64%]
tests/unit/test_grounded_context.py::test_official_concept_with_unknown_freshness_is_not_labeled_official PASSED [ 64%]
tests/unit/test_grounded_context.py::test_conflicted_concept_returns_conflicted PASSED [ 65%]
tests/unit/test_grounded_context.py::test_official_concept_with_missing_evidence_is_unsupported PASSED [ 65%]
tests/unit/test_grounded_context.py::test_production_mode_excludes_non_production_source_evidence PASSED [ 65%]
tests/unit/test_grounded_context.py::test_degraded_source_still_serves_reviewed_captured_evidence_with_limitation PASSED [ 66%]
tests/unit/test_grounded_context.py::test_related_reviewed_evidence_without_concept_is_evidence_supported PASSED [ 66%]
tests/unit/test_grounded_context.py::test_related_rejected_evidence_is_not_served_as_support PASSED [ 66%]
tests/unit/test_grounded_context.py::test_related_conflicted_evidence_returns_conflicted PASSED [ 67%]
tests/unit/test_grounded_context.py::test_official_concept_response_includes_official_relations_and_relation_citations PASSED [ 67%]
tests/unit/test_grounded_context.py::test_official_concept_response_includes_decisions_and_decision_citations PASSED [ 68%]
tests/unit/test_integration_starter_docs.py::test_cli_and_macos_starter_docs_exist PASSED [ 68%]
tests/unit/test_integration_starter_docs.py::test_macos_scripts_are_present_and_executable PASSED [ 68%]
tests/unit/test_live_notion_e2e_verification.py::test_notion_e2e_config_from_env_requires_explicit_opt_in_and_page PASSED [ 69%]
tests/unit/test_live_notion_e2e_verification.py::test_notion_e2e_config_accepts_safe_live_inputs PASSED [ 69%]
tests/unit/test_live_notion_e2e_verification.py::test_live_notion_e2e_runner_uses_same_worker_ingestion_path 
-------------------------------- live log call ---------------------------------
{"credentialId":"740d36d4-4e78-4192-b891-17d3f4ad0ced","event":"notion.e2e.source_created","pageId":"page-1","schemaVersion":1,"sourceId":"a671d8d2-5882-4695-97ab-45b7f1fe2563"}
{"event":"sync.job_claimed","leaseExpiresAt":"2026-04-30T07:19:04.738424+00:00","provider":"notion","recoveredExpiredLease":false,"schemaVersion":1,"sourceId":"a671d8d2-5882-4695-97ab-45b7f1fe2563","syncJobId":"1f028665-4fbc-4e19-b301-bf842d9e73e8","workerId":"notion-e2e-worker"}
{"attemptCount":1,"event":"sync.job_started","provider":"notion","schemaVersion":1,"sourceId":"a671d8d2-5882-4695-97ab-45b7f1fe2563","syncJobId":"1f028665-4fbc-4e19-b301-bf842d9e73e8","workerId":"notion-e2e-worker"}
{"cursorKey":"default","event":"sync.cursor_advanced","processedObjectCount":1,"schemaVersion":1,"sourceId":"a671d8d2-5882-4695-97ab-45b7f1fe2563","syncJobId":"1f028665-4fbc-4e19-b301-bf842d9e73e8"}
{"artifactCreatedCount":1,"attemptCount":1,"cursor":"0eb236e50de35c59c03b63629624351af778cc33fbc55a92254e3c29e58e6255","event":"sync.job_succeeded","evidenceCreatedCount":1,"provider":"notion","schemaVersion":1,"sourceId":"a671d8d2-5882-4695-97ab-45b7f1fe2563","syncJobId":"1f028665-4fbc-4e19-b301-bf842d9e73e8"}
PASSED                                                                   [ 69%]
tests/unit/test_live_postgres_verification.py::test_parse_pytest_summary_uses_final_summary_line PASSED [ 70%]
tests/unit/test_live_postgres_verification.py::test_live_postgres_report_rejects_skipped_tests_when_required PASSED [ 70%]
tests/unit/test_live_postgres_verification.py::test_live_postgres_report_rejects_no_tests PASSED [ 70%]
tests/unit/test_live_postgres_verification.py::test_live_postgres_environment_requires_explicit_opt_in PASSED [ 71%]
tests/unit/test_live_postgres_verification.py::test_live_postgres_environment_requires_postgres_url PASSED [ 71%]
tests/unit/test_live_postgres_verification.py::test_live_postgres_environment_accepts_psycopg_url PASSED [ 72%]
tests/unit/test_notion_live_connector.py::test_notion_live_default_gateway_is_sdk_backed PASSED [ 72%]
tests/unit/test_notion_live_connector.py::test_notion_sdk_gateway_is_runtime_checkable_protocol PASSED [ 72%]
tests/unit/test_notion_live_connector.py::test_notion_live_oauth_token_exchange_uses_oauth_boundary PASSED [ 73%]
tests/unit/test_notion_live_connector.py::test_notion_live_oauth_failure_maps_provider_error PASSED [ 73%]
tests/unit/test_notion_live_connector.py::test_notion_live_connection_test_success_uses_gateway_search PASSED [ 73%]
tests/unit/test_notion_live_connector.py::test_notion_live_connection_test_failure_maps_provider_error PASSED [ 74%]
tests/unit/test_notion_live_connector.py::test_notion_live_discovery_maps_pages_databases_and_data_sources PASSED [ 74%]
tests/unit/test_notion_live_connector.py::test_notion_live_discovery_raises_actionable_error_on_rate_limit PASSED [ 74%]
tests/unit/test_notion_live_connector.py::test_notion_live_list_objects_fetches_selected_page_markdown PASSED [ 75%]
tests/unit/test_notion_live_connector.py::test_notion_live_list_objects_falls_back_to_block_children PASSED [ 75%]
tests/unit/test_notion_live_connector.py::test_notion_map_api_error_handles_non_json_payload_equivalent PASSED [ 76%]
tests/unit/test_notion_live_connector.py::test_notion_map_provider_error_handles_missing_object_and_rate_limit_without_retry_after PASSED [ 76%]
tests/unit/test_notion_live_connector.py::test_notion_list_objects_without_selection_returns_empty_list PASSED [ 76%]
tests/unit/test_notion_live_connector.py::test_notion_list_objects_ignores_non_page_snapshots_as_a_defense_in_depth PASSED [ 77%]
tests/unit/test_notion_live_connector.py::test_notion_block_text_respects_max_depth_and_cursor_without_next_cursor PASSED [ 77%]
tests/unit/test_notion_live_connector.py::test_block_mapping_and_rich_text_helpers_are_provider_local PASSED [ 77%]
tests/unit/test_notion_live_connector.py::test_notion_http_oauth_client_exchange_maps_workspace_metadata PASSED [ 78%]
tests/unit/test_notion_live_connector.py::test_notion_sdk_gateway_uses_notion_client_for_standard_api_calls PASSED [ 78%]
tests/unit/test_notion_live_connector.py::test_notion_sdk_gateway_markdown_fallback_maps_http_responses PASSED [ 78%]
tests/unit/test_notion_live_connector.py::test_notion_sdk_gateway_converts_sdk_exceptions PASSED [ 79%]
tests/unit/test_notion_live_connector.py::test_notion_connector_retrieves_specific_page_snapshot_for_live_e2e PASSED [ 79%]
tests/unit/test_observability.py::test_log_event_emits_parseable_structured_json 
-------------------------------- live log call ---------------------------------
{"count":2,"event":"test.event","freshnessState":"fresh","occurredAt":"2026-04-25T00:00:00+00:00","schemaVersion":1}
PASSED                                                                   [ 80%]
tests/unit/test_officialization.py::test_officialization_rejects_unsupported_concept PASSED [ 80%]
tests/unit/test_officialization.py::test_officialization_rejects_unreviewed_evidence PASSED [ 80%]
tests/unit/test_officialization.py::test_officialization_rejects_non_production_source_evidence PASSED [ 81%]
tests/unit/test_officialization.py::test_officialization_rejects_unauthorized_reviewer PASSED [ 81%]
tests/unit/test_officialization.py::test_officialization_accepts_reviewed_evidence_supported_concept PASSED [ 81%]
tests/unit/test_officialization.py::test_relation_officialization_rejects_candidate_concepts PASSED [ 82%]
tests/unit/test_officialization.py::test_relation_officialization_accepts_reviewed_evidence_supported_relation PASSED [ 82%]
tests/unit/test_persistence_models.py::test_persistence_schema_contains_core_tables_and_join_tables PASSED [ 82%]
tests/unit/test_persistence_models.py::test_artifacts_have_idempotency_unique_constraint PASSED [ 83%]
tests/unit/test_persistence_models.py::test_concepts_have_case_insensitive_name_uniqueness_contract PASSED [ 83%]
tests/unit/test_persistence_models.py::test_evidence_provenance_uses_jsonb_on_postgres PASSED [ 84%]
tests/unit/test_persistence_models.py::test_evaluation_tables_are_persisted_and_indexed PASSED [ 84%]
tests/unit/test_postgres_extensions.py::test_required_postgres_extensions_are_explicit PASSED [ 84%]
tests/unit/test_postgres_extensions.py::test_parse_required_extensions_deduplicates_and_preserves_order PASSED [ 85%]
tests/unit/test_postgres_extensions.py::test_runtime_extension_verification_rejects_non_postgres_engine PASSED [ 85%]
tests/unit/test_postgres_extensions.py::test_migration_creates_required_extensions_and_vector_table PASSED [ 85%]
tests/unit/test_postgres_extensions.py::test_source_state_discovery_migration_adds_runtime_state_and_snapshots PASSED [ 86%]
tests/unit/test_postgres_extensions.py::test_runtime_extension_verification_accepts_installed_postgres_extensions PASSED [ 86%]
tests/unit/test_postgres_extensions.py::test_runtime_extension_verification_reports_missing_postgres_extensions PASSED [ 86%]
tests/unit/test_postgres_extensions.py::test_generic_ingestion_migration_adds_provider_neutral_artifact_columns PASSED [ 87%]
tests/unit/test_postgres_extensions.py::test_scheduled_sync_migration_adds_schedule_table_and_indexes PASSED [ 87%]
tests/unit/test_postgres_extensions.py::test_provider_object_ingestion_support_migration_adds_selection_guard_columns PASSED [ 88%]
tests/unit/test_postgres_extensions.py::test_worker_lease_migration_adds_claim_and_enqueue_primitives PASSED [ 88%]
tests/unit/test_release_candidate_docs.py::test_release_candidate_docs_exist_and_are_actionable PASSED [ 88%]
tests/unit/test_release_candidate_docs.py::test_release_candidate_api_freeze_documents_removed_unsafe_routes PASSED [ 89%]
tests/unit/test_release_candidate_docs.py::test_release_candidate_check_script_exists_and_targets_current_version PASSED [ 89%]
tests/unit/test_release_candidate_docs.py::test_release_candidate_checker_allows_local_runtime_artifacts PASSED [ 89%]
tests/unit/test_runtime_config.py::test_local_default_runtime_config_is_allowed_for_development PASSED [ 90%]
tests/unit/test_runtime_config.py::test_production_mode_reports_all_unsafe_default_config_values PASSED [ 90%]
tests/unit/test_runtime_config.py::test_safe_production_runtime_config_has_no_issues PASSED [ 90%]
tests/unit/test_runtime_config.py::test_create_app_fails_closed_when_production_config_is_unsafe PASSED [ 91%]
tests/unit/test_runtime_config.py::test_create_app_can_bypass_runtime_validation_for_explicit_test_store 
-------------------------------- live log call ---------------------------------
{"appEnv":"local","event":"app.persistence_configured","persistenceBackend":"InMemoryStore","productionMode":true,"schemaVersion":1}
PASSED                                                                   [ 91%]
tests/unit/test_runtime_config.py::test_worker_cli_fails_closed_when_production_env_is_unsafe PASSED [ 92%]
tests/unit/test_runtime_config.py::test_production_rejects_missing_required_postgres_extension PASSED [ 92%]
tests/unit/test_source_eligibility.py::test_officialization_requires_connected_source_in_production PASSED [ 92%]
tests/unit/test_source_eligibility.py::test_serving_allows_degraded_historical_source_with_limitations PASSED [ 93%]
tests/unit/test_source_eligibility.py::test_serving_blocks_never_synced_degraded_source PASSED [ 93%]
tests/unit/test_sync_scheduler.py::test_sync_schedule_table_is_provider_agnostic_and_due_indexed PASSED [ 93%]
tests/unit/test_sync_scheduler.py::test_build_schedule_preserves_identity_and_computes_next_run PASSED [ 94%]
tests/unit/test_sync_scheduler.py::test_next_schedule_run_at_uses_interval_minutes PASSED [ 94%]
tests/unit/test_sync_scheduler.py::test_scheduler_only_advances_schedule_when_job_is_enqueued 
-------------------------------- live log call ---------------------------------
{"event":"sync.schedule_enqueued","nextRunAt":"2026-04-30T07:34:04.929683+00:00","schemaVersion":1,"sourceId":"6dfcfa7d-4831-4174-95e7-447944d2de98","syncJobId":"b222299a-877c-408b-b297-69bd16966281","syncScheduleId":"456a00da-d72a-488c-84b2-831cd3693888"}
PASSED                                                                   [ 94%]
tests/unit/test_sync_scheduler.py::test_scheduler_skips_source_without_selection PASSED [ 95%]
tests/unit/test_sync_scheduler.py::test_external_worker_iteration_runs_scheduler_then_worker 
-------------------------------- live log call ---------------------------------
{"event":"sync.schedule_enqueued","nextRunAt":"2026-04-30T07:34:04.934678+00:00","schemaVersion":1,"sourceId":"be6bec22-adfb-4255-a28c-a425a6851406","syncJobId":"4a355468-8c0b-471d-88f3-ab53d58e1f60","syncScheduleId":"f47a370a-93bb-4041-a69d-cf7422b6e611"}
{"event":"sync.job_claimed","leaseExpiresAt":"2026-04-30T07:19:04.935626+00:00","provider":"notion","recoveredExpiredLease":false,"schemaVersion":1,"sourceId":"be6bec22-adfb-4255-a28c-a425a6851406","syncJobId":"4a355468-8c0b-471d-88f3-ab53d58e1f60","workerId":"sync-worker-cli"}
{"attemptCount":1,"event":"sync.job_started","provider":"notion","schemaVersion":1,"sourceId":"be6bec22-adfb-4255-a28c-a425a6851406","syncJobId":"4a355468-8c0b-471d-88f3-ab53d58e1f60","workerId":"sync-worker-cli"}
{"cursorKey":"default","event":"sync.cursor_advanced","processedObjectCount":1,"schemaVersion":1,"sourceId":"be6bec22-adfb-4255-a28c-a425a6851406","syncJobId":"4a355468-8c0b-471d-88f3-ab53d58e1f60"}
{"artifactCreatedCount":0,"attemptCount":1,"cursor":"e31485bd87676b6241e3ac5d0a5185c31565581b2f0cad52b3ec82fcfdbdc2a2","event":"sync.job_succeeded","evidenceCreatedCount":0,"provider":"notion","schemaVersion":1,"sourceId":"be6bec22-adfb-4255-a28c-a425a6851406","syncJobId":"4a355468-8c0b-471d-88f3-ab53d58e1f60"}
{"event":"sync.external_worker_iteration_completed","processedJobCount":1,"scheduledJobCount":1,"schemaVersion":1,"skippedJobCount":0}
PASSED                                                                   [ 95%]
tests/unit/test_sync_scheduler.py::test_sync_job_table_has_worker_lease_and_enqueue_primitives PASSED [ 96%]
tests/unit/test_sync_scheduler.py::test_in_memory_store_claims_sync_job_once_with_worker_lease PASSED [ 96%]
tests/unit/test_sync_scheduler.py::test_schedule_enqueue_key_is_stable_and_duplicate_jobs_are_rejected PASSED [ 96%]
tests/unit/test_worker_cli.py::test_worker_parser_supports_once_scheduler_and_max_jobs PASSED [ 97%]
tests/unit/test_worker_cli.py::test_create_worker_store_uses_memory_backend_by_default PASSED [ 97%]
tests/unit/test_worker_cli.py::test_worker_cli_once_outputs_json 
-------------------------------- live log call ---------------------------------
{"event":"sync.external_worker_iteration_completed","processedJobCount":0,"scheduledJobCount":0,"schemaVersion":1,"skippedJobCount":0}
PASSED                                                                   [ 97%]
tests/unit/test_worker_concurrency_primitives.py::test_sync_job_schema_tracks_lease_heartbeat PASSED [ 98%]
tests/unit/test_worker_concurrency_primitives.py::test_sync_job_table_has_live_postgres_claim_columns_and_indexes PASSED [ 98%]
tests/unit/test_worker_concurrency_primitives.py::test_worker_concurrency_migration_adds_heartbeat_and_claimable_index PASSED [ 98%]
tests/unit/test_worker_concurrency_primitives.py::test_in_memory_store_reclaims_expired_running_job_lease PASSED [ 99%]
tests/unit/test_worker_concurrency_primitives.py::test_in_memory_store_rejects_active_running_job_claim_by_second_worker PASSED [ 99%]
tests/unit/test_worker_concurrency_primitives.py::test_in_memory_store_lease_heartbeat_requires_owner PASSED [100%]

- generated xml file: /mnt/data/cornerstone-v1.3.1-work/cornerstone-backend/reports/junit.xml -
=========================== short test summary info ============================
SKIPPED [1] tests/live_notion/test_live_notion_page_e2e.py:28: Unsafe or incomplete live Notion E2E configuration: notion_e2e_not_enabled: Set RUN_NOTION_E2E=1 to explicitly run live Notion E2E verification.; notion_e2e_access_token_required: Set NOTION_E2E_ACCESS_TOKEN to a real Notion integration access token.; notion_e2e_page_id_required: Set NOTION_E2E_PAGE_ID to a Notion page shared with the integration.; notion_e2e_requires_live_notion_api: Set NOTION_MOCK_EXTERNAL_API=false for live Notion E2E verification.; notion_e2e_requires_non_default_connector_secret: Use a non-default CONNECTOR_ENCRYPTION_SECRET before storing a real Notion token.; notion_e2e_connector_secret_too_short: CONNECTOR_ENCRYPTION_SECRET must be at least 32 characters for live token storage.
SKIPPED [5] tests/postgres/test_live_postgres_worker_concurrency.py:31: Set RUN_POSTGRES_TESTS=1 and DATABASE_URL to run live PostgreSQL tests.
======================= 269 passed, 6 skipped in 14.74s ========================
