Command: /opt/pyvenv/bin/python -m pytest tests/unit/test_release_candidate_docs.py tests/unit/test_integration_starter_docs.py -q
Return code: 0

STDOUT:
[1m============================= test session starts ==============================[0m
platform linux -- Python 3.13.5, pytest-9.0.2, pluggy-1.6.0 -- /opt/pyvenv/bin/python
cachedir: .pytest_cache
metadata: {'Python': '3.13.5', 'Platform': 'Linux-4.4.0-x86_64-with-glibc2.41', 'Packages': {'pytest': '9.0.2', 'pluggy': '1.6.0'}, 'Plugins': {'anyio': '4.12.1', 'metadata': '3.1.1', 'asyncio': '1.3.0', 'Faker': '40.1.2', 'cov': '7.0.0', 'json-report': '1.5.0', 'ddtrace': '4.4.0'}, 'PLATFORM': 'linux/amd64', 'CI': 'true'}
rootdir: /mnt/data/cornerstone-backend-v1.2.1-work/cornerstone-backend
configfile: pyproject.toml
plugins: anyio-4.12.1, metadata-3.1.1, asyncio-1.3.0, Faker-40.1.2, cov-7.0.0, json-report-1.5.0, ddtrace-4.4.0
asyncio: mode=Mode.STRICT, debug=False, asyncio_default_fixture_loop_scope=None, asyncio_default_test_loop_scope=function
[1mcollecting ... [0mcollected 6 items

tests/unit/test_release_candidate_docs.py::test_release_candidate_docs_exist_and_are_actionable [32mPASSED[0m[32m [ 16%][0m
tests/unit/test_release_candidate_docs.py::test_release_candidate_api_freeze_documents_removed_unsafe_routes [32mPASSED[0m[32m [ 33%][0m
tests/unit/test_release_candidate_docs.py::test_release_candidate_check_script_exists_and_targets_current_version [32mPASSED[0m[32m [ 50%][0m
tests/unit/test_release_candidate_docs.py::test_release_candidate_checker_allows_local_runtime_artifacts [32mPASSED[0m[32m [ 66%][0m
tests/unit/test_integration_starter_docs.py::test_cli_and_macos_starter_docs_exist [32mPASSED[0m[32m [ 83%][0m
tests/unit/test_integration_starter_docs.py::test_macos_scripts_are_present_and_executable [32mPASSED[0m[32m [100%][0m

- generated xml file: /mnt/data/cornerstone-backend-v1.2.1-work/cornerstone-backend/reports/junit.xml -
[32m============================== [32m[1m6 passed[0m[32m in 0.38s[0m[32m ===============================[0m


STDERR:
Spreadsheet runtime warmup failed during python startup
Traceback (most recent call last):
  File "/tmp/tmp.vJDWZqkmKn/artifact_tool_v2-2.6.11/presentation_artifact_tool/patches/warm_spreadsheet_runtime_on_startup.py", line 26, in warm_spreadsheet_runtime_on_startup
  File "/tmp/tmp.vJDWZqkmKn/artifact_tool_v2-2.6.11/presentation_artifact_tool/spreadsheet_warmup.py", line 785, in warm_spreadsheet_runtime
  File "/tmp/tmp.vJDWZqkmKn/artifact_tool_v2-2.6.11/presentation_artifact_tool/spreadsheet_warmup.py", line 720, in _warm_feature_flows
  File "/tmp/tmp.vJDWZqkmKn/artifact_tool_v2-2.6.11/presentation_artifact_tool/spreadsheet_warmup.py", line 704, in _warm_collaboration_flows
  File "/tmp/tmp.vJDWZqkmKn/artifact_tool_v2-2.6.11/presentation_artifact_tool/generated/interface/models.py", line 35986, in hydrate_crdt_from_proto
  File "/tmp/tmp.vJDWZqkmKn/artifact_tool_v2-2.6.11/presentation_artifact_tool/rpc/remote.py", line 747, in __call__
  File "/tmp/tmp.vJDWZqkmKn/artifact_tool_v2-2.6.11/presentation_artifact_tool/rpc/client.py", line 150, in call
presentation_artifact_tool.rpc.client.RemoteError: hydrateCrdtFromProto requires an empty collaborative document.

