============================= test session starts ==============================
platform darwin -- Python 3.14.4, pytest-9.0.3, pluggy-1.6.0 -- /Users/jiyong/playground/Cornerstone/cornerstone-backend/.venv/bin/python
cachedir: .pytest_cache
rootdir: /Users/jiyong/playground/Cornerstone/cornerstone-backend
configfile: pyproject.toml
collecting ... collected 230 items

tests/integration/test_artifacts_evidence_api.py::test_sync_creates_artifact_and_evidence_with_provenance 
-------------------------------- live log setup --------------------------------
{"appEnv":"local","event":"app.persistence_configured","persistenceBackend":"InMemoryStore","productionMode":true,"schemaVersion":1}
-------------------------------- live log call ---------------------------------
{"event":"source.create_requested","productionEnabled":true,"schemaVersion":1,"sourceName":"Manual Pilot","sourceType":"manual"}
{"event":"source.created","productionEnabled":true,"schemaVersion":1,"sourceId":"bc738568-ae17-4afe-88bb-f3c38291fe0e","sourceName":"Manual Pilot","sourceType":"manual","status":"connected"}
{"durationMs":2.64,"event":"http.request.completed","method":"POST","path":"/v1/sources","requestId":"0ffdd184-720a-4fe4-bcea-b318e57cc229","schemaVersion":1,"statusCode":201}
HTTP Request: POST http://testserver/v1/sources "HTTP/1.1 201 Created"
{"event":"source.sync_started","objectCount":1,"schemaVersion":1,"sourceId":"bc738568-ae17-4afe-88bb-f3c38291fe0e","sourceType":"manual","startedAt":"2026-04-29T01:23:56.052681+00:00"}
{"artifactId":"0f7fa156-f119-4a50-b5f9-6cc875a1b83b","event":"artifact.extracted","evidenceFragmentCount":2,"freshnessState":"fresh","schemaVersion":1,"sourceExternalId":"doc-1","sourceId":"bc738568-ae17-4afe-88bb-f3c38291fe0e"}
{"artifactCount":1,"artifactCreatedCount":1,"artifactReusedCount":0,"contentFreshnessState":"fresh","event":"source.sync_succeeded","evidenceFragmentCount":2,"freshnessState":"fresh","schemaVersion":1,"sourceId":"bc738568-ae17-4afe-88bb-f3c38291fe0e","sourceType":"manual","status":"connected","syncFreshnessState":"fresh","totalArtifactCount":1,"totalEvidenceFragmentCount":2}
{"durationMs":23.96,"event":"http.request.completed","method":"POST","path":"/v1/manual-sources/bc738568-ae17-4afe-88bb-f3c38291fe0e/sync","requestId":"699a1b7e-25ae-43e4-bb3b-74c9d08fba09","schemaVersion":1,"statusCode":200}
HTTP Request: POST http://testserver/v1/manual-sources/bc738568-ae17-4afe-88bb-f3c38291fe0e/sync "HTTP/1.1 200 OK"
{"artifactId":"0f7fa156-f119-4a50-b5f9-6cc875a1b83b","event":"evidence.listed","evidenceFragmentCount":2,"schemaVersion":1}
{"durationMs":0.68,"event":"http.request.completed","method":"GET","path":"/v1/evidence","requestId":"3392eae9-64d8-441e-9a73-b358baad2486","schemaVersion":1,"statusCode":200}
HTTP Request: GET http://testserver/v1/evidence?artifactId=0f7fa156-f119-4a50-b5f9-6cc875a1b83b "HTTP/1.1 200 OK"
PASSED                                                                   [  0%]
tests/integration/test_audit_api.py::test_audit_events_are_exposed_after_review_and_officialization 
-------------------------------- live log setup --------------------------------
{"appEnv":"local","event":"app.persistence_configured","persistenceBackend":"InMemoryStore","productionMode":true,"schemaVersion":1}
{"event":"source.create_requested","productionEnabled":true,"schemaVersion":1,"sourceName":"Pilot Domain","sourceType":"manual"}
{"event":"source.created","productionEnabled":true,"schemaVersion":1,"sourceId":"0e9d10eb-2b6f-4552-a149-89aec233150e","sourceName":"Pilot Domain","sourceType":"manual","status":"connected"}
{"durationMs":0.75,"event":"http.request.completed","method":"POST","path":"/v1/sources","requestId":"604639df-d393-43b3-bc43-48c1ae188db9","schemaVersion":1,"statusCode":201}
HTTP Request: POST http://testserver/v1/sources "HTTP/1.1 201 Created"
{"event":"source.sync_started","objectCount":1,"schemaVersion":1,"sourceId":"0e9d10eb-2b6f-4552-a149-89aec233150e","sourceType":"manual","startedAt":"2026-04-29T01:23:56.081398+00:00"}
{"artifactId":"198ebf19-a534-48a5-9ba2-39af8bd3a0d5","event":"artifact.extracted","evidenceFragmentCount":2,"freshnessState":"fresh","schemaVersion":1,"sourceExternalId":"doc-1","sourceId":"0e9d10eb-2b6f-4552-a149-89aec233150e"}
{"artifactCount":1,"artifactCreatedCount":1,"artifactReusedCount":0,"contentFreshnessState":"fresh","event":"source.sync_succeeded","evidenceFragmentCount":2,"freshnessState":"fresh","schemaVersion":1,"sourceId":"0e9d10eb-2b6f-4552-a149-89aec233150e","sourceType":"manual","status":"connected","syncFreshnessState":"fresh","totalArtifactCount":1,"totalEvidenceFragmentCount":2}
{"durationMs":0.98,"event":"http.request.completed","method":"POST","path":"/v1/manual-sources/0e9d10eb-2b6f-4552-a149-89aec233150e/sync","requestId":"986d20c1-969f-4d31-89c2-9e91390f12d8","schemaVersion":1,"statusCode":200}
HTTP Request: POST http://testserver/v1/manual-sources/0e9d10eb-2b6f-4552-a149-89aec233150e/sync "HTTP/1.1 200 OK"
{"actor":"reviewer@example.com","auditEventId":"58b1c1b1-9f26-4bee-812f-1a96288bda56","event":"evidence.reviewed","evidenceFragmentId":"e98bb51c-2b96-4b7e-81b3-e183f5c54595","schemaVersion":1,"trustState":"reviewed"}
{"durationMs":6.7,"event":"http.request.completed","method":"POST","path":"/v1/evidence/e98bb51c-2b96-4b7e-81b3-e183f5c54595/review","requestId":"a6784dcd-fbad-4767-8d38-a8eb57a8489c","schemaVersion":1,"statusCode":200}
HTTP Request: POST http://testserver/v1/evidence/e98bb51c-2b96-4b7e-81b3-e183f5c54595/review "HTTP/1.1 200 OK"
-------------------------------- live log call ---------------------------------
{"actor":"reviewer@example.com","auditEventId":"413cd860-9e2b-4424-85e0-0d3d8cb6cfdc","conceptId":"1f5461c2-fe7a-40f8-86f3-7b71fe9ad4ef","decisionRecordCount":0,"event":"concept.created","evidenceFragmentCount":1,"name":"Cornerstone","schemaVersion":1,"status":"candidate"}
{"durationMs":2.99,"event":"http.request.completed","method":"POST","path":"/v1/concepts","requestId":"54a18138-75ea-4578-92e4-d68f93fe08f4","schemaVersion":1,"statusCode":201}
HTTP Request: POST http://testserver/v1/concepts "HTTP/1.1 201 Created"
{"actor":"reviewer@example.com","conceptId":"1f5461c2-fe7a-40f8-86f3-7b71fe9ad4ef","decisionRecordCount":0,"event":"concept.officialize_attempted","evidenceFragmentCount":1,"schemaVersion":1,"status":"candidate"}
{"actor":"reviewer@example.com","auditEventId":"f66e9a98-9e96-4d2d-8508-c639dd6f4fb9","conceptId":"1f5461c2-fe7a-40f8-86f3-7b71fe9ad4ef","event":"concept.officialized","schemaVersion":1,"status":"official"}
{"durationMs":5.05,"event":"http.request.completed","method":"POST","path":"/v1/concepts/1f5461c2-fe7a-40f8-86f3-7b71fe9ad4ef/officialize","requestId":"7886fbd1-95a9-46ca-9d55-278d47c5081b","schemaVersion":1,"statusCode":200}
HTTP Request: POST http://testserver/v1/concepts/1f5461c2-fe7a-40f8-86f3-7b71fe9ad4ef/officialize "HTTP/1.1 200 OK"
{"durationMs":0.94,"event":"http.request.completed","method":"GET","path":"/v1/audit-events","requestId":"51131332-26bc-4e5b-b1fe-f02c49fec5f2","schemaVersion":1,"statusCode":200}
HTTP Request: GET http://testserver/v1/audit-events "HTTP/1.1 200 OK"
PASSED                                                                   [  0%]
tests/integration/test_audit_api.py::test_blocked_officialization_creates_audit_event 
-------------------------------- live log setup --------------------------------
{"appEnv":"local","event":"app.persistence_configured","persistenceBackend":"InMemoryStore","productionMode":true,"schemaVersion":1}
-------------------------------- live log call ---------------------------------
{"actor":"reviewer@example.com","auditEventId":"ee06f2f0-4403-4d0c-b789-f67022b8f46f","conceptId":"787ce9db-a0ad-4c1c-80f4-4cca29f881a5","decisionRecordCount":0,"event":"concept.created","evidenceFragmentCount":0,"name":"Unsupported Concept","schemaVersion":1,"status":"candidate"}
{"durationMs":0.71,"event":"http.request.completed","method":"POST","path":"/v1/concepts","requestId":"92ca5b35-e8ed-4a26-9958-5c8eda0f3275","schemaVersion":1,"statusCode":201}
HTTP Request: POST http://testserver/v1/concepts "HTTP/1.1 201 Created"
{"actor":"reviewer@example.com","conceptId":"787ce9db-a0ad-4c1c-80f4-4cca29f881a5","decisionRecordCount":0,"event":"concept.officialize_attempted","evidenceFragmentCount":0,"schemaVersion":1,"status":"candidate"}
{"actor":"reviewer@example.com","conceptId":"787ce9db-a0ad-4c1c-80f4-4cca29f881a5","event":"concept.officialize_blocked","reason":"Official Concepts require at least one reviewed EvidenceFragment or valid DecisionRecord.","schemaVersion":1,"status":"candidate"}
{"durationMs":1.8,"event":"http.request.completed","method":"POST","path":"/v1/concepts/787ce9db-a0ad-4c1c-80f4-4cca29f881a5/officialize","requestId":"e4e23e66-0023-4898-9e74-ca4301e76baf","schemaVersion":1,"statusCode":409}
HTTP Request: POST http://testserver/v1/concepts/787ce9db-a0ad-4c1c-80f4-4cca29f881a5/officialize "HTTP/1.1 409 Conflict"
{"durationMs":0.47,"event":"http.request.completed","method":"GET","path":"/v1/audit-events","requestId":"05b1bebe-7c2c-4778-bccb-5945981a2cd1","schemaVersion":1,"statusCode":200}
HTTP Request: GET http://testserver/v1/audit-events "HTTP/1.1 200 OK"
PASSED                                                                   [  1%]
tests/integration/test_concept_read_api.py::test_concept_list_and_read_return_created_candidate 
-------------------------------- live log setup --------------------------------
{"appEnv":"local","event":"app.persistence_configured","persistenceBackend":"InMemoryStore","productionMode":true,"schemaVersion":1}
-------------------------------- live log call ---------------------------------
{"actor":"reviewer@example.com","auditEventId":"779cd057-64af-46e4-9630-a1f927d8313c","conceptId":"314e340a-0792-434f-8d30-d49d7e3169f9","decisionRecordCount":0,"event":"concept.created","evidenceFragmentCount":0,"name":"Cornerstone","schemaVersion":1,"status":"candidate"}
{"durationMs":0.7,"event":"http.request.completed","method":"POST","path":"/v1/concepts","requestId":"4caa3251-f314-46e0-b74e-798215b198e2","schemaVersion":1,"statusCode":201}
HTTP Request: POST http://testserver/v1/concepts "HTTP/1.1 201 Created"
{"conceptCount":1,"event":"concept.listed","schemaVersion":1}
{"durationMs":0.89,"event":"http.request.completed","method":"GET","path":"/v1/concepts","requestId":"162320e9-e522-40a4-965e-1cc5d0a01d96","schemaVersion":1,"statusCode":200}
HTTP Request: GET http://testserver/v1/concepts "HTTP/1.1 200 OK"
{"conceptId":"314e340a-0792-434f-8d30-d49d7e3169f9","event":"concept.read","schemaVersion":1,"status":"candidate"}
{"durationMs":0.53,"event":"http.request.completed","method":"GET","path":"/v1/concepts/314e340a-0792-434f-8d30-d49d7e3169f9","requestId":"281e393b-d6ed-4184-b33f-cfd990f6a14b","schemaVersion":1,"statusCode":200}
HTTP Request: GET http://testserver/v1/concepts/314e340a-0792-434f-8d30-d49d7e3169f9 "HTTP/1.1 200 OK"
PASSED                                                                   [  1%]
tests/integration/test_concept_read_api.py::test_create_concept_with_missing_evidence_returns_not_found 
-------------------------------- live log setup --------------------------------
{"appEnv":"local","event":"app.persistence_configured","persistenceBackend":"InMemoryStore","productionMode":true,"schemaVersion":1}
-------------------------------- live log call ---------------------------------
{"event":"concept.create_blocked","evidenceFragmentId":"missing-evidence","reason":"evidence_not_found","schemaVersion":1}
{"durationMs":0.56,"event":"http.request.completed","method":"POST","path":"/v1/concepts","requestId":"4b05dcc6-27cc-4cfc-9e70-c68c7ebdd4df","schemaVersion":1,"statusCode":404}
HTTP Request: POST http://testserver/v1/concepts "HTTP/1.1 404 Not Found"
PASSED                                                                   [  2%]
tests/integration/test_concept_relations_api.py::test_relation_creation_and_officialization_requires_reviewed_support 
-------------------------------- live log setup --------------------------------
{"appEnv":"local","event":"app.persistence_configured","persistenceBackend":"InMemoryStore","productionMode":true,"schemaVersion":1}
{"event":"source.create_requested","productionEnabled":true,"schemaVersion":1,"sourceName":"Pilot Domain","sourceType":"manual"}
{"event":"source.created","productionEnabled":true,"schemaVersion":1,"sourceId":"e951f66d-b641-4724-aac6-82eeaf230852","sourceName":"Pilot Domain","sourceType":"manual","status":"connected"}
{"durationMs":0.7,"event":"http.request.completed","method":"POST","path":"/v1/sources","requestId":"54412790-de7a-41a0-91de-384f654eb221","schemaVersion":1,"statusCode":201}
HTTP Request: POST http://testserver/v1/sources "HTTP/1.1 201 Created"
{"event":"source.sync_started","objectCount":1,"schemaVersion":1,"sourceId":"e951f66d-b641-4724-aac6-82eeaf230852","sourceType":"manual","startedAt":"2026-04-29T01:23:56.173548+00:00"}
{"artifactId":"4db530bd-6d74-4a6e-a9a9-a4488c933a92","event":"artifact.extracted","evidenceFragmentCount":2,"freshnessState":"fresh","schemaVersion":1,"sourceExternalId":"doc-1","sourceId":"e951f66d-b641-4724-aac6-82eeaf230852"}
{"artifactCount":1,"artifactCreatedCount":1,"artifactReusedCount":0,"contentFreshnessState":"fresh","event":"source.sync_succeeded","evidenceFragmentCount":2,"freshnessState":"fresh","schemaVersion":1,"sourceId":"e951f66d-b641-4724-aac6-82eeaf230852","sourceType":"manual","status":"connected","syncFreshnessState":"fresh","totalArtifactCount":1,"totalEvidenceFragmentCount":2}
{"durationMs":0.98,"event":"http.request.completed","method":"POST","path":"/v1/manual-sources/e951f66d-b641-4724-aac6-82eeaf230852/sync","requestId":"3ecb0f60-7408-4725-8468-322b08a5bfab","schemaVersion":1,"statusCode":200}
HTTP Request: POST http://testserver/v1/manual-sources/e951f66d-b641-4724-aac6-82eeaf230852/sync "HTTP/1.1 200 OK"
{"actor":"reviewer@example.com","auditEventId":"e797ce63-338a-4215-9eae-d923f9147b42","event":"evidence.reviewed","evidenceFragmentId":"f663eb74-977d-4933-9874-1e8143df0ab0","schemaVersion":1,"trustState":"reviewed"}
{"durationMs":0.75,"event":"http.request.completed","method":"POST","path":"/v1/evidence/f663eb74-977d-4933-9874-1e8143df0ab0/review","requestId":"1a7a0434-76df-4edd-bcad-467beaaead55","schemaVersion":1,"statusCode":200}
HTTP Request: POST http://testserver/v1/evidence/f663eb74-977d-4933-9874-1e8143df0ab0/review "HTTP/1.1 200 OK"
-------------------------------- live log call ---------------------------------
{"actor":"reviewer@example.com","auditEventId":"6f5495ce-0ece-4ff5-8f56-296b3daedaca","conceptId":"ff0ce369-bd2c-434f-ab0c-69644c0e8afb","decisionRecordCount":0,"event":"concept.created","evidenceFragmentCount":1,"name":"Cornerstone","schemaVersion":1,"status":"candidate"}
{"durationMs":0.71,"event":"http.request.completed","method":"POST","path":"/v1/concepts","requestId":"a75f33c1-6084-40f6-abc1-2952381fc4db","schemaVersion":1,"statusCode":201}
HTTP Request: POST http://testserver/v1/concepts "HTTP/1.1 201 Created"
{"actor":"reviewer@example.com","conceptId":"ff0ce369-bd2c-434f-ab0c-69644c0e8afb","decisionRecordCount":0,"event":"concept.officialize_attempted","evidenceFragmentCount":1,"schemaVersion":1,"status":"candidate"}
{"actor":"reviewer@example.com","auditEventId":"de924d4c-f3de-4ce2-808f-09c8bc292368","conceptId":"ff0ce369-bd2c-434f-ab0c-69644c0e8afb","event":"concept.officialized","schemaVersion":1,"status":"official"}
{"durationMs":0.82,"event":"http.request.completed","method":"POST","path":"/v1/concepts/ff0ce369-bd2c-434f-ab0c-69644c0e8afb/officialize","requestId":"bcb1bd6f-57b9-40e7-b30c-59214d6c0aa4","schemaVersion":1,"statusCode":200}
HTTP Request: POST http://testserver/v1/concepts/ff0ce369-bd2c-434f-ab0c-69644c0e8afb/officialize "HTTP/1.1 200 OK"
{"actor":"reviewer@example.com","auditEventId":"f0cfe9e5-d53b-4026-9c09-3628df2c5e7c","conceptId":"2be73971-dd81-4eca-93ed-af6cae77c2d2","decisionRecordCount":0,"event":"concept.created","evidenceFragmentCount":1,"name":"Evidence Layer","schemaVersion":1,"status":"candidate"}
{"durationMs":0.64,"event":"http.request.completed","method":"POST","path":"/v1/concepts","requestId":"72035e3c-15f9-4c67-95d5-fcd2dfbf555c","schemaVersion":1,"statusCode":201}
HTTP Request: POST http://testserver/v1/concepts "HTTP/1.1 201 Created"
{"actor":"reviewer@example.com","conceptId":"2be73971-dd81-4eca-93ed-af6cae77c2d2","decisionRecordCount":0,"event":"concept.officialize_attempted","evidenceFragmentCount":1,"schemaVersion":1,"status":"candidate"}
{"actor":"reviewer@example.com","auditEventId":"51006700-1ab2-4331-a8fc-3e6a5041ed21","conceptId":"2be73971-dd81-4eca-93ed-af6cae77c2d2","event":"concept.officialized","schemaVersion":1,"status":"official"}
{"durationMs":0.98,"event":"http.request.completed","method":"POST","path":"/v1/concepts/2be73971-dd81-4eca-93ed-af6cae77c2d2/officialize","requestId":"cc363ec1-331d-4d41-900f-ca9bc8eb6943","schemaVersion":1,"statusCode":200}
HTTP Request: POST http://testserver/v1/concepts/2be73971-dd81-4eca-93ed-af6cae77c2d2/officialize "HTTP/1.1 200 OK"
{"actor":"reviewer@example.com","auditEventId":"49e3da18-ff6e-452b-aed3-94e216ba6970","conceptRelationId":"ba84dae9-80b7-4411-846d-e462653375e4","event":"concept_relation.created","evidenceFragmentCount":1,"relationType":"depends_on","schemaVersion":1,"sourceConceptId":"ff0ce369-bd2c-434f-ab0c-69644c0e8afb","targetConceptId":"2be73971-dd81-4eca-93ed-af6cae77c2d2"}
{"durationMs":4.76,"event":"http.request.completed","method":"POST","path":"/v1/concept-relations","requestId":"d9f54926-d7cf-483e-8dbd-ce8652cb9514","schemaVersion":1,"statusCode":201}
HTTP Request: POST http://testserver/v1/concept-relations "HTTP/1.1 201 Created"
{"actor":"reviewer@example.com","conceptRelationId":"ba84dae9-80b7-4411-846d-e462653375e4","decisionRecordId":null,"event":"concept_relation.officialize_attempted","evidenceFragmentCount":1,"schemaVersion":1,"status":"candidate"}
{"actor":"reviewer@example.com","auditEventId":"da8a33d9-7888-40bb-b0e0-7ecad4229d5f","conceptRelationId":"ba84dae9-80b7-4411-846d-e462653375e4","event":"concept_relation.officialized","schemaVersion":1,"status":"official"}
{"durationMs":3.69,"event":"http.request.completed","method":"POST","path":"/v1/concept-relations/ba84dae9-80b7-4411-846d-e462653375e4/officialize","requestId":"ef32c456-0cf2-4366-8ed9-5e609206660e","schemaVersion":1,"statusCode":200}
HTTP Request: POST http://testserver/v1/concept-relations/ba84dae9-80b7-4411-846d-e462653375e4/officialize "HTTP/1.1 200 OK"
PASSED                                                                   [  2%]
tests/integration/test_concept_relations_api.py::test_relation_officialization_without_support_is_blocked 
-------------------------------- live log setup --------------------------------
{"appEnv":"local","event":"app.persistence_configured","persistenceBackend":"InMemoryStore","productionMode":true,"schemaVersion":1}
{"event":"source.create_requested","productionEnabled":true,"schemaVersion":1,"sourceName":"Pilot Domain","sourceType":"manual"}
{"event":"source.created","productionEnabled":true,"schemaVersion":1,"sourceId":"4d6be396-c00e-4f11-ab7f-652f4dd31692","sourceName":"Pilot Domain","sourceType":"manual","status":"connected"}
{"durationMs":0.66,"event":"http.request.completed","method":"POST","path":"/v1/sources","requestId":"ce1385cd-5e0c-4d4b-96b0-ef6701997bfb","schemaVersion":1,"statusCode":201}
HTTP Request: POST http://testserver/v1/sources "HTTP/1.1 201 Created"
{"event":"source.sync_started","objectCount":1,"schemaVersion":1,"sourceId":"4d6be396-c00e-4f11-ab7f-652f4dd31692","sourceType":"manual","startedAt":"2026-04-29T01:23:56.208386+00:00"}
{"artifactId":"e2e2be03-572d-4c4e-b5ec-e1abd9e91e4e","event":"artifact.extracted","evidenceFragmentCount":2,"freshnessState":"fresh","schemaVersion":1,"sourceExternalId":"doc-1","sourceId":"4d6be396-c00e-4f11-ab7f-652f4dd31692"}
{"artifactCount":1,"artifactCreatedCount":1,"artifactReusedCount":0,"contentFreshnessState":"fresh","event":"source.sync_succeeded","evidenceFragmentCount":2,"freshnessState":"fresh","schemaVersion":1,"sourceId":"4d6be396-c00e-4f11-ab7f-652f4dd31692","sourceType":"manual","status":"connected","syncFreshnessState":"fresh","totalArtifactCount":1,"totalEvidenceFragmentCount":2}
{"durationMs":0.95,"event":"http.request.completed","method":"POST","path":"/v1/manual-sources/4d6be396-c00e-4f11-ab7f-652f4dd31692/sync","requestId":"7b4cefad-ba5e-4f51-925f-02e499a0a998","schemaVersion":1,"statusCode":200}
HTTP Request: POST http://testserver/v1/manual-sources/4d6be396-c00e-4f11-ab7f-652f4dd31692/sync "HTTP/1.1 200 OK"
{"actor":"reviewer@example.com","auditEventId":"02852d73-a03f-4be8-bdac-90fe0b67299a","event":"evidence.reviewed","evidenceFragmentId":"eaed8827-40cf-4847-8c01-42f66b5a61f5","schemaVersion":1,"trustState":"reviewed"}
{"durationMs":0.8,"event":"http.request.completed","method":"POST","path":"/v1/evidence/eaed8827-40cf-4847-8c01-42f66b5a61f5/review","requestId":"6ae444d3-415f-4f66-bc1e-e2d916f69951","schemaVersion":1,"statusCode":200}
HTTP Request: POST http://testserver/v1/evidence/eaed8827-40cf-4847-8c01-42f66b5a61f5/review "HTTP/1.1 200 OK"
-------------------------------- live log call ---------------------------------
{"actor":"reviewer@example.com","auditEventId":"c2136267-c334-46cb-8f6f-a6919700dcef","conceptId":"42a457e3-1c29-4aff-a394-3b98ee360681","decisionRecordCount":0,"event":"concept.created","evidenceFragmentCount":1,"name":"Source Concept","schemaVersion":1,"status":"candidate"}
{"durationMs":0.66,"event":"http.request.completed","method":"POST","path":"/v1/concepts","requestId":"68ba87fa-b22f-4325-8ba9-074a074dbc0d","schemaVersion":1,"statusCode":201}
HTTP Request: POST http://testserver/v1/concepts "HTTP/1.1 201 Created"
{"actor":"reviewer@example.com","conceptId":"42a457e3-1c29-4aff-a394-3b98ee360681","decisionRecordCount":0,"event":"concept.officialize_attempted","evidenceFragmentCount":1,"schemaVersion":1,"status":"candidate"}
{"actor":"reviewer@example.com","auditEventId":"b60531c4-fe5d-4175-b394-4f43f0de5f55","conceptId":"42a457e3-1c29-4aff-a394-3b98ee360681","event":"concept.officialized","schemaVersion":1,"status":"official"}
{"durationMs":0.85,"event":"http.request.completed","method":"POST","path":"/v1/concepts/42a457e3-1c29-4aff-a394-3b98ee360681/officialize","requestId":"397ca1bb-fbb9-4422-87b3-4e5c181d5449","schemaVersion":1,"statusCode":200}
HTTP Request: POST http://testserver/v1/concepts/42a457e3-1c29-4aff-a394-3b98ee360681/officialize "HTTP/1.1 200 OK"
{"actor":"reviewer@example.com","auditEventId":"15ebea61-cd8f-4704-8024-bf50de279c17","conceptId":"5d613d40-d7f9-4987-8b57-c2fa80fb13fb","decisionRecordCount":0,"event":"concept.created","evidenceFragmentCount":1,"name":"Target Concept","schemaVersion":1,"status":"candidate"}
{"durationMs":0.65,"event":"http.request.completed","method":"POST","path":"/v1/concepts","requestId":"f7aae5d1-51a0-43be-ad67-a8c4a92643c6","schemaVersion":1,"statusCode":201}
HTTP Request: POST http://testserver/v1/concepts "HTTP/1.1 201 Created"
{"actor":"reviewer@example.com","conceptId":"5d613d40-d7f9-4987-8b57-c2fa80fb13fb","decisionRecordCount":0,"event":"concept.officialize_attempted","evidenceFragmentCount":1,"schemaVersion":1,"status":"candidate"}
{"actor":"reviewer@example.com","auditEventId":"dbd48e41-2ecc-47fd-ac4d-da6b41c96078","conceptId":"5d613d40-d7f9-4987-8b57-c2fa80fb13fb","event":"concept.officialized","schemaVersion":1,"status":"official"}
{"durationMs":0.8,"event":"http.request.completed","method":"POST","path":"/v1/concepts/5d613d40-d7f9-4987-8b57-c2fa80fb13fb/officialize","requestId":"88198eb5-44a2-48c0-a617-535efffbdbdd","schemaVersion":1,"statusCode":200}
HTTP Request: POST http://testserver/v1/concepts/5d613d40-d7f9-4987-8b57-c2fa80fb13fb/officialize "HTTP/1.1 200 OK"
{"actor":"reviewer@example.com","auditEventId":"50643d42-8c89-497f-86d8-f84746e781b8","conceptRelationId":"4d1fe8ef-e47b-446f-8209-c404a02da0c7","event":"concept_relation.created","evidenceFragmentCount":0,"relationType":"depends_on","schemaVersion":1,"sourceConceptId":"42a457e3-1c29-4aff-a394-3b98ee360681","targetConceptId":"5d613d40-d7f9-4987-8b57-c2fa80fb13fb"}
{"durationMs":0.78,"event":"http.request.completed","method":"POST","path":"/v1/concept-relations","requestId":"1a0907b7-d476-412f-a12f-b94f99801189","schemaVersion":1,"statusCode":201}
HTTP Request: POST http://testserver/v1/concept-relations "HTTP/1.1 201 Created"
{"actor":"reviewer@example.com","conceptRelationId":"4d1fe8ef-e47b-446f-8209-c404a02da0c7","decisionRecordId":null,"event":"concept_relation.officialize_attempted","evidenceFragmentCount":0,"schemaVersion":1,"status":"candidate"}
{"actor":"reviewer@example.com","conceptRelationId":"4d1fe8ef-e47b-446f-8209-c404a02da0c7","event":"concept_relation.officialize_blocked","reason":"Official ConceptRelations require at least one reviewed EvidenceFragment or valid DecisionRecord.","schemaVersion":1}
{"durationMs":1.78,"event":"http.request.completed","method":"POST","path":"/v1/concept-relations/4d1fe8ef-e47b-446f-8209-c404a02da0c7/officialize","requestId":"65708133-850d-4794-ab50-ff430a60841a","schemaVersion":1,"statusCode":409}
HTTP Request: POST http://testserver/v1/concept-relations/4d1fe8ef-e47b-446f-8209-c404a02da0c7/officialize "HTTP/1.1 409 Conflict"
PASSED                                                                   [  3%]
tests/integration/test_concept_relations_api.py::test_relation_officialization_requires_both_concepts_official 
-------------------------------- live log setup --------------------------------
{"appEnv":"local","event":"app.persistence_configured","persistenceBackend":"InMemoryStore","productionMode":true,"schemaVersion":1}
{"event":"source.create_requested","productionEnabled":true,"schemaVersion":1,"sourceName":"Pilot Domain","sourceType":"manual"}
{"event":"source.created","productionEnabled":true,"schemaVersion":1,"sourceId":"ba2f3f2f-6b89-48c8-8c2e-c38492e25793","sourceName":"Pilot Domain","sourceType":"manual","status":"connected"}
{"durationMs":0.76,"event":"http.request.completed","method":"POST","path":"/v1/sources","requestId":"008313b4-1d70-4642-a2f5-06fe8ab08ec4","schemaVersion":1,"statusCode":201}
HTTP Request: POST http://testserver/v1/sources "HTTP/1.1 201 Created"
{"event":"source.sync_started","objectCount":1,"schemaVersion":1,"sourceId":"ba2f3f2f-6b89-48c8-8c2e-c38492e25793","sourceType":"manual","startedAt":"2026-04-29T01:23:56.237684+00:00"}
{"artifactId":"bb170bac-1315-4e7c-9a17-042b42c5e8d7","event":"artifact.extracted","evidenceFragmentCount":2,"freshnessState":"fresh","schemaVersion":1,"sourceExternalId":"doc-1","sourceId":"ba2f3f2f-6b89-48c8-8c2e-c38492e25793"}
{"artifactCount":1,"artifactCreatedCount":1,"artifactReusedCount":0,"contentFreshnessState":"fresh","event":"source.sync_succeeded","evidenceFragmentCount":2,"freshnessState":"fresh","schemaVersion":1,"sourceId":"ba2f3f2f-6b89-48c8-8c2e-c38492e25793","sourceType":"manual","status":"connected","syncFreshnessState":"fresh","totalArtifactCount":1,"totalEvidenceFragmentCount":2}
{"durationMs":0.97,"event":"http.request.completed","method":"POST","path":"/v1/manual-sources/ba2f3f2f-6b89-48c8-8c2e-c38492e25793/sync","requestId":"c194558d-c560-4dd3-b2f2-ff88c843104c","schemaVersion":1,"statusCode":200}
HTTP Request: POST http://testserver/v1/manual-sources/ba2f3f2f-6b89-48c8-8c2e-c38492e25793/sync "HTTP/1.1 200 OK"
{"actor":"reviewer@example.com","auditEventId":"5c16fdfe-828a-40aa-95d5-04de4944377d","event":"evidence.reviewed","evidenceFragmentId":"14b5cb41-313d-4f9b-98af-1c3fd8fa96f0","schemaVersion":1,"trustState":"reviewed"}
{"durationMs":0.75,"event":"http.request.completed","method":"POST","path":"/v1/evidence/14b5cb41-313d-4f9b-98af-1c3fd8fa96f0/review","requestId":"2d33022d-d7b5-4e9c-b02d-e7644110dc41","schemaVersion":1,"statusCode":200}
HTTP Request: POST http://testserver/v1/evidence/14b5cb41-313d-4f9b-98af-1c3fd8fa96f0/review "HTTP/1.1 200 OK"
-------------------------------- live log call ---------------------------------
{"actor":"reviewer@example.com","auditEventId":"49023d52-139a-4fec-8d49-6994a3319237","conceptId":"94d6dbad-7edd-4a74-9500-ed3d7a57db0e","decisionRecordCount":0,"event":"concept.created","evidenceFragmentCount":1,"name":"Official Source","schemaVersion":1,"status":"candidate"}
{"durationMs":0.68,"event":"http.request.completed","method":"POST","path":"/v1/concepts","requestId":"06f21dc8-087a-4d5e-bb76-7da10fc2aee6","schemaVersion":1,"statusCode":201}
HTTP Request: POST http://testserver/v1/concepts "HTTP/1.1 201 Created"
{"actor":"reviewer@example.com","conceptId":"94d6dbad-7edd-4a74-9500-ed3d7a57db0e","decisionRecordCount":0,"event":"concept.officialize_attempted","evidenceFragmentCount":1,"schemaVersion":1,"status":"candidate"}
{"actor":"reviewer@example.com","auditEventId":"1ff0a6b9-3c99-4930-803a-d9cca85c1edd","conceptId":"94d6dbad-7edd-4a74-9500-ed3d7a57db0e","event":"concept.officialized","schemaVersion":1,"status":"official"}
{"durationMs":0.81,"event":"http.request.completed","method":"POST","path":"/v1/concepts/94d6dbad-7edd-4a74-9500-ed3d7a57db0e/officialize","requestId":"a3c8cffa-f4a4-48c6-bf5f-5f9f0b8f0cc9","schemaVersion":1,"statusCode":200}
HTTP Request: POST http://testserver/v1/concepts/94d6dbad-7edd-4a74-9500-ed3d7a57db0e/officialize "HTTP/1.1 200 OK"
{"actor":"reviewer@example.com","auditEventId":"d09cdb6b-67b0-4da0-a76f-ec916c713706","conceptId":"9276d8d5-e43a-42bb-b253-7bfad51ed864","decisionRecordCount":0,"event":"concept.created","evidenceFragmentCount":1,"name":"Candidate Target","schemaVersion":1,"status":"candidate"}
{"durationMs":0.62,"event":"http.request.completed","method":"POST","path":"/v1/concepts","requestId":"77008b1a-e18d-4418-a064-9f2d161d8453","schemaVersion":1,"statusCode":201}
HTTP Request: POST http://testserver/v1/concepts "HTTP/1.1 201 Created"
{"actor":"reviewer@example.com","auditEventId":"d2e5aa87-4afe-4a99-9269-15921ac675d5","conceptRelationId":"f54ae18c-8779-492d-b6e4-2ac2ab85b4bb","event":"concept_relation.created","evidenceFragmentCount":1,"relationType":"depends_on","schemaVersion":1,"sourceConceptId":"94d6dbad-7edd-4a74-9500-ed3d7a57db0e","targetConceptId":"9276d8d5-e43a-42bb-b253-7bfad51ed864"}
{"durationMs":0.78,"event":"http.request.completed","method":"POST","path":"/v1/concept-relations","requestId":"fd589462-a6de-4011-a921-98bd2cd399e0","schemaVersion":1,"statusCode":201}
HTTP Request: POST http://testserver/v1/concept-relations "HTTP/1.1 201 Created"
{"actor":"reviewer@example.com","conceptRelationId":"f54ae18c-8779-492d-b6e4-2ac2ab85b4bb","decisionRecordId":null,"event":"concept_relation.officialize_attempted","evidenceFragmentCount":1,"schemaVersion":1,"status":"candidate"}
{"actor":"reviewer@example.com","conceptRelationId":"f54ae18c-8779-492d-b6e4-2ac2ab85b4bb","event":"concept_relation.officialize_blocked","reason":"Official ConceptRelations require both Concepts to be official.","schemaVersion":1}
{"durationMs":0.71,"event":"http.request.completed","method":"POST","path":"/v1/concept-relations/f54ae18c-8779-492d-b6e4-2ac2ab85b4bb/officialize","requestId":"8c00aed1-4638-4856-842b-59b86956be2f","schemaVersion":1,"statusCode":409}
HTTP Request: POST http://testserver/v1/concept-relations/f54ae18c-8779-492d-b6e4-2ac2ab85b4bb/officialize "HTTP/1.1 409 Conflict"
PASSED                                                                   [  3%]
tests/integration/test_concept_relations_api.py::test_unauthorized_reviewer_cannot_create_or_officialize_relation 
-------------------------------- live log setup --------------------------------
{"appEnv":"local","event":"app.persistence_configured","persistenceBackend":"InMemoryStore","productionMode":true,"schemaVersion":1}
{"event":"source.create_requested","productionEnabled":true,"schemaVersion":1,"sourceName":"Pilot Domain","sourceType":"manual"}
{"event":"source.created","productionEnabled":true,"schemaVersion":1,"sourceId":"b0659d22-855f-4232-a512-0640d2c5426a","sourceName":"Pilot Domain","sourceType":"manual","status":"connected"}
{"durationMs":0.64,"event":"http.request.completed","method":"POST","path":"/v1/sources","requestId":"ffb6a710-1d0c-458b-b588-38bfa63bd5e9","schemaVersion":1,"statusCode":201}
HTTP Request: POST http://testserver/v1/sources "HTTP/1.1 201 Created"
{"event":"source.sync_started","objectCount":1,"schemaVersion":1,"sourceId":"b0659d22-855f-4232-a512-0640d2c5426a","sourceType":"manual","startedAt":"2026-04-29T01:23:56.263484+00:00"}
{"artifactId":"068a9bbc-c522-4077-9acb-5f387aed826e","event":"artifact.extracted","evidenceFragmentCount":2,"freshnessState":"fresh","schemaVersion":1,"sourceExternalId":"doc-1","sourceId":"b0659d22-855f-4232-a512-0640d2c5426a"}
{"artifactCount":1,"artifactCreatedCount":1,"artifactReusedCount":0,"contentFreshnessState":"fresh","event":"source.sync_succeeded","evidenceFragmentCount":2,"freshnessState":"fresh","schemaVersion":1,"sourceId":"b0659d22-855f-4232-a512-0640d2c5426a","sourceType":"manual","status":"connected","syncFreshnessState":"fresh","totalArtifactCount":1,"totalEvidenceFragmentCount":2}
{"durationMs":0.94,"event":"http.request.completed","method":"POST","path":"/v1/manual-sources/b0659d22-855f-4232-a512-0640d2c5426a/sync","requestId":"296f2718-552e-4d7b-9c5c-94ba12d0bfa4","schemaVersion":1,"statusCode":200}
HTTP Request: POST http://testserver/v1/manual-sources/b0659d22-855f-4232-a512-0640d2c5426a/sync "HTTP/1.1 200 OK"
{"actor":"reviewer@example.com","auditEventId":"32ba0b1e-44be-43aa-b6ee-6f9541da8b04","event":"evidence.reviewed","evidenceFragmentId":"bcb3a755-0e13-4575-a065-3019e6e7fff7","schemaVersion":1,"trustState":"reviewed"}
{"durationMs":0.72,"event":"http.request.completed","method":"POST","path":"/v1/evidence/bcb3a755-0e13-4575-a065-3019e6e7fff7/review","requestId":"9610b0b3-eadd-4728-b100-d78a5be90918","schemaVersion":1,"statusCode":200}
HTTP Request: POST http://testserver/v1/evidence/bcb3a755-0e13-4575-a065-3019e6e7fff7/review "HTTP/1.1 200 OK"
-------------------------------- live log call ---------------------------------
{"actor":"reviewer@example.com","auditEventId":"3348bc7b-ae37-49ea-884a-8628b6b0542f","conceptId":"f8e0990a-fa52-4313-8fa0-e9f05fab86bb","decisionRecordCount":0,"event":"concept.created","evidenceFragmentCount":1,"name":"Authorized Source","schemaVersion":1,"status":"candidate"}
{"durationMs":0.86,"event":"http.request.completed","method":"POST","path":"/v1/concepts","requestId":"38d6d4e3-e83b-40ea-9cbf-e36c4ef9c427","schemaVersion":1,"statusCode":201}
HTTP Request: POST http://testserver/v1/concepts "HTTP/1.1 201 Created"
{"actor":"reviewer@example.com","conceptId":"f8e0990a-fa52-4313-8fa0-e9f05fab86bb","decisionRecordCount":0,"event":"concept.officialize_attempted","evidenceFragmentCount":1,"schemaVersion":1,"status":"candidate"}
{"actor":"reviewer@example.com","auditEventId":"3bccdc3a-e568-4604-908f-2ad3e91ca131","conceptId":"f8e0990a-fa52-4313-8fa0-e9f05fab86bb","event":"concept.officialized","schemaVersion":1,"status":"official"}
{"durationMs":0.8,"event":"http.request.completed","method":"POST","path":"/v1/concepts/f8e0990a-fa52-4313-8fa0-e9f05fab86bb/officialize","requestId":"447fd0c3-ea90-47e3-b094-5a7375f0abd8","schemaVersion":1,"statusCode":200}
HTTP Request: POST http://testserver/v1/concepts/f8e0990a-fa52-4313-8fa0-e9f05fab86bb/officialize "HTTP/1.1 200 OK"
{"actor":"reviewer@example.com","auditEventId":"c25b912b-064b-44db-bebe-2219d6cb441e","conceptId":"5e7d1f83-cda4-415c-a9eb-0cb2f5825902","decisionRecordCount":0,"event":"concept.created","evidenceFragmentCount":1,"name":"Authorized Target","schemaVersion":1,"status":"candidate"}
{"durationMs":0.62,"event":"http.request.completed","method":"POST","path":"/v1/concepts","requestId":"768a122b-126c-443e-adab-c2d2e499dae0","schemaVersion":1,"statusCode":201}
HTTP Request: POST http://testserver/v1/concepts "HTTP/1.1 201 Created"
{"actor":"reviewer@example.com","conceptId":"5e7d1f83-cda4-415c-a9eb-0cb2f5825902","decisionRecordCount":0,"event":"concept.officialize_attempted","evidenceFragmentCount":1,"schemaVersion":1,"status":"candidate"}
{"actor":"reviewer@example.com","auditEventId":"f42fe3a6-f002-4d60-adc2-45941825432b","conceptId":"5e7d1f83-cda4-415c-a9eb-0cb2f5825902","event":"concept.officialized","schemaVersion":1,"status":"official"}
{"durationMs":0.79,"event":"http.request.completed","method":"POST","path":"/v1/concepts/5e7d1f83-cda4-415c-a9eb-0cb2f5825902/officialize","requestId":"ab1c419a-5ac3-4d75-b038-f7b2c10b6aee","schemaVersion":1,"statusCode":200}
HTTP Request: POST http://testserver/v1/concepts/5e7d1f83-cda4-415c-a9eb-0cb2f5825902/officialize "HTTP/1.1 200 OK"
{"actor":"random@example.com","event":"concept_relation.create_blocked","reason":"reviewer_not_authorized","schemaVersion":1}
{"durationMs":0.57,"event":"http.request.completed","method":"POST","path":"/v1/concept-relations","requestId":"1ce5ad59-7f39-4b2e-89db-67018b0c92e7","schemaVersion":1,"statusCode":403}
HTTP Request: POST http://testserver/v1/concept-relations "HTTP/1.1 403 Forbidden"
{"actor":"reviewer@example.com","auditEventId":"5e92473e-b7c4-43dd-84b1-4036446807fc","conceptRelationId":"c641812e-ec8b-4af1-a4e8-388440488d40","event":"concept_relation.created","evidenceFragmentCount":1,"relationType":"depends_on","schemaVersion":1,"sourceConceptId":"f8e0990a-fa52-4313-8fa0-e9f05fab86bb","targetConceptId":"5e7d1f83-cda4-415c-a9eb-0cb2f5825902"}
{"durationMs":0.78,"event":"http.request.completed","method":"POST","path":"/v1/concept-relations","requestId":"030c5af7-ac56-4be2-9b92-d486ab72b437","schemaVersion":1,"statusCode":201}
HTTP Request: POST http://testserver/v1/concept-relations "HTTP/1.1 201 Created"
{"actor":"random@example.com","conceptRelationId":"c641812e-ec8b-4af1-a4e8-388440488d40","decisionRecordId":null,"event":"concept_relation.officialize_attempted","evidenceFragmentCount":1,"schemaVersion":1,"status":"candidate"}
{"actor":"random@example.com","conceptRelationId":"c641812e-ec8b-4af1-a4e8-388440488d40","event":"concept_relation.officialize_blocked","reason":"Reviewer is not authorized: random@example.com","schemaVersion":1}
{"durationMs":0.65,"event":"http.request.completed","method":"POST","path":"/v1/concept-relations/c641812e-ec8b-4af1-a4e8-388440488d40/officialize","requestId":"ac279487-9472-4209-8ac0-159da149d0ba","schemaVersion":1,"statusCode":403}
HTTP Request: POST http://testserver/v1/concept-relations/c641812e-ec8b-4af1-a4e8-388440488d40/officialize "HTTP/1.1 403 Forbidden"
PASSED                                                                   [  3%]
tests/integration/test_concept_relations_api.py::test_relation_route_reports_missing_relation_evidence_and_decision_record 
-------------------------------- live log setup --------------------------------
{"appEnv":"local","event":"app.persistence_configured","persistenceBackend":"InMemoryStore","productionMode":true,"schemaVersion":1}
{"event":"source.create_requested","productionEnabled":true,"schemaVersion":1,"sourceName":"Pilot Domain","sourceType":"manual"}
{"event":"source.created","productionEnabled":true,"schemaVersion":1,"sourceId":"2a77b02f-33be-4187-a638-383e655ccce0","sourceName":"Pilot Domain","sourceType":"manual","status":"connected"}
{"durationMs":0.65,"event":"http.request.completed","method":"POST","path":"/v1/sources","requestId":"4fc9e8dd-8b2d-4b98-b189-a097690229ff","schemaVersion":1,"statusCode":201}
HTTP Request: POST http://testserver/v1/sources "HTTP/1.1 201 Created"
{"event":"source.sync_started","objectCount":1,"schemaVersion":1,"sourceId":"2a77b02f-33be-4187-a638-383e655ccce0","sourceType":"manual","startedAt":"2026-04-29T01:23:56.303221+00:00"}
{"artifactId":"77cda22c-5677-4ad6-97a2-49f8dd225aeb","event":"artifact.extracted","evidenceFragmentCount":2,"freshnessState":"fresh","schemaVersion":1,"sourceExternalId":"doc-1","sourceId":"2a77b02f-33be-4187-a638-383e655ccce0"}
{"artifactCount":1,"artifactCreatedCount":1,"artifactReusedCount":0,"contentFreshnessState":"fresh","event":"source.sync_succeeded","evidenceFragmentCount":2,"freshnessState":"fresh","schemaVersion":1,"sourceId":"2a77b02f-33be-4187-a638-383e655ccce0","sourceType":"manual","status":"connected","syncFreshnessState":"fresh","totalArtifactCount":1,"totalEvidenceFragmentCount":2}
{"durationMs":0.92,"event":"http.request.completed","method":"POST","path":"/v1/manual-sources/2a77b02f-33be-4187-a638-383e655ccce0/sync","requestId":"8094a094-8163-45eb-a831-b5a58ff0b769","schemaVersion":1,"statusCode":200}
HTTP Request: POST http://testserver/v1/manual-sources/2a77b02f-33be-4187-a638-383e655ccce0/sync "HTTP/1.1 200 OK"
{"actor":"reviewer@example.com","auditEventId":"999949e5-c406-4932-a7b6-21157eff302c","event":"evidence.reviewed","evidenceFragmentId":"adf044e6-22b2-43f0-8553-4c7ebdb11126","schemaVersion":1,"trustState":"reviewed"}
{"durationMs":0.75,"event":"http.request.completed","method":"POST","path":"/v1/evidence/adf044e6-22b2-43f0-8553-4c7ebdb11126/review","requestId":"ee8cb627-93af-45b7-93c5-f06e952b4522","schemaVersion":1,"statusCode":200}
HTTP Request: POST http://testserver/v1/evidence/adf044e6-22b2-43f0-8553-4c7ebdb11126/review "HTTP/1.1 200 OK"
-------------------------------- live log call ---------------------------------
{"actor":"reviewer@example.com","auditEventId":"f104746f-1243-4ec5-a645-19ce4f3c1413","conceptId":"f573780b-8e6d-4275-b7ea-8924226096c1","decisionRecordCount":0,"event":"concept.created","evidenceFragmentCount":1,"name":"Missing Source","schemaVersion":1,"status":"candidate"}
{"durationMs":0.67,"event":"http.request.completed","method":"POST","path":"/v1/concepts","requestId":"3b4be9d8-89e2-4a45-b3ad-62e53c3624f2","schemaVersion":1,"statusCode":201}
HTTP Request: POST http://testserver/v1/concepts "HTTP/1.1 201 Created"
{"actor":"reviewer@example.com","conceptId":"f573780b-8e6d-4275-b7ea-8924226096c1","decisionRecordCount":0,"event":"concept.officialize_attempted","evidenceFragmentCount":1,"schemaVersion":1,"status":"candidate"}
{"actor":"reviewer@example.com","auditEventId":"d63bc431-695d-4b51-830b-921abc530c2c","conceptId":"f573780b-8e6d-4275-b7ea-8924226096c1","event":"concept.officialized","schemaVersion":1,"status":"official"}
{"durationMs":0.84,"event":"http.request.completed","method":"POST","path":"/v1/concepts/f573780b-8e6d-4275-b7ea-8924226096c1/officialize","requestId":"43105f67-72cb-48e6-84c6-fc343b15162b","schemaVersion":1,"statusCode":200}
HTTP Request: POST http://testserver/v1/concepts/f573780b-8e6d-4275-b7ea-8924226096c1/officialize "HTTP/1.1 200 OK"
{"actor":"reviewer@example.com","auditEventId":"d68c3be4-f63c-455c-8a7f-008c0bc7f212","conceptId":"01dffcba-9402-47e1-a1d1-a4c447910499","decisionRecordCount":0,"event":"concept.created","evidenceFragmentCount":1,"name":"Missing Target","schemaVersion":1,"status":"candidate"}
{"durationMs":0.64,"event":"http.request.completed","method":"POST","path":"/v1/concepts","requestId":"c1586547-6f9c-4579-9e2e-4497a0eaafea","schemaVersion":1,"statusCode":201}
HTTP Request: POST http://testserver/v1/concepts "HTTP/1.1 201 Created"
{"actor":"reviewer@example.com","conceptId":"01dffcba-9402-47e1-a1d1-a4c447910499","decisionRecordCount":0,"event":"concept.officialize_attempted","evidenceFragmentCount":1,"schemaVersion":1,"status":"candidate"}
{"actor":"reviewer@example.com","auditEventId":"1cd5c474-8003-4bb5-b138-c9a5a4f73310","conceptId":"01dffcba-9402-47e1-a1d1-a4c447910499","event":"concept.officialized","schemaVersion":1,"status":"official"}
{"durationMs":0.82,"event":"http.request.completed","method":"POST","path":"/v1/concepts/01dffcba-9402-47e1-a1d1-a4c447910499/officialize","requestId":"7435fa2d-791a-485f-8bb8-9e1b36c54a5a","schemaVersion":1,"statusCode":200}
HTTP Request: POST http://testserver/v1/concepts/01dffcba-9402-47e1-a1d1-a4c447910499/officialize "HTTP/1.1 200 OK"
{"durationMs":0.7,"event":"http.request.completed","method":"GET","path":"/v1/concept-relations/missing-relation-id","requestId":"16502fcd-0ccf-4e8e-86bb-d4a0d49e906f","schemaVersion":1,"statusCode":404}
HTTP Request: GET http://testserver/v1/concept-relations/missing-relation-id "HTTP/1.1 404 Not Found"
{"event":"concept_relation.create_blocked","evidenceFragmentId":"missing-evidence-id","reason":"evidence_not_found","schemaVersion":1}
{"durationMs":0.6,"event":"http.request.completed","method":"POST","path":"/v1/concept-relations","requestId":"0d2d6c55-5f5a-49b0-b6bb-cbbd41492d28","schemaVersion":1,"statusCode":404}
HTTP Request: POST http://testserver/v1/concept-relations "HTTP/1.1 404 Not Found"
{"durationMs":1.07,"event":"http.request.completed","method":"POST","path":"/v1/concept-relations","requestId":"88cdbbbd-8c7b-438c-bdda-25eb64c45f1c","schemaVersion":1,"statusCode":404}
HTTP Request: POST http://testserver/v1/concept-relations "HTTP/1.1 404 Not Found"
PASSED                                                                   [  4%]
tests/integration/test_concept_relations_api.py::test_relation_can_be_officialized_with_valid_decision_record_support 
-------------------------------- live log setup --------------------------------
{"appEnv":"local","event":"app.persistence_configured","persistenceBackend":"InMemoryStore","productionMode":true,"schemaVersion":1}
{"event":"source.create_requested","productionEnabled":true,"schemaVersion":1,"sourceName":"Pilot Domain","sourceType":"manual"}
{"event":"source.created","productionEnabled":true,"schemaVersion":1,"sourceId":"a39e0bc9-5058-425c-ac45-e3cc1779aea2","sourceName":"Pilot Domain","sourceType":"manual","status":"connected"}
{"durationMs":0.67,"event":"http.request.completed","method":"POST","path":"/v1/sources","requestId":"b21c011c-faa5-4a95-bbaa-e364a4133743","schemaVersion":1,"statusCode":201}
HTTP Request: POST http://testserver/v1/sources "HTTP/1.1 201 Created"
{"event":"source.sync_started","objectCount":1,"schemaVersion":1,"sourceId":"a39e0bc9-5058-425c-ac45-e3cc1779aea2","sourceType":"manual","startedAt":"2026-04-29T01:23:56.331995+00:00"}
{"artifactId":"1b722ac9-32b0-4cfd-92b4-3558c552dda2","event":"artifact.extracted","evidenceFragmentCount":2,"freshnessState":"fresh","schemaVersion":1,"sourceExternalId":"doc-1","sourceId":"a39e0bc9-5058-425c-ac45-e3cc1779aea2"}
{"artifactCount":1,"artifactCreatedCount":1,"artifactReusedCount":0,"contentFreshnessState":"fresh","event":"source.sync_succeeded","evidenceFragmentCount":2,"freshnessState":"fresh","schemaVersion":1,"sourceId":"a39e0bc9-5058-425c-ac45-e3cc1779aea2","sourceType":"manual","status":"connected","syncFreshnessState":"fresh","totalArtifactCount":1,"totalEvidenceFragmentCount":2}
{"durationMs":0.97,"event":"http.request.completed","method":"POST","path":"/v1/manual-sources/a39e0bc9-5058-425c-ac45-e3cc1779aea2/sync","requestId":"e479f631-5e33-413c-a172-4cb806f008ee","schemaVersion":1,"statusCode":200}
HTTP Request: POST http://testserver/v1/manual-sources/a39e0bc9-5058-425c-ac45-e3cc1779aea2/sync "HTTP/1.1 200 OK"
{"actor":"reviewer@example.com","auditEventId":"11e8e60c-e5ac-4974-94c5-ef34e3d39f47","event":"evidence.reviewed","evidenceFragmentId":"0f870aab-9f59-4121-bbd8-ccb0eaafecfb","schemaVersion":1,"trustState":"reviewed"}
{"durationMs":0.74,"event":"http.request.completed","method":"POST","path":"/v1/evidence/0f870aab-9f59-4121-bbd8-ccb0eaafecfb/review","requestId":"898693e3-7f01-4936-8266-1a5cf58edc37","schemaVersion":1,"statusCode":200}
HTTP Request: POST http://testserver/v1/evidence/0f870aab-9f59-4121-bbd8-ccb0eaafecfb/review "HTTP/1.1 200 OK"
-------------------------------- live log call ---------------------------------
{"actor":"reviewer@example.com","auditEventId":"eddb7cdd-6986-4f88-999d-58f9cbb94806","conceptId":"b5940273-6bed-4ef7-b8c5-dfefdda7587d","decisionRecordCount":0,"event":"concept.created","evidenceFragmentCount":1,"name":"Decision Source","schemaVersion":1,"status":"candidate"}
{"durationMs":0.65,"event":"http.request.completed","method":"POST","path":"/v1/concepts","requestId":"c1e0cf8c-5ccb-4ebd-af67-efc05c5c9c25","schemaVersion":1,"statusCode":201}
HTTP Request: POST http://testserver/v1/concepts "HTTP/1.1 201 Created"
{"actor":"reviewer@example.com","conceptId":"b5940273-6bed-4ef7-b8c5-dfefdda7587d","decisionRecordCount":0,"event":"concept.officialize_attempted","evidenceFragmentCount":1,"schemaVersion":1,"status":"candidate"}
{"actor":"reviewer@example.com","auditEventId":"d121b407-71ca-4933-8059-683cff56e0e8","conceptId":"b5940273-6bed-4ef7-b8c5-dfefdda7587d","event":"concept.officialized","schemaVersion":1,"status":"official"}
{"durationMs":0.84,"event":"http.request.completed","method":"POST","path":"/v1/concepts/b5940273-6bed-4ef7-b8c5-dfefdda7587d/officialize","requestId":"7cbdad7d-911b-4874-bbea-92cf68ead7f9","schemaVersion":1,"statusCode":200}
HTTP Request: POST http://testserver/v1/concepts/b5940273-6bed-4ef7-b8c5-dfefdda7587d/officialize "HTTP/1.1 200 OK"
{"actor":"reviewer@example.com","auditEventId":"d46613f1-e8c3-42d5-a0bc-3f7fb1b935fe","conceptId":"3bcb119e-2275-4c50-b445-95690cee0041","decisionRecordCount":0,"event":"concept.created","evidenceFragmentCount":1,"name":"Decision Target","schemaVersion":1,"status":"candidate"}
{"durationMs":0.65,"event":"http.request.completed","method":"POST","path":"/v1/concepts","requestId":"3ac0eb50-1c80-45c9-bcda-56020c858432","schemaVersion":1,"statusCode":201}
HTTP Request: POST http://testserver/v1/concepts "HTTP/1.1 201 Created"
{"actor":"reviewer@example.com","conceptId":"3bcb119e-2275-4c50-b445-95690cee0041","decisionRecordCount":0,"event":"concept.officialize_attempted","evidenceFragmentCount":1,"schemaVersion":1,"status":"candidate"}
{"actor":"reviewer@example.com","auditEventId":"13df6285-010a-4128-a43e-2a74a61a333d","conceptId":"3bcb119e-2275-4c50-b445-95690cee0041","event":"concept.officialized","schemaVersion":1,"status":"official"}
{"durationMs":0.83,"event":"http.request.completed","method":"POST","path":"/v1/concepts/3bcb119e-2275-4c50-b445-95690cee0041/officialize","requestId":"02ed8ed5-5999-497b-a00b-6fb6678c66c5","schemaVersion":1,"statusCode":200}
HTTP Request: POST http://testserver/v1/concepts/3bcb119e-2275-4c50-b445-95690cee0041/officialize "HTTP/1.1 200 OK"
{"actor":"reviewer@example.com","auditEventId":"97f21ab1-6c05-4043-bd67-dbe327811747","decisionRecordId":"8f243178-03ff-4a41-b2ec-015a66b17f8e","event":"decision_record.created","evidenceFragmentCount":1,"schemaVersion":1}
{"durationMs":5.81,"event":"http.request.completed","method":"POST","path":"/v1/decision-records","requestId":"1fa2a047-7883-4c95-92f8-5109be458aed","schemaVersion":1,"statusCode":201}
HTTP Request: POST http://testserver/v1/decision-records "HTTP/1.1 201 Created"
{"actor":"reviewer@example.com","auditEventId":"9c38cf0a-ba0c-43df-8f04-79a489bdede3","conceptRelationId":"1d2913f3-7a89-4dae-9d38-007793903c85","event":"concept_relation.created","evidenceFragmentCount":0,"relationType":"governed_by","schemaVersion":1,"sourceConceptId":"b5940273-6bed-4ef7-b8c5-dfefdda7587d","targetConceptId":"3bcb119e-2275-4c50-b445-95690cee0041"}
{"durationMs":0.8,"event":"http.request.completed","method":"POST","path":"/v1/concept-relations","requestId":"95169270-7f88-4156-ac10-11d20c4e56ae","schemaVersion":1,"statusCode":201}
HTTP Request: POST http://testserver/v1/concept-relations "HTTP/1.1 201 Created"
{"actor":"reviewer@example.com","conceptRelationId":"1d2913f3-7a89-4dae-9d38-007793903c85","decisionRecordId":"8f243178-03ff-4a41-b2ec-015a66b17f8e","event":"concept_relation.officialize_attempted","evidenceFragmentCount":0,"schemaVersion":1,"status":"candidate"}
{"actor":"reviewer@example.com","auditEventId":"f3203b2d-4cc6-424e-8707-69ee35e0bffd","conceptRelationId":"1d2913f3-7a89-4dae-9d38-007793903c85","event":"concept_relation.officialized","schemaVersion":1,"status":"official"}
{"durationMs":0.88,"event":"http.request.completed","method":"POST","path":"/v1/concept-relations/1d2913f3-7a89-4dae-9d38-007793903c85/officialize","requestId":"ac59b947-0a4e-4279-b2c2-e7f4de0e3ad3","schemaVersion":1,"statusCode":200}
HTTP Request: POST http://testserver/v1/concept-relations/1d2913f3-7a89-4dae-9d38-007793903c85/officialize "HTTP/1.1 200 OK"
PASSED                                                                   [  4%]
tests/integration/test_concepts_api.py::test_officialization_without_support_returns_conflict 
-------------------------------- live log setup --------------------------------
{"appEnv":"local","event":"app.persistence_configured","persistenceBackend":"InMemoryStore","productionMode":true,"schemaVersion":1}
-------------------------------- live log call ---------------------------------
{"actor":"reviewer@example.com","auditEventId":"d3caafc5-fa5b-4b82-98d7-4c806f3d772f","conceptId":"018641b9-76f8-4eea-9db8-b52cc084c262","decisionRecordCount":0,"event":"concept.created","evidenceFragmentCount":0,"name":"Unsupported Concept","schemaVersion":1,"status":"candidate"}
{"durationMs":0.64,"event":"http.request.completed","method":"POST","path":"/v1/concepts","requestId":"56abf7f8-c1f4-4d79-87e2-3f1fdb3b58b5","schemaVersion":1,"statusCode":201}
HTTP Request: POST http://testserver/v1/concepts "HTTP/1.1 201 Created"
{"actor":"reviewer@example.com","conceptId":"018641b9-76f8-4eea-9db8-b52cc084c262","decisionRecordCount":0,"event":"concept.officialize_attempted","evidenceFragmentCount":0,"schemaVersion":1,"status":"candidate"}
{"actor":"reviewer@example.com","conceptId":"018641b9-76f8-4eea-9db8-b52cc084c262","event":"concept.officialize_blocked","reason":"Official Concepts require at least one reviewed EvidenceFragment or valid DecisionRecord.","schemaVersion":1,"status":"candidate"}
{"durationMs":0.66,"event":"http.request.completed","method":"POST","path":"/v1/concepts/018641b9-76f8-4eea-9db8-b52cc084c262/officialize","requestId":"7e309b55-4a4f-42c8-bd0c-6999255bc286","schemaVersion":1,"statusCode":409}
HTTP Request: POST http://testserver/v1/concepts/018641b9-76f8-4eea-9db8-b52cc084c262/officialize "HTTP/1.1 409 Conflict"
PASSED                                                                   [  5%]
tests/integration/test_concepts_api.py::test_create_and_officialize_supported_concept 
-------------------------------- live log setup --------------------------------
{"appEnv":"local","event":"app.persistence_configured","persistenceBackend":"InMemoryStore","productionMode":true,"schemaVersion":1}
{"event":"source.create_requested","productionEnabled":true,"schemaVersion":1,"sourceName":"Pilot Domain","sourceType":"manual"}
{"event":"source.created","productionEnabled":true,"schemaVersion":1,"sourceId":"74a4f802-f783-4c08-8892-00b72d50a024","sourceName":"Pilot Domain","sourceType":"manual","status":"connected"}
{"durationMs":0.78,"event":"http.request.completed","method":"POST","path":"/v1/sources","requestId":"05a9f4b0-b583-4346-9c6c-0923d9215b2f","schemaVersion":1,"statusCode":201}
HTTP Request: POST http://testserver/v1/sources "HTTP/1.1 201 Created"
{"event":"source.sync_started","objectCount":1,"schemaVersion":1,"sourceId":"74a4f802-f783-4c08-8892-00b72d50a024","sourceType":"manual","startedAt":"2026-04-29T01:23:56.383669+00:00"}
{"artifactId":"a397359b-c5b1-447a-a14d-fdccb1f246a5","event":"artifact.extracted","evidenceFragmentCount":2,"freshnessState":"fresh","schemaVersion":1,"sourceExternalId":"doc-1","sourceId":"74a4f802-f783-4c08-8892-00b72d50a024"}
{"artifactCount":1,"artifactCreatedCount":1,"artifactReusedCount":0,"contentFreshnessState":"fresh","event":"source.sync_succeeded","evidenceFragmentCount":2,"freshnessState":"fresh","schemaVersion":1,"sourceId":"74a4f802-f783-4c08-8892-00b72d50a024","sourceType":"manual","status":"connected","syncFreshnessState":"fresh","totalArtifactCount":1,"totalEvidenceFragmentCount":2}
{"durationMs":0.95,"event":"http.request.completed","method":"POST","path":"/v1/manual-sources/74a4f802-f783-4c08-8892-00b72d50a024/sync","requestId":"c8b042af-be26-4606-bca0-e8220aab7299","schemaVersion":1,"statusCode":200}
HTTP Request: POST http://testserver/v1/manual-sources/74a4f802-f783-4c08-8892-00b72d50a024/sync "HTTP/1.1 200 OK"
{"actor":"reviewer@example.com","auditEventId":"d233204c-94ca-4970-81b5-8e49a879c06a","event":"evidence.reviewed","evidenceFragmentId":"43547710-8e44-4d88-8460-bb60239416ea","schemaVersion":1,"trustState":"reviewed"}
{"durationMs":0.79,"event":"http.request.completed","method":"POST","path":"/v1/evidence/43547710-8e44-4d88-8460-bb60239416ea/review","requestId":"3fe423f1-81e6-43ea-b9c8-7fe74b83d778","schemaVersion":1,"statusCode":200}
HTTP Request: POST http://testserver/v1/evidence/43547710-8e44-4d88-8460-bb60239416ea/review "HTTP/1.1 200 OK"
-------------------------------- live log call ---------------------------------
{"actor":"reviewer@example.com","auditEventId":"2aa3e1dd-d6f6-47ab-bc69-8dadeb26943e","conceptId":"ee9642f4-a9ad-4bd5-9e70-2bb495375114","decisionRecordCount":0,"event":"concept.created","evidenceFragmentCount":1,"name":"Cornerstone","schemaVersion":1,"status":"candidate"}
{"durationMs":0.65,"event":"http.request.completed","method":"POST","path":"/v1/concepts","requestId":"609fbda4-d649-41df-98d0-35660de9ccc9","schemaVersion":1,"statusCode":201}
HTTP Request: POST http://testserver/v1/concepts "HTTP/1.1 201 Created"
{"actor":"reviewer@example.com","conceptId":"ee9642f4-a9ad-4bd5-9e70-2bb495375114","decisionRecordCount":0,"event":"concept.officialize_attempted","evidenceFragmentCount":1,"schemaVersion":1,"status":"candidate"}
{"actor":"reviewer@example.com","auditEventId":"27f59d4f-f7d7-4256-a78b-39abae2b31bc","conceptId":"ee9642f4-a9ad-4bd5-9e70-2bb495375114","event":"concept.officialized","schemaVersion":1,"status":"official"}
{"durationMs":0.81,"event":"http.request.completed","method":"POST","path":"/v1/concepts/ee9642f4-a9ad-4bd5-9e70-2bb495375114/officialize","requestId":"b3d0a51b-31a6-42eb-a534-223a83690b14","schemaVersion":1,"statusCode":200}
HTTP Request: POST http://testserver/v1/concepts/ee9642f4-a9ad-4bd5-9e70-2bb495375114/officialize "HTTP/1.1 200 OK"
PASSED                                                                   [  5%]
tests/integration/test_concepts_api.py::test_officialization_with_unreviewed_evidence_returns_conflict 
-------------------------------- live log setup --------------------------------
{"appEnv":"local","event":"app.persistence_configured","persistenceBackend":"InMemoryStore","productionMode":true,"schemaVersion":1}
-------------------------------- live log call ---------------------------------
{"event":"source.create_requested","productionEnabled":true,"schemaVersion":1,"sourceName":"Manual Pilot","sourceType":"manual"}
{"event":"source.created","productionEnabled":true,"schemaVersion":1,"sourceId":"b9b0bf89-4161-4e7b-843c-59e9e2841fec","sourceName":"Manual Pilot","sourceType":"manual","status":"connected"}
{"durationMs":0.65,"event":"http.request.completed","method":"POST","path":"/v1/sources","requestId":"73f88680-b12d-4d20-9c28-8762de4d3b70","schemaVersion":1,"statusCode":201}
HTTP Request: POST http://testserver/v1/sources "HTTP/1.1 201 Created"
{"event":"source.sync_started","objectCount":1,"schemaVersion":1,"sourceId":"b9b0bf89-4161-4e7b-843c-59e9e2841fec","sourceType":"manual","startedAt":"2026-04-29T01:23:56.405454+00:00"}
{"artifactId":"31896e4c-8620-4c92-9a5e-6eb4e01a3948","event":"artifact.extracted","evidenceFragmentCount":1,"freshnessState":"fresh","schemaVersion":1,"sourceExternalId":"doc-1","sourceId":"b9b0bf89-4161-4e7b-843c-59e9e2841fec"}
{"artifactCount":1,"artifactCreatedCount":1,"artifactReusedCount":0,"contentFreshnessState":"fresh","event":"source.sync_succeeded","evidenceFragmentCount":1,"freshnessState":"fresh","schemaVersion":1,"sourceId":"b9b0bf89-4161-4e7b-843c-59e9e2841fec","sourceType":"manual","status":"connected","syncFreshnessState":"fresh","totalArtifactCount":1,"totalEvidenceFragmentCount":1}
{"durationMs":0.88,"event":"http.request.completed","method":"POST","path":"/v1/manual-sources/b9b0bf89-4161-4e7b-843c-59e9e2841fec/sync","requestId":"0ec69852-4834-45d0-989b-0a29757cf52e","schemaVersion":1,"statusCode":200}
HTTP Request: POST http://testserver/v1/manual-sources/b9b0bf89-4161-4e7b-843c-59e9e2841fec/sync "HTTP/1.1 200 OK"
{"actor":"reviewer@example.com","auditEventId":"44801dfe-2e3c-4e6e-9f7c-8c53f1ebe7ea","conceptId":"4ac6ebe8-0694-41f8-aa7e-77694d8d7af0","decisionRecordCount":0,"event":"concept.created","evidenceFragmentCount":1,"name":"Cornerstone","schemaVersion":1,"status":"candidate"}
{"durationMs":0.62,"event":"http.request.completed","method":"POST","path":"/v1/concepts","requestId":"eb94f047-5149-4649-bc7e-200a6f3e91f1","schemaVersion":1,"statusCode":201}
HTTP Request: POST http://testserver/v1/concepts "HTTP/1.1 201 Created"
{"actor":"reviewer@example.com","conceptId":"4ac6ebe8-0694-41f8-aa7e-77694d8d7af0","decisionRecordCount":0,"event":"concept.officialize_attempted","evidenceFragmentCount":1,"schemaVersion":1,"status":"candidate"}
{"actor":"reviewer@example.com","conceptId":"4ac6ebe8-0694-41f8-aa7e-77694d8d7af0","event":"concept.officialize_blocked","reason":"EvidenceFragment must be reviewed before officialization: d7f310b8-fb89-4c72-b7a4-21aa27972e9d","schemaVersion":1,"status":"candidate"}
{"durationMs":0.65,"event":"http.request.completed","method":"POST","path":"/v1/concepts/4ac6ebe8-0694-41f8-aa7e-77694d8d7af0/officialize","requestId":"7f75175d-b2d3-4d1d-8b16-98adcdc30712","schemaVersion":1,"statusCode":409}
HTTP Request: POST http://testserver/v1/concepts/4ac6ebe8-0694-41f8-aa7e-77694d8d7af0/officialize "HTTP/1.1 409 Conflict"
PASSED                                                                   [  6%]
tests/integration/test_concepts_api.py::test_non_production_source_evidence_cannot_officialize 
-------------------------------- live log setup --------------------------------
{"appEnv":"local","event":"app.persistence_configured","persistenceBackend":"InMemoryStore","productionMode":true,"schemaVersion":1}
-------------------------------- live log call ---------------------------------
{"event":"source.create_requested","productionEnabled":false,"schemaVersion":1,"sourceName":"Demo Manual","sourceType":"manual"}
{"event":"source.created","productionEnabled":false,"schemaVersion":1,"sourceId":"8d44b4b8-f34a-4f84-a653-90fcf054878e","sourceName":"Demo Manual","sourceType":"manual","status":"connected"}
{"durationMs":0.67,"event":"http.request.completed","method":"POST","path":"/v1/sources","requestId":"66167e05-5ccb-4531-864e-7bf4cd885cd3","schemaVersion":1,"statusCode":201}
HTTP Request: POST http://testserver/v1/sources "HTTP/1.1 201 Created"
{"event":"source.sync_started","objectCount":1,"schemaVersion":1,"sourceId":"8d44b4b8-f34a-4f84-a653-90fcf054878e","sourceType":"manual","startedAt":"2026-04-29T01:23:56.430819+00:00"}
{"artifactId":"00a238df-d359-4b04-871a-14338c60b0e7","event":"artifact.extracted","evidenceFragmentCount":1,"freshnessState":"fresh","schemaVersion":1,"sourceExternalId":"demo-doc-1","sourceId":"8d44b4b8-f34a-4f84-a653-90fcf054878e"}
{"artifactCount":1,"artifactCreatedCount":1,"artifactReusedCount":0,"contentFreshnessState":"fresh","event":"source.sync_succeeded","evidenceFragmentCount":1,"freshnessState":"fresh","schemaVersion":1,"sourceId":"8d44b4b8-f34a-4f84-a653-90fcf054878e","sourceType":"manual","status":"connected","syncFreshnessState":"fresh","totalArtifactCount":1,"totalEvidenceFragmentCount":1}
{"durationMs":0.89,"event":"http.request.completed","method":"POST","path":"/v1/manual-sources/8d44b4b8-f34a-4f84-a653-90fcf054878e/sync","requestId":"b450a534-1848-4a32-a0d4-89c756129056","schemaVersion":1,"statusCode":200}
HTTP Request: POST http://testserver/v1/manual-sources/8d44b4b8-f34a-4f84-a653-90fcf054878e/sync "HTTP/1.1 200 OK"
{"actor":"reviewer@example.com","auditEventId":"f175ef92-96aa-4769-ad7e-df9772abdf1b","event":"evidence.reviewed","evidenceFragmentId":"1ed4a3d0-c775-4599-b94b-b5d955ca1fb8","schemaVersion":1,"trustState":"reviewed"}
{"durationMs":0.76,"event":"http.request.completed","method":"POST","path":"/v1/evidence/1ed4a3d0-c775-4599-b94b-b5d955ca1fb8/review","requestId":"b89847ce-d5c7-4605-a25f-e0c8d2151645","schemaVersion":1,"statusCode":200}
HTTP Request: POST http://testserver/v1/evidence/1ed4a3d0-c775-4599-b94b-b5d955ca1fb8/review "HTTP/1.1 200 OK"
{"actor":"reviewer@example.com","auditEventId":"45d2ba2b-f8c1-4fb7-a23d-99562770341e","conceptId":"f05f136e-7e12-4118-b748-eb4b9e18fc39","decisionRecordCount":0,"event":"concept.created","evidenceFragmentCount":1,"name":"Demo Concept","schemaVersion":1,"status":"candidate"}
{"durationMs":0.64,"event":"http.request.completed","method":"POST","path":"/v1/concepts","requestId":"386960be-a1d5-4b73-820e-938e35e50907","schemaVersion":1,"statusCode":201}
HTTP Request: POST http://testserver/v1/concepts "HTTP/1.1 201 Created"
{"actor":"reviewer@example.com","conceptId":"f05f136e-7e12-4118-b748-eb4b9e18fc39","decisionRecordCount":0,"event":"concept.officialize_attempted","evidenceFragmentCount":1,"schemaVersion":1,"status":"candidate"}
{"actor":"reviewer@example.com","conceptId":"f05f136e-7e12-4118-b748-eb4b9e18fc39","event":"concept.officialize_blocked","reason":"EvidenceFragment comes from a non-production source: 1ed4a3d0-c775-4599-b94b-b5d955ca1fb8","schemaVersion":1,"status":"candidate"}
{"durationMs":0.69,"event":"http.request.completed","method":"POST","path":"/v1/concepts/f05f136e-7e12-4118-b748-eb4b9e18fc39/officialize","requestId":"29f93673-1cb8-4238-bf9b-0c39a8021777","schemaVersion":1,"statusCode":409}
HTTP Request: POST http://testserver/v1/concepts/f05f136e-7e12-4118-b748-eb4b9e18fc39/officialize "HTTP/1.1 409 Conflict"
PASSED                                                                   [  6%]
tests/integration/test_concepts_api.py::test_unauthorized_reviewer_cannot_officialize 
-------------------------------- live log setup --------------------------------
{"appEnv":"local","event":"app.persistence_configured","persistenceBackend":"InMemoryStore","productionMode":true,"schemaVersion":1}
{"event":"source.create_requested","productionEnabled":true,"schemaVersion":1,"sourceName":"Pilot Domain","sourceType":"manual"}
{"event":"source.created","productionEnabled":true,"schemaVersion":1,"sourceId":"552d379b-a9af-4f1c-807e-fa4890a382d3","sourceName":"Pilot Domain","sourceType":"manual","status":"connected"}
{"durationMs":0.64,"event":"http.request.completed","method":"POST","path":"/v1/sources","requestId":"8590d40f-792f-4def-88d6-c14cbb86f1f2","schemaVersion":1,"statusCode":201}
HTTP Request: POST http://testserver/v1/sources "HTTP/1.1 201 Created"
{"event":"source.sync_started","objectCount":1,"schemaVersion":1,"sourceId":"552d379b-a9af-4f1c-807e-fa4890a382d3","sourceType":"manual","startedAt":"2026-04-29T01:23:56.452156+00:00"}
{"artifactId":"aa1337b9-320c-4cb4-836c-9b77e268cfec","event":"artifact.extracted","evidenceFragmentCount":2,"freshnessState":"fresh","schemaVersion":1,"sourceExternalId":"doc-1","sourceId":"552d379b-a9af-4f1c-807e-fa4890a382d3"}
{"artifactCount":1,"artifactCreatedCount":1,"artifactReusedCount":0,"contentFreshnessState":"fresh","event":"source.sync_succeeded","evidenceFragmentCount":2,"freshnessState":"fresh","schemaVersion":1,"sourceId":"552d379b-a9af-4f1c-807e-fa4890a382d3","sourceType":"manual","status":"connected","syncFreshnessState":"fresh","totalArtifactCount":1,"totalEvidenceFragmentCount":2}
{"durationMs":0.93,"event":"http.request.completed","method":"POST","path":"/v1/manual-sources/552d379b-a9af-4f1c-807e-fa4890a382d3/sync","requestId":"1dd8847b-522d-490f-b50a-ab7023d4d6d3","schemaVersion":1,"statusCode":200}
HTTP Request: POST http://testserver/v1/manual-sources/552d379b-a9af-4f1c-807e-fa4890a382d3/sync "HTTP/1.1 200 OK"
{"actor":"reviewer@example.com","auditEventId":"f4ae0bb3-bf35-4f5e-9869-f1acea9b0178","event":"evidence.reviewed","evidenceFragmentId":"c085ef22-513a-494c-b637-b0b8a50672f9","schemaVersion":1,"trustState":"reviewed"}
{"durationMs":0.74,"event":"http.request.completed","method":"POST","path":"/v1/evidence/c085ef22-513a-494c-b637-b0b8a50672f9/review","requestId":"171ae68b-90f8-4769-8fae-4db63784ac72","schemaVersion":1,"statusCode":200}
HTTP Request: POST http://testserver/v1/evidence/c085ef22-513a-494c-b637-b0b8a50672f9/review "HTTP/1.1 200 OK"
-------------------------------- live log call ---------------------------------
{"actor":"reviewer@example.com","auditEventId":"7d37b6c9-1e60-4785-87e2-caa7f4477257","conceptId":"bf5c479c-b320-496a-916a-aef199a1eabd","decisionRecordCount":0,"event":"concept.created","evidenceFragmentCount":1,"name":"Cornerstone","schemaVersion":1,"status":"candidate"}
{"durationMs":0.64,"event":"http.request.completed","method":"POST","path":"/v1/concepts","requestId":"4376195e-e239-449a-95de-945b219971ca","schemaVersion":1,"statusCode":201}
HTTP Request: POST http://testserver/v1/concepts "HTTP/1.1 201 Created"
{"actor":"random@example.com","conceptId":"bf5c479c-b320-496a-916a-aef199a1eabd","decisionRecordCount":0,"event":"concept.officialize_attempted","evidenceFragmentCount":1,"schemaVersion":1,"status":"candidate"}
{"actor":"random@example.com","conceptId":"bf5c479c-b320-496a-916a-aef199a1eabd","event":"concept.officialize_blocked","reason":"Reviewer is not authorized: random@example.com","schemaVersion":1,"status":"candidate"}
{"durationMs":0.66,"event":"http.request.completed","method":"POST","path":"/v1/concepts/bf5c479c-b320-496a-916a-aef199a1eabd/officialize","requestId":"102a5032-331a-4dff-a833-39b7faa90481","schemaVersion":1,"statusCode":403}
HTTP Request: POST http://testserver/v1/concepts/bf5c479c-b320-496a-916a-aef199a1eabd/officialize "HTTP/1.1 403 Forbidden"
PASSED                                                                   [  6%]
tests/integration/test_concepts_api.py::test_create_concept_with_fake_decision_record_id_returns_not_found 
-------------------------------- live log setup --------------------------------
{"appEnv":"local","event":"app.persistence_configured","persistenceBackend":"InMemoryStore","productionMode":true,"schemaVersion":1}
-------------------------------- live log call ---------------------------------
{"decisionRecordId":"fake-decision-record","event":"concept.create_blocked","reason":"decision_record_not_found","schemaVersion":1}
{"durationMs":0.55,"event":"http.request.completed","method":"POST","path":"/v1/concepts","requestId":"aa46af97-29e0-4c48-b96a-988de7c0c9ff","schemaVersion":1,"statusCode":404}
HTTP Request: POST http://testserver/v1/concepts "HTTP/1.1 404 Not Found"
PASSED                                                                   [  7%]
tests/integration/test_connector_api.py::test_connector_catalog_endpoint_returns_notion_as_available 
-------------------------------- live log setup --------------------------------
{"appEnv":"local","event":"app.persistence_configured","persistenceBackend":"InMemoryStore","productionMode":true,"schemaVersion":1}
-------------------------------- live log call ---------------------------------
{"event":"connector.catalog_listed","providerCount":5,"schemaVersion":1}
{"durationMs":0.71,"event":"http.request.completed","method":"GET","path":"/v1/connectors","requestId":"74fb7c73-039e-493a-93e4-0b863c421259","schemaVersion":1,"statusCode":200}
HTTP Request: GET http://testserver/v1/connectors "HTTP/1.1 200 OK"
PASSED                                                                   [  7%]
tests/integration/test_connector_api.py::test_create_intent_and_authorize_redirect_are_stateful 
-------------------------------- live log setup --------------------------------
{"appEnv":"local","event":"app.persistence_configured","persistenceBackend":"InMemoryStore","productionMode":true,"schemaVersion":1}
-------------------------------- live log call ---------------------------------
{"createdBy":"admin@example.com","event":"connection.intent_created","expiresAt":"2026-04-29T01:38:56.517330+00:00","intentId":"d35ad106-6edd-43d4-b1d3-19376c7f8d98","provider":"notion","schemaVersion":1}
{"durationMs":24.31,"event":"http.request.completed","method":"POST","path":"/v1/connections/intents","requestId":"3b3cc025-a6fe-4a68-85c8-3c4348a3ae06","schemaVersion":1,"statusCode":201}
HTTP Request: POST http://testserver/v1/connections/intents "HTTP/1.1 201 Created"
{"event":"oauth.redirect_started","intentId":"d35ad106-6edd-43d4-b1d3-19376c7f8d98","provider":"notion","schemaVersion":1,"status":"oauth_redirected"}
{"durationMs":2.27,"event":"http.request.completed","method":"GET","path":"/v1/oauth/notion/authorize","requestId":"712e70b4-6a24-49c3-97d4-ffd084d2c6e0","schemaVersion":1,"statusCode":307}
HTTP Request: GET http://testserver/v1/oauth/notion/authorize?intentId=d35ad106-6edd-43d4-b1d3-19376c7f8d98 "HTTP/1.1 307 Temporary Redirect"
{"event":"connection.intent_read","intentId":"d35ad106-6edd-43d4-b1d3-19376c7f8d98","provider":"notion","schemaVersion":1,"status":"oauth_redirected"}
{"durationMs":0.59,"event":"http.request.completed","method":"GET","path":"/v1/connections/intents/d35ad106-6edd-43d4-b1d3-19376c7f8d98","requestId":"7f8d7ba2-5751-4e10-8dd4-84824daf2d8c","schemaVersion":1,"statusCode":200}
HTTP Request: GET http://testserver/v1/connections/intents/d35ad106-6edd-43d4-b1d3-19376c7f8d98 "HTTP/1.1 200 OK"
PASSED                                                                   [  8%]
tests/integration/test_connector_api.py::test_oauth_callback_bad_state_is_rejected 
-------------------------------- live log setup --------------------------------
{"appEnv":"local","event":"app.persistence_configured","persistenceBackend":"InMemoryStore","productionMode":true,"schemaVersion":1}
-------------------------------- live log call ---------------------------------
{"durationMs":1.3,"event":"http.request.completed","method":"GET","path":"/v1/oauth/notion/callback","requestId":"938464cb-86c8-4ab2-a04d-d4643b990a90","schemaVersion":1,"statusCode":404}
HTTP Request: GET http://testserver/v1/oauth/notion/callback?state=missing-state&code=abc "HTTP/1.1 404 Not Found"
PASSED                                                                   [  8%]
tests/integration/test_connector_api.py::test_oauth_callback_provider_error_marks_intent_failed 
-------------------------------- live log setup --------------------------------
{"appEnv":"local","event":"app.persistence_configured","persistenceBackend":"InMemoryStore","productionMode":true,"schemaVersion":1}
-------------------------------- live log call ---------------------------------
{"createdBy":"admin@example.com","event":"connection.intent_created","expiresAt":"2026-04-29T01:38:56.569549+00:00","intentId":"8db09935-83c0-4727-96bd-1044b28eb333","provider":"notion","schemaVersion":1}
{"durationMs":1.01,"event":"http.request.completed","method":"POST","path":"/v1/connections/intents","requestId":"ee10c1b0-f500-4cd3-a691-41fbf86ce8ec","schemaVersion":1,"statusCode":201}
HTTP Request: POST http://testserver/v1/connections/intents "HTTP/1.1 201 Created"
{"error":"access_denied","event":"oauth.callback_received","hasCode":false,"intentId":"8db09935-83c0-4727-96bd-1044b28eb333","provider":"notion","schemaVersion":1}
{"errorCode":"oauth_failed","event":"oauth.failed","intentId":"8db09935-83c0-4727-96bd-1044b28eb333","provider":"notion","schemaVersion":1}
{"durationMs":2.95,"event":"http.request.completed","method":"GET","path":"/v1/oauth/notion/callback","requestId":"6e2b8517-ecfb-4abd-8825-13cce1e3b5c3","schemaVersion":1,"statusCode":200}
HTTP Request: GET http://testserver/v1/oauth/notion/callback?state=rjR9MrnfvSVBePYcAFOqmgG25M6bYNvEYJs35UukNto&error=access_denied "HTTP/1.1 200 OK"
PASSED                                                                   [  9%]
tests/integration/test_connector_api.py::test_oauth_success_creates_source_and_public_credential_without_plaintext 
-------------------------------- live log setup --------------------------------
{"appEnv":"local","event":"app.persistence_configured","persistenceBackend":"InMemoryStore","productionMode":true,"schemaVersion":1}
-------------------------------- live log call ---------------------------------
{"createdBy":"admin@example.com","event":"connection.intent_created","expiresAt":"2026-04-29T01:38:56.591742+00:00","intentId":"310d69a2-bf4e-4076-bcdb-e76b880ae220","provider":"notion","schemaVersion":1}
{"durationMs":0.92,"event":"http.request.completed","method":"POST","path":"/v1/connections/intents","requestId":"fbfee2b8-bf80-440d-bbc3-44b4aa6155c1","schemaVersion":1,"statusCode":201}
HTTP Request: POST http://testserver/v1/connections/intents "HTTP/1.1 201 Created"
{"error":null,"event":"oauth.callback_received","hasCode":true,"intentId":"310d69a2-bf4e-4076-bcdb-e76b880ae220","provider":"notion","schemaVersion":1}
{"event":"oauth.completed","externalWorkspaceId":"mock-notion-workspace","intentId":"310d69a2-bf4e-4076-bcdb-e76b880ae220","provider":"notion","schemaVersion":1,"sourceId":"e5adfaeb-4bbe-4312-beb9-73c05179fad2"}
{"durationMs":2.94,"event":"http.request.completed","method":"GET","path":"/v1/oauth/notion/callback","requestId":"d4f58b2a-d72c-4133-ba72-222180d540d4","schemaVersion":1,"statusCode":200}
HTTP Request: GET http://testserver/v1/oauth/notion/callback?state=xj0Yq_K_vpx1S1cmBXyP4tFS47Rp08c5sWZ_0pX9w3g&code=code-123 "HTTP/1.1 200 OK"
PASSED                                                                   [  9%]
tests/integration/test_connector_api.py::test_test_connection_marks_oauth_source_test_passed_and_discovery_next 
-------------------------------- live log setup --------------------------------
{"appEnv":"local","event":"app.persistence_configured","persistenceBackend":"InMemoryStore","productionMode":true,"schemaVersion":1}
-------------------------------- live log call ---------------------------------
{"createdBy":"admin@example.com","event":"connection.intent_created","expiresAt":"2026-04-29T01:38:56.612365+00:00","intentId":"d89381e2-3366-41c0-bcc7-60c2f7571bfc","provider":"notion","schemaVersion":1}
{"durationMs":0.83,"event":"http.request.completed","method":"POST","path":"/v1/connections/intents","requestId":"cf9784a7-604e-484e-a078-6c9dc9f6c1a3","schemaVersion":1,"statusCode":201}
HTTP Request: POST http://testserver/v1/connections/intents "HTTP/1.1 201 Created"
{"error":null,"event":"oauth.callback_received","hasCode":true,"intentId":"d89381e2-3366-41c0-bcc7-60c2f7571bfc","provider":"notion","schemaVersion":1}
{"event":"oauth.completed","externalWorkspaceId":"mock-notion-workspace","intentId":"d89381e2-3366-41c0-bcc7-60c2f7571bfc","provider":"notion","schemaVersion":1,"sourceId":"0f0f5343-13c2-4eb9-a3e0-15aceee9b0a7"}
{"durationMs":0.66,"event":"http.request.completed","method":"GET","path":"/v1/oauth/notion/callback","requestId":"85f629a7-26f4-4992-8b97-fc34cacdd6f0","schemaVersion":1,"statusCode":200}
HTTP Request: GET http://testserver/v1/oauth/notion/callback?state=pD2_PV-U8K-oZw3D7UovhrTPwrjerz5pOECraKO5hP4&code=code-123 "HTTP/1.1 200 OK"
{"event":"source.test_started","provider":"notion","schemaVersion":1,"sourceId":"0f0f5343-13c2-4eb9-a3e0-15aceee9b0a7"}
{"event":"source.test_succeeded","provider":"notion","schemaVersion":1,"sourceId":"0f0f5343-13c2-4eb9-a3e0-15aceee9b0a7"}
{"durationMs":2.94,"event":"http.request.completed","method":"POST","path":"/v1/sources/0f0f5343-13c2-4eb9-a3e0-15aceee9b0a7/test","requestId":"e3815915-9753-4993-ae1d-393f6cb85253","schemaVersion":1,"statusCode":200}
HTTP Request: POST http://testserver/v1/sources/0f0f5343-13c2-4eb9-a3e0-15aceee9b0a7/test "HTTP/1.1 200 OK"
{"durationMs":0.49,"event":"http.request.completed","method":"GET","path":"/v1/sources/0f0f5343-13c2-4eb9-a3e0-15aceee9b0a7","requestId":"4d8e8372-e5ad-44da-bee6-03e84e363f32","schemaVersion":1,"statusCode":200}
HTTP Request: GET http://testserver/v1/sources/0f0f5343-13c2-4eb9-a3e0-15aceee9b0a7 "HTTP/1.1 200 OK"
PASSED                                                                   [ 10%]
tests/integration/test_connector_api.py::test_discovery_requires_test_connection 
-------------------------------- live log setup --------------------------------
[...]
{"durationMs":0.81,"event":"http.request.completed","method":"POST","path":"/v1/sync-jobs/882c6671-6c49-47ed-be7e-6b4a6dc59620/heartbeat","requestId":"bb5a98a2-1af8-4b3f-8564-92bcdf01e67e","schemaVersion":1,"statusCode":200}
HTTP Request: POST http://testserver/v1/sync-jobs/882c6671-6c49-47ed-be7e-6b4a6dc59620/heartbeat "HTTP/1.1 200 OK"
PASSED                                                                   [ 42%]
tests/unit/test_connector_framework.py::test_connector_catalog_exposes_notion_first_and_future_connectors PASSED [ 42%]
tests/unit/test_connector_framework.py::test_token_cipher_round_trip_and_no_plaintext_leak PASSED [ 43%]
tests/unit/test_connector_framework.py::test_token_cipher_rejects_wrong_secret PASSED [ 43%]
tests/unit/test_connector_framework.py::test_notion_authorization_url_contains_required_oauth_state PASSED [ 43%]
tests/unit/test_connector_framework.py::test_notion_provider_errors_map_to_actionable_connector_errors[401-token_revoked-reconnect] PASSED [ 44%]
tests/unit/test_connector_framework.py::test_notion_provider_errors_map_to_actionable_connector_errors[403-permission_denied-grant_permission] PASSED [ 44%]
tests/unit/test_connector_framework.py::test_notion_provider_errors_map_to_actionable_connector_errors[429-rate_limited-wait_and_retry] PASSED [ 45%]
tests/unit/test_connector_framework.py::test_notion_provider_errors_map_to_actionable_connector_errors[503-provider_unavailable-retry] PASSED [ 45%]
tests/unit/test_connector_framework.py::test_notion_provider_errors_map_to_actionable_connector_errors[418-unknown-contact_admin] PASSED [ 46%]
tests/unit/test_connector_framework.py::test_persistence_schema_contains_connector_tables PASSED [ 46%]
tests/unit/test_connector_framework.py::test_connector_credentials_only_expose_encrypted_token_columns_in_persistence PASSED [ 46%]
tests/unit/test_connector_framework.py::test_notion_mock_discovery_returns_snapshots_for_selection PASSED [ 47%]
tests/unit/test_connector_framework.py::test_provider_object_snapshot_table_tracks_discovery_and_selection_state PASSED [ 47%]
tests/unit/test_evaluation.py::test_eval_task_accepts_unsupported_without_evidence_requirement PASSED [ 48%]
tests/unit/test_evaluation.py::test_eval_task_fails_when_expected_trust_label_is_wrong PASSED [ 48%]
tests/unit/test_evaluation.py::test_eval_task_requires_expected_answer_text PASSED [ 49%]
tests/unit/test_evaluation.py::test_eval_summary_computes_grounded_context_task_success_rate PASSED [ 49%]
tests/unit/test_evaluation.py::test_store_persists_eval_tasks_and_results_in_memory PASSED [ 50%]
tests/unit/test_evaluation.py::test_eval_task_rejects_non_unsupported_without_evidence_requirement PASSED [ 50%]
tests/unit/test_evaluation.py::test_eval_task_rejects_vague_success_contract_in_model PASSED [ 50%]
tests/unit/test_evaluation_persistence_models.py::test_evaluation_tables_are_in_sqlalchemy_metadata PASSED [ 51%]
tests/unit/test_evaluation_persistence_models.py::test_evaluation_migration_adds_metric_tables_and_indexes PASSED [ 51%]
tests/unit/test_extraction.py::test_content_hash_is_deterministic PASSED [ 52%]
tests/unit/test_extraction.py::test_extracted_evidence_contains_required_provenance PASSED [ 52%]
tests/unit/test_extraction.py::test_fragment_classifier_detects_requirements_decisions_and_questions PASSED [ 53%]
tests/unit/test_freshness.py::test_freshness_policy_unknown_without_timestamp PASSED [ 53%]
tests/unit/test_freshness.py::test_freshness_policy_fresh_within_threshold PASSED [ 53%]
tests/unit/test_freshness.py::test_freshness_policy_aging_after_fresh_before_stale PASSED [ 54%]
tests/unit/test_freshness.py::test_freshness_policy_stale_after_stale_threshold PASSED [ 54%]
tests/unit/test_freshness.py::test_freshness_policy_future_timestamp_is_fresh PASSED [ 55%]
tests/unit/test_generic_ingestion_contract.py::test_core_artifact_schema_is_provider_agnostic PASSED [ 55%]
tests/unit/test_generic_ingestion_contract.py::test_provider_object_snapshot_supports_provider_metadata_without_notion_lock_in PASSED [ 56%]
tests/unit/test_generic_ingestion_contract.py::test_connector_registry_can_resolve_non_notion_manual_connector PASSED [ 56%]
tests/unit/test_generic_ingestion_contract.py::test_manual_connector_can_discover_select_and_normalize_source_objects PASSED [ 56%]
tests/unit/test_grounded_context.py::test_candidate_concept_with_reviewed_evidence_is_evidence_supported PASSED [ 57%]
tests/unit/test_grounded_context.py::test_candidate_concept_with_unreviewed_evidence_is_partially_supported PASSED [ 57%]
tests/unit/test_grounded_context.py::test_official_concept_with_stale_evidence_is_stale PASSED [ 58%]
tests/unit/test_grounded_context.py::test_official_concept_with_unknown_freshness_is_not_labeled_official PASSED [ 58%]
tests/unit/test_grounded_context.py::test_conflicted_concept_returns_conflicted PASSED [ 59%]
tests/unit/test_grounded_context.py::test_official_concept_with_missing_evidence_is_unsupported PASSED [ 59%]
tests/unit/test_grounded_context.py::test_production_mode_excludes_non_production_source_evidence PASSED [ 60%]
tests/unit/test_grounded_context.py::test_degraded_source_still_serves_reviewed_captured_evidence_with_limitation PASSED [ 60%]
tests/unit/test_grounded_context.py::test_related_reviewed_evidence_without_concept_is_evidence_supported PASSED [ 60%]
tests/unit/test_grounded_context.py::test_related_rejected_evidence_is_not_served_as_support PASSED [ 61%]
tests/unit/test_grounded_context.py::test_related_conflicted_evidence_returns_conflicted PASSED [ 61%]
tests/unit/test_grounded_context.py::test_official_concept_response_includes_official_relations_and_relation_citations PASSED [ 62%]
tests/unit/test_grounded_context.py::test_official_concept_response_includes_decisions_and_decision_citations PASSED [ 62%]
tests/unit/test_live_notion_e2e_verification.py::test_notion_e2e_config_from_env_requires_explicit_opt_in_and_page PASSED [ 63%]
tests/unit/test_live_notion_e2e_verification.py::test_notion_e2e_config_accepts_safe_live_inputs PASSED [ 63%]
tests/unit/test_live_notion_e2e_verification.py::test_live_notion_e2e_runner_uses_same_worker_ingestion_path 
-------------------------------- live log call ---------------------------------
{"credentialId":"a79d8c29-00d0-4169-ad70-de48f1a56a05","event":"notion.e2e.source_created","pageId":"page-1","schemaVersion":1,"sourceId":"1cabdebf-b699-44ce-a6fa-d93dbe590585"}
{"event":"sync.job_claimed","leaseExpiresAt":"2026-04-29T01:28:59.027056+00:00","provider":"notion","recoveredExpiredLease":false,"schemaVersion":1,"sourceId":"1cabdebf-b699-44ce-a6fa-d93dbe590585","syncJobId":"d24d7f4a-91e2-4a34-be07-c2a05c580636","workerId":"notion-e2e-worker"}
{"attemptCount":1,"event":"sync.job_started","provider":"notion","schemaVersion":1,"sourceId":"1cabdebf-b699-44ce-a6fa-d93dbe590585","syncJobId":"d24d7f4a-91e2-4a34-be07-c2a05c580636","workerId":"notion-e2e-worker"}
{"cursorKey":"default","event":"sync.cursor_advanced","processedObjectCount":1,"schemaVersion":1,"sourceId":"1cabdebf-b699-44ce-a6fa-d93dbe590585","syncJobId":"d24d7f4a-91e2-4a34-be07-c2a05c580636"}
{"artifactCreatedCount":1,"attemptCount":1,"cursor":"0eb236e50de35c59c03b63629624351af778cc33fbc55a92254e3c29e58e6255","event":"sync.job_succeeded","evidenceCreatedCount":1,"provider":"notion","schemaVersion":1,"sourceId":"1cabdebf-b699-44ce-a6fa-d93dbe590585","syncJobId":"d24d7f4a-91e2-4a34-be07-c2a05c580636"}
PASSED                                                                   [ 63%]
tests/unit/test_live_postgres_verification.py::test_parse_pytest_summary_uses_final_summary_line PASSED [ 64%]
tests/unit/test_live_postgres_verification.py::test_live_postgres_report_rejects_skipped_tests_when_required PASSED [ 64%]
tests/unit/test_live_postgres_verification.py::test_live_postgres_report_rejects_no_tests PASSED [ 65%]
tests/unit/test_live_postgres_verification.py::test_live_postgres_environment_requires_explicit_opt_in PASSED [ 65%]
tests/unit/test_live_postgres_verification.py::test_live_postgres_environment_requires_postgres_url PASSED [ 66%]
tests/unit/test_live_postgres_verification.py::test_live_postgres_environment_accepts_psycopg_url PASSED [ 66%]
tests/unit/test_notion_live_connector.py::test_notion_live_default_gateway_is_sdk_backed PASSED [ 66%]
tests/unit/test_notion_live_connector.py::test_notion_sdk_gateway_is_runtime_checkable_protocol PASSED [ 67%]
tests/unit/test_notion_live_connector.py::test_notion_live_oauth_token_exchange_uses_oauth_boundary PASSED [ 67%]
tests/unit/test_notion_live_connector.py::test_notion_live_oauth_failure_maps_provider_error PASSED [ 68%]
tests/unit/test_notion_live_connector.py::test_notion_live_connection_test_success_uses_gateway_search PASSED [ 68%]
tests/unit/test_notion_live_connector.py::test_notion_live_connection_test_failure_maps_provider_error PASSED [ 69%]
tests/unit/test_notion_live_connector.py::test_notion_live_discovery_maps_pages_databases_and_data_sources PASSED [ 69%]
tests/unit/test_notion_live_connector.py::test_notion_live_discovery_raises_actionable_error_on_rate_limit PASSED [ 70%]
tests/unit/test_notion_live_connector.py::test_notion_live_list_objects_fetches_selected_page_markdown PASSED [ 70%]
tests/unit/test_notion_live_connector.py::test_notion_live_list_objects_falls_back_to_block_children PASSED [ 70%]
tests/unit/test_notion_live_connector.py::test_notion_map_api_error_handles_non_json_payload_equivalent PASSED [ 71%]
tests/unit/test_notion_live_connector.py::test_notion_map_provider_error_handles_missing_object_and_rate_limit_without_retry_after PASSED [ 71%]
tests/unit/test_notion_live_connector.py::test_notion_list_objects_without_selection_returns_empty_list PASSED [ 72%]
tests/unit/test_notion_live_connector.py::test_notion_list_objects_ignores_non_page_snapshots_as_a_defense_in_depth PASSED [ 72%]
tests/unit/test_notion_live_connector.py::test_notion_block_text_respects_max_depth_and_cursor_without_next_cursor PASSED [ 73%]
tests/unit/test_notion_live_connector.py::test_block_mapping_and_rich_text_helpers_are_provider_local PASSED [ 73%]
tests/unit/test_notion_live_connector.py::test_notion_http_oauth_client_exchange_maps_workspace_metadata PASSED [ 73%]
tests/unit/test_notion_live_connector.py::test_notion_sdk_gateway_uses_notion_client_for_standard_api_calls PASSED [ 74%]
tests/unit/test_notion_live_connector.py::test_notion_sdk_gateway_markdown_fallback_maps_http_responses PASSED [ 74%]
tests/unit/test_notion_live_connector.py::test_notion_sdk_gateway_converts_sdk_exceptions PASSED [ 75%]
tests/unit/test_notion_live_connector.py::test_notion_connector_retrieves_specific_page_snapshot_for_live_e2e PASSED [ 75%]
tests/unit/test_observability.py::test_log_event_emits_parseable_structured_json 
-------------------------------- live log call ---------------------------------
{"count":2,"event":"test.event","freshnessState":"fresh","occurredAt":"2026-04-25T00:00:00+00:00","schemaVersion":1}
PASSED                                                                   [ 76%]
tests/unit/test_officialization.py::test_officialization_rejects_unsupported_concept PASSED [ 76%]
tests/unit/test_officialization.py::test_officialization_rejects_unreviewed_evidence PASSED [ 76%]
tests/unit/test_officialization.py::test_officialization_rejects_non_production_source_evidence PASSED [ 77%]
tests/unit/test_officialization.py::test_officialization_rejects_unauthorized_reviewer PASSED [ 77%]
tests/unit/test_officialization.py::test_officialization_accepts_reviewed_evidence_supported_concept PASSED [ 78%]
tests/unit/test_officialization.py::test_relation_officialization_rejects_candidate_concepts PASSED [ 78%]
tests/unit/test_officialization.py::test_relation_officialization_accepts_reviewed_evidence_supported_relation PASSED [ 79%]
tests/unit/test_persistence_models.py::test_persistence_schema_contains_core_tables_and_join_tables PASSED [ 79%]
tests/unit/test_persistence_models.py::test_artifacts_have_idempotency_unique_constraint PASSED [ 80%]
tests/unit/test_persistence_models.py::test_concepts_have_case_insensitive_name_uniqueness_contract PASSED [ 80%]
tests/unit/test_persistence_models.py::test_evidence_provenance_uses_jsonb_on_postgres PASSED [ 80%]
tests/unit/test_persistence_models.py::test_evaluation_tables_are_persisted_and_indexed PASSED [ 81%]
tests/unit/test_postgres_extensions.py::test_required_postgres_extensions_are_explicit PASSED [ 81%]
tests/unit/test_postgres_extensions.py::test_parse_required_extensions_deduplicates_and_preserves_order PASSED [ 82%]
tests/unit/test_postgres_extensions.py::test_runtime_extension_verification_rejects_non_postgres_engine PASSED [ 82%]
tests/unit/test_postgres_extensions.py::test_migration_creates_required_extensions_and_vector_table PASSED [ 83%]
tests/unit/test_postgres_extensions.py::test_source_state_discovery_migration_adds_runtime_state_and_snapshots PASSED [ 83%]
tests/unit/test_postgres_extensions.py::test_runtime_extension_verification_accepts_installed_postgres_extensions PASSED [ 83%]
tests/unit/test_postgres_extensions.py::test_runtime_extension_verification_reports_missing_postgres_extensions PASSED [ 84%]
tests/unit/test_postgres_extensions.py::test_generic_ingestion_migration_adds_provider_neutral_artifact_columns PASSED [ 84%]
tests/unit/test_postgres_extensions.py::test_scheduled_sync_migration_adds_schedule_table_and_indexes PASSED [ 85%]
tests/unit/test_postgres_extensions.py::test_provider_object_ingestion_support_migration_adds_selection_guard_columns PASSED [ 85%]
tests/unit/test_postgres_extensions.py::test_worker_lease_migration_adds_claim_and_enqueue_primitives PASSED [ 86%]
tests/unit/test_release_candidate_docs.py::test_release_candidate_docs_exist_and_are_actionable PASSED [ 86%]
tests/unit/test_release_candidate_docs.py::test_release_candidate_api_freeze_documents_removed_unsafe_routes PASSED [ 86%]
tests/unit/test_release_candidate_docs.py::test_release_candidate_check_script_exists_and_targets_v100 PASSED [ 87%]
tests/unit/test_release_candidate_docs.py::test_release_candidate_checker_allows_local_runtime_artifacts PASSED [ 87%]
tests/unit/test_runtime_config.py::test_local_default_runtime_config_is_allowed_for_development PASSED [ 88%]
tests/unit/test_runtime_config.py::test_production_mode_reports_all_unsafe_default_config_values PASSED [ 88%]
tests/unit/test_runtime_config.py::test_safe_production_runtime_config_has_no_issues PASSED [ 89%]
tests/unit/test_runtime_config.py::test_create_app_fails_closed_when_production_config_is_unsafe PASSED [ 89%]
tests/unit/test_runtime_config.py::test_create_app_can_bypass_runtime_validation_for_explicit_test_store 
-------------------------------- live log call ---------------------------------
{"appEnv":"local","event":"app.persistence_configured","persistenceBackend":"InMemoryStore","productionMode":true,"schemaVersion":1}
PASSED                                                                   [ 90%]
tests/unit/test_runtime_config.py::test_worker_cli_fails_closed_when_production_env_is_unsafe PASSED [ 90%]
tests/unit/test_runtime_config.py::test_production_rejects_missing_required_postgres_extension PASSED [ 90%]
tests/unit/test_source_eligibility.py::test_officialization_requires_connected_source_in_production PASSED [ 91%]
tests/unit/test_source_eligibility.py::test_serving_allows_degraded_historical_source_with_limitations PASSED [ 91%]
tests/unit/test_source_eligibility.py::test_serving_blocks_never_synced_degraded_source PASSED [ 92%]
tests/unit/test_sync_scheduler.py::test_sync_schedule_table_is_provider_agnostic_and_due_indexed PASSED [ 92%]
tests/unit/test_sync_scheduler.py::test_build_schedule_preserves_identity_and_computes_next_run PASSED [ 93%]
tests/unit/test_sync_scheduler.py::test_next_schedule_run_at_uses_interval_minutes PASSED [ 93%]
tests/unit/test_sync_scheduler.py::test_scheduler_only_advances_schedule_when_job_is_enqueued 
-------------------------------- live log call ---------------------------------
{"event":"sync.schedule_enqueued","nextRunAt":"2026-04-29T01:43:59.188490+00:00","schemaVersion":1,"sourceId":"c73d9e00-d4b7-4bd2-8b72-c137c99e7e3b","syncJobId":"065fb269-e747-43be-8d0a-545833e43946","syncScheduleId":"a632c60a-514c-4ae5-916b-51a6e958e2bb"}
PASSED                                                                   [ 93%]
tests/unit/test_sync_scheduler.py::test_scheduler_skips_source_without_selection PASSED [ 94%]
tests/unit/test_sync_scheduler.py::test_external_worker_iteration_runs_scheduler_then_worker 
-------------------------------- live log call ---------------------------------
{"event":"sync.schedule_enqueued","nextRunAt":"2026-04-29T01:43:59.191159+00:00","schemaVersion":1,"sourceId":"ec5472bb-fe01-4dce-a9ac-788eeb8fb317","syncJobId":"f3c64940-ceef-4488-b31e-7b598b575720","syncScheduleId":"ca0cd459-1564-41db-a05a-c1024a6ebfc1"}
{"event":"sync.job_claimed","leaseExpiresAt":"2026-04-29T01:28:59.191411+00:00","provider":"notion","recoveredExpiredLease":false,"schemaVersion":1,"sourceId":"ec5472bb-fe01-4dce-a9ac-788eeb8fb317","syncJobId":"f3c64940-ceef-4488-b31e-7b598b575720","workerId":"sync-worker-cli"}
{"attemptCount":1,"event":"sync.job_started","provider":"notion","schemaVersion":1,"sourceId":"ec5472bb-fe01-4dce-a9ac-788eeb8fb317","syncJobId":"f3c64940-ceef-4488-b31e-7b598b575720","workerId":"sync-worker-cli"}
{"cursorKey":"default","event":"sync.cursor_advanced","processedObjectCount":1,"schemaVersion":1,"sourceId":"ec5472bb-fe01-4dce-a9ac-788eeb8fb317","syncJobId":"f3c64940-ceef-4488-b31e-7b598b575720"}
{"artifactCreatedCount":0,"attemptCount":1,"cursor":"e31485bd87676b6241e3ac5d0a5185c31565581b2f0cad52b3ec82fcfdbdc2a2","event":"sync.job_succeeded","evidenceCreatedCount":0,"provider":"notion","schemaVersion":1,"sourceId":"ec5472bb-fe01-4dce-a9ac-788eeb8fb317","syncJobId":"f3c64940-ceef-4488-b31e-7b598b575720"}
{"event":"sync.external_worker_iteration_completed","processedJobCount":1,"scheduledJobCount":1,"schemaVersion":1,"skippedJobCount":0}
PASSED                                                                   [ 94%]
tests/unit/test_sync_scheduler.py::test_sync_job_table_has_worker_lease_and_enqueue_primitives PASSED [ 95%]
tests/unit/test_sync_scheduler.py::test_in_memory_store_claims_sync_job_once_with_worker_lease PASSED [ 95%]
tests/unit/test_sync_scheduler.py::test_schedule_enqueue_key_is_stable_and_duplicate_jobs_are_rejected PASSED [ 96%]
tests/unit/test_worker_cli.py::test_worker_parser_supports_once_scheduler_and_max_jobs PASSED [ 96%]
tests/unit/test_worker_cli.py::test_create_worker_store_uses_memory_backend_by_default PASSED [ 96%]
tests/unit/test_worker_cli.py::test_worker_cli_once_outputs_json 
-------------------------------- live log call ---------------------------------
{"event":"sync.external_worker_iteration_completed","processedJobCount":0,"scheduledJobCount":0,"schemaVersion":1,"skippedJobCount":0}
PASSED                                                                   [ 97%]
tests/unit/test_worker_concurrency_primitives.py::test_sync_job_schema_tracks_lease_heartbeat PASSED [ 97%]
tests/unit/test_worker_concurrency_primitives.py::test_sync_job_table_has_live_postgres_claim_columns_and_indexes PASSED [ 98%]
tests/unit/test_worker_concurrency_primitives.py::test_worker_concurrency_migration_adds_heartbeat_and_claimable_index PASSED [ 98%]
tests/unit/test_worker_concurrency_primitives.py::test_in_memory_store_reclaims_expired_running_job_lease PASSED [ 99%]
tests/unit/test_worker_concurrency_primitives.py::test_in_memory_store_rejects_active_running_job_claim_by_second_worker PASSED [ 99%]
tests/unit/test_worker_concurrency_primitives.py::test_in_memory_store_lease_heartbeat_requires_owner PASSED [100%]

- generated xml file: /Users/jiyong/playground/Cornerstone/cornerstone-backend/reports/junit.xml -
============================= 230 passed in 3.55s ==============================
