============================= test session starts ==============================
platform darwin -- Python 3.14.4, pytest-9.0.3, pluggy-1.6.0 -- /Users/jiyong/playground/Cornerstone/cornerstone-backend/.venv/bin/python
cachedir: .pytest_cache
rootdir: /Users/jiyong/playground/Cornerstone/cornerstone-backend
configfile: pyproject.toml
collecting ... collected 230 items

tests/integration/test_artifacts_evidence_api.py::test_sync_creates_artifact_and_evidence_with_provenance 
-------------------------------- live log setup --------------------------------
{"appEnv":"local","event":"app.persistence_configured","persistenceBackend":"InMemoryStore","productionMode":true,"schemaVersion":1}
-------------------------------- live log call ---------------------------------
{"event":"source.create_requested","productionEnabled":true,"schemaVersion":1,"sourceName":"Manual Pilot","sourceType":"manual"}
{"event":"source.created","productionEnabled":true,"schemaVersion":1,"sourceId":"b18a4c3f-2cdf-4817-b2af-73cc50e9a761","sourceName":"Manual Pilot","sourceType":"manual","status":"connected"}
{"durationMs":1.25,"event":"http.request.completed","method":"POST","path":"/v1/sources","requestId":"30c441e0-2b7e-4b06-af86-bdd5d1720f0b","schemaVersion":1,"statusCode":201}
HTTP Request: POST http://testserver/v1/sources "HTTP/1.1 201 Created"
{"event":"source.sync_started","objectCount":1,"schemaVersion":1,"sourceId":"b18a4c3f-2cdf-4817-b2af-73cc50e9a761","sourceType":"manual","startedAt":"2026-04-29T01:23:51.785053+00:00"}
{"artifactId":"b8cc5d78-9ee8-4aea-94f4-62435d2fee94","event":"artifact.extracted","evidenceFragmentCount":2,"freshnessState":"fresh","schemaVersion":1,"sourceExternalId":"doc-1","sourceId":"b18a4c3f-2cdf-4817-b2af-73cc50e9a761"}
{"artifactCount":1,"artifactCreatedCount":1,"artifactReusedCount":0,"contentFreshnessState":"fresh","event":"source.sync_succeeded","evidenceFragmentCount":2,"freshnessState":"fresh","schemaVersion":1,"sourceId":"b18a4c3f-2cdf-4817-b2af-73cc50e9a761","sourceType":"manual","status":"connected","syncFreshnessState":"fresh","totalArtifactCount":1,"totalEvidenceFragmentCount":2}
{"durationMs":1.27,"event":"http.request.completed","method":"POST","path":"/v1/manual-sources/b18a4c3f-2cdf-4817-b2af-73cc50e9a761/sync","requestId":"7af67bcc-b5c2-4ffa-9a12-555040fdba1e","schemaVersion":1,"statusCode":200}
HTTP Request: POST http://testserver/v1/manual-sources/b18a4c3f-2cdf-4817-b2af-73cc50e9a761/sync "HTTP/1.1 200 OK"
{"artifactId":"b8cc5d78-9ee8-4aea-94f4-62435d2fee94","event":"evidence.listed","evidenceFragmentCount":2,"schemaVersion":1}
{"durationMs":0.6,"event":"http.request.completed","method":"GET","path":"/v1/evidence","requestId":"27971e0a-eced-4a63-9c51-6b6a522f003f","schemaVersion":1,"statusCode":200}
HTTP Request: GET http://testserver/v1/evidence?artifactId=b8cc5d78-9ee8-4aea-94f4-62435d2fee94 "HTTP/1.1 200 OK"
PASSED                                                                   [  0%]
tests/integration/test_audit_api.py::test_audit_events_are_exposed_after_review_and_officialization 
-------------------------------- live log setup --------------------------------
{"appEnv":"local","event":"app.persistence_configured","persistenceBackend":"InMemoryStore","productionMode":true,"schemaVersion":1}
{"event":"source.create_requested","productionEnabled":true,"schemaVersion":1,"sourceName":"Pilot Domain","sourceType":"manual"}
{"event":"source.created","productionEnabled":true,"schemaVersion":1,"sourceId":"8ba5bc51-c8f7-4ef4-b5a1-6b11b5a44f65","sourceName":"Pilot Domain","sourceType":"manual","status":"connected"}
{"durationMs":0.73,"event":"http.request.completed","method":"POST","path":"/v1/sources","requestId":"55c123e9-ec1d-4b59-9de0-d33b756cd231","schemaVersion":1,"statusCode":201}
HTTP Request: POST http://testserver/v1/sources "HTTP/1.1 201 Created"
{"event":"source.sync_started","objectCount":1,"schemaVersion":1,"sourceId":"8ba5bc51-c8f7-4ef4-b5a1-6b11b5a44f65","sourceType":"manual","startedAt":"2026-04-29T01:23:51.807389+00:00"}
{"artifactId":"e7b22a41-eb9e-4037-93bf-5b672fd96120","event":"artifact.extracted","evidenceFragmentCount":2,"freshnessState":"fresh","schemaVersion":1,"sourceExternalId":"doc-1","sourceId":"8ba5bc51-c8f7-4ef4-b5a1-6b11b5a44f65"}
{"artifactCount":1,"artifactCreatedCount":1,"artifactReusedCount":0,"contentFreshnessState":"fresh","event":"source.sync_succeeded","evidenceFragmentCount":2,"freshnessState":"fresh","schemaVersion":1,"sourceId":"8ba5bc51-c8f7-4ef4-b5a1-6b11b5a44f65","sourceType":"manual","status":"connected","syncFreshnessState":"fresh","totalArtifactCount":1,"totalEvidenceFragmentCount":2}
{"durationMs":1.1,"event":"http.request.completed","method":"POST","path":"/v1/manual-sources/8ba5bc51-c8f7-4ef4-b5a1-6b11b5a44f65/sync","requestId":"47a172e6-1b1f-4b73-8440-1bfaaeb12ccc","schemaVersion":1,"statusCode":200}
HTTP Request: POST http://testserver/v1/manual-sources/8ba5bc51-c8f7-4ef4-b5a1-6b11b5a44f65/sync "HTTP/1.1 200 OK"
{"actor":"reviewer@example.com","auditEventId":"72aac685-dbab-41a4-8a50-cf463b7b7992","event":"evidence.reviewed","evidenceFragmentId":"18efef9e-19fb-491e-aee7-83c3a51be262","schemaVersion":1,"trustState":"reviewed"}
{"durationMs":0.97,"event":"http.request.completed","method":"POST","path":"/v1/evidence/18efef9e-19fb-491e-aee7-83c3a51be262/review","requestId":"cf05ca30-1e62-4f3b-8a9f-2e4db9c7919b","schemaVersion":1,"statusCode":200}
HTTP Request: POST http://testserver/v1/evidence/18efef9e-19fb-491e-aee7-83c3a51be262/review "HTTP/1.1 200 OK"
-------------------------------- live log call ---------------------------------
{"actor":"reviewer@example.com","auditEventId":"85bb3d85-ec44-459f-b1ec-38de66593276","conceptId":"9e00fe22-4524-4bcb-ad50-90b6307c428e","decisionRecordCount":0,"event":"concept.created","evidenceFragmentCount":1,"name":"Cornerstone","schemaVersion":1,"status":"candidate"}
{"durationMs":0.9,"event":"http.request.completed","method":"POST","path":"/v1/concepts","requestId":"5708be2c-9507-4be3-890a-2d2a6cfe7ec5","schemaVersion":1,"statusCode":201}
HTTP Request: POST http://testserver/v1/concepts "HTTP/1.1 201 Created"
{"actor":"reviewer@example.com","conceptId":"9e00fe22-4524-4bcb-ad50-90b6307c428e","decisionRecordCount":0,"event":"concept.officialize_attempted","evidenceFragmentCount":1,"schemaVersion":1,"status":"candidate"}
{"actor":"reviewer@example.com","auditEventId":"8dd88215-53cc-40a3-84c4-3d178096f621","conceptId":"9e00fe22-4524-4bcb-ad50-90b6307c428e","event":"concept.officialized","schemaVersion":1,"status":"official"}
{"durationMs":1.0,"event":"http.request.completed","method":"POST","path":"/v1/concepts/9e00fe22-4524-4bcb-ad50-90b6307c428e/officialize","requestId":"e20fa481-1e0e-483e-a281-94862578b374","schemaVersion":1,"statusCode":200}
HTTP Request: POST http://testserver/v1/concepts/9e00fe22-4524-4bcb-ad50-90b6307c428e/officialize "HTTP/1.1 200 OK"
{"durationMs":0.49,"event":"http.request.completed","method":"GET","path":"/v1/audit-events","requestId":"d7d27605-9c86-43d3-ac52-6c119ad0d557","schemaVersion":1,"statusCode":200}
HTTP Request: GET http://testserver/v1/audit-events "HTTP/1.1 200 OK"
PASSED                                                                   [  0%]
tests/integration/test_audit_api.py::test_blocked_officialization_creates_audit_event 
-------------------------------- live log setup --------------------------------
{"appEnv":"local","event":"app.persistence_configured","persistenceBackend":"InMemoryStore","productionMode":true,"schemaVersion":1}
-------------------------------- live log call ---------------------------------
{"actor":"reviewer@example.com","auditEventId":"93397f93-c8e1-4fdc-bc3d-d7f564606d08","conceptId":"525896ab-1d91-424f-b42b-5fe676826a77","decisionRecordCount":0,"event":"concept.created","evidenceFragmentCount":0,"name":"Unsupported Concept","schemaVersion":1,"status":"candidate"}
{"durationMs":0.7,"event":"http.request.completed","method":"POST","path":"/v1/concepts","requestId":"e62cb507-b924-424d-aef1-aa269b9dee26","schemaVersion":1,"statusCode":201}
HTTP Request: POST http://testserver/v1/concepts "HTTP/1.1 201 Created"
{"actor":"reviewer@example.com","conceptId":"525896ab-1d91-424f-b42b-5fe676826a77","decisionRecordCount":0,"event":"concept.officialize_attempted","evidenceFragmentCount":0,"schemaVersion":1,"status":"candidate"}
{"actor":"reviewer@example.com","conceptId":"525896ab-1d91-424f-b42b-5fe676826a77","event":"concept.officialize_blocked","reason":"Official Concepts require at least one reviewed EvidenceFragment or valid DecisionRecord.","schemaVersion":1,"status":"candidate"}
{"durationMs":0.69,"event":"http.request.completed","method":"POST","path":"/v1/concepts/525896ab-1d91-424f-b42b-5fe676826a77/officialize","requestId":"52db64b4-bf05-4ef2-b1eb-6960714f502d","schemaVersion":1,"statusCode":409}
HTTP Request: POST http://testserver/v1/concepts/525896ab-1d91-424f-b42b-5fe676826a77/officialize "HTTP/1.1 409 Conflict"
{"durationMs":0.45,"event":"http.request.completed","method":"GET","path":"/v1/audit-events","requestId":"5ff31d17-8485-4dfc-8ac3-a8a5237d1dcc","schemaVersion":1,"statusCode":200}
HTTP Request: GET http://testserver/v1/audit-events "HTTP/1.1 200 OK"
PASSED                                                                   [  1%]
tests/integration/test_concept_read_api.py::test_concept_list_and_read_return_created_candidate 
-------------------------------- live log setup --------------------------------
{"appEnv":"local","event":"app.persistence_configured","persistenceBackend":"InMemoryStore","productionMode":true,"schemaVersion":1}
-------------------------------- live log call ---------------------------------
{"actor":"reviewer@example.com","auditEventId":"ee9f9d0c-4f1d-4cbb-9c74-a4feb405df0c","conceptId":"308556b6-9095-4607-82ee-585600153fe0","decisionRecordCount":0,"event":"concept.created","evidenceFragmentCount":0,"name":"Cornerstone","schemaVersion":1,"status":"candidate"}
{"durationMs":0.66,"event":"http.request.completed","method":"POST","path":"/v1/concepts","requestId":"96fed004-ebae-442e-80b2-5d4c10f50bb0","schemaVersion":1,"statusCode":201}
HTTP Request: POST http://testserver/v1/concepts "HTTP/1.1 201 Created"
{"conceptCount":1,"event":"concept.listed","schemaVersion":1}
{"durationMs":0.49,"event":"http.request.completed","method":"GET","path":"/v1/concepts","requestId":"75bcf347-cff8-4538-9c00-2020f7243691","schemaVersion":1,"statusCode":200}
HTTP Request: GET http://testserver/v1/concepts "HTTP/1.1 200 OK"
{"conceptId":"308556b6-9095-4607-82ee-585600153fe0","event":"concept.read","schemaVersion":1,"status":"candidate"}
{"durationMs":0.5,"event":"http.request.completed","method":"GET","path":"/v1/concepts/308556b6-9095-4607-82ee-585600153fe0","requestId":"08b7553a-e525-4a1f-975e-0e4d93b7d745","schemaVersion":1,"statusCode":200}
HTTP Request: GET http://testserver/v1/concepts/308556b6-9095-4607-82ee-585600153fe0 "HTTP/1.1 200 OK"
PASSED                                                                   [  1%]
tests/integration/test_concept_read_api.py::test_create_concept_with_missing_evidence_returns_not_found 
-------------------------------- live log setup --------------------------------
{"appEnv":"local","event":"app.persistence_configured","persistenceBackend":"InMemoryStore","productionMode":true,"schemaVersion":1}
-------------------------------- live log call ---------------------------------
{"event":"concept.create_blocked","evidenceFragmentId":"missing-evidence","reason":"evidence_not_found","schemaVersion":1}
{"durationMs":0.53,"event":"http.request.completed","method":"POST","path":"/v1/concepts","requestId":"4a7cf4b4-0353-4064-93fc-fd254d62f4f0","schemaVersion":1,"statusCode":404}
HTTP Request: POST http://testserver/v1/concepts "HTTP/1.1 404 Not Found"
PASSED                                                                   [  2%]
tests/integration/test_concept_relations_api.py::test_relation_creation_and_officialization_requires_reviewed_support 
-------------------------------- live log setup --------------------------------
{"appEnv":"local","event":"app.persistence_configured","persistenceBackend":"InMemoryStore","productionMode":true,"schemaVersion":1}
{"event":"source.create_requested","productionEnabled":true,"schemaVersion":1,"sourceName":"Pilot Domain","sourceType":"manual"}
{"event":"source.created","productionEnabled":true,"schemaVersion":1,"sourceId":"eda3dd83-b0f7-46d9-8169-65d883201127","sourceName":"Pilot Domain","sourceType":"manual","status":"connected"}
{"durationMs":0.87,"event":"http.request.completed","method":"POST","path":"/v1/sources","requestId":"2c79de0e-9ad5-4032-b0d0-d476233f0b78","schemaVersion":1,"statusCode":201}
HTTP Request: POST http://testserver/v1/sources "HTTP/1.1 201 Created"
{"event":"source.sync_started","objectCount":1,"schemaVersion":1,"sourceId":"eda3dd83-b0f7-46d9-8169-65d883201127","sourceType":"manual","startedAt":"2026-04-29T01:23:51.886265+00:00"}
{"artifactId":"2a80b5d9-466a-4859-a50f-8f265c976c63","event":"artifact.extracted","evidenceFragmentCount":2,"freshnessState":"fresh","schemaVersion":1,"sourceExternalId":"doc-1","sourceId":"eda3dd83-b0f7-46d9-8169-65d883201127"}
{"artifactCount":1,"artifactCreatedCount":1,"artifactReusedCount":0,"contentFreshnessState":"fresh","event":"source.sync_succeeded","evidenceFragmentCount":2,"freshnessState":"fresh","schemaVersion":1,"sourceId":"eda3dd83-b0f7-46d9-8169-65d883201127","sourceType":"manual","status":"connected","syncFreshnessState":"fresh","totalArtifactCount":1,"totalEvidenceFragmentCount":2}
{"durationMs":0.97,"event":"http.request.completed","method":"POST","path":"/v1/manual-sources/eda3dd83-b0f7-46d9-8169-65d883201127/sync","requestId":"e529c293-bcd7-4359-ad6c-7c3e462b7c26","schemaVersion":1,"statusCode":200}
HTTP Request: POST http://testserver/v1/manual-sources/eda3dd83-b0f7-46d9-8169-65d883201127/sync "HTTP/1.1 200 OK"
{"actor":"reviewer@example.com","auditEventId":"daf42bd5-a27d-43ca-af5a-6dc130517dfa","event":"evidence.reviewed","evidenceFragmentId":"30a0fb57-b3db-4a4a-9f53-5b88ffd4e6c5","schemaVersion":1,"trustState":"reviewed"}
{"durationMs":0.79,"event":"http.request.completed","method":"POST","path":"/v1/evidence/30a0fb57-b3db-4a4a-9f53-5b88ffd4e6c5/review","requestId":"67f212ea-4200-4453-b801-aadb4eba1293","schemaVersion":1,"statusCode":200}
HTTP Request: POST http://testserver/v1/evidence/30a0fb57-b3db-4a4a-9f53-5b88ffd4e6c5/review "HTTP/1.1 200 OK"
-------------------------------- live log call ---------------------------------
{"actor":"reviewer@example.com","auditEventId":"6730599f-9f43-47b1-af8e-33c4b3ca02fc","conceptId":"bb2c75d5-30e8-41f5-8eb6-14da2e76c73d","decisionRecordCount":0,"event":"concept.created","evidenceFragmentCount":1,"name":"Cornerstone","schemaVersion":1,"status":"candidate"}
{"durationMs":0.71,"event":"http.request.completed","method":"POST","path":"/v1/concepts","requestId":"f020a81c-267d-49e9-8a20-8a0f7eba40b0","schemaVersion":1,"statusCode":201}
HTTP Request: POST http://testserver/v1/concepts "HTTP/1.1 201 Created"
{"actor":"reviewer@example.com","conceptId":"bb2c75d5-30e8-41f5-8eb6-14da2e76c73d","decisionRecordCount":0,"event":"concept.officialize_attempted","evidenceFragmentCount":1,"schemaVersion":1,"status":"candidate"}
{"actor":"reviewer@example.com","auditEventId":"2b03421c-c2d2-4034-8416-6932e9f9bfd7","conceptId":"bb2c75d5-30e8-41f5-8eb6-14da2e76c73d","event":"concept.officialized","schemaVersion":1,"status":"official"}
{"durationMs":0.84,"event":"http.request.completed","method":"POST","path":"/v1/concepts/bb2c75d5-30e8-41f5-8eb6-14da2e76c73d/officialize","requestId":"d247cf87-7cb1-4d48-915a-9297cdc12a82","schemaVersion":1,"statusCode":200}
HTTP Request: POST http://testserver/v1/concepts/bb2c75d5-30e8-41f5-8eb6-14da2e76c73d/officialize "HTTP/1.1 200 OK"
{"actor":"reviewer@example.com","auditEventId":"12f5f1af-c878-407d-b784-5ec5c62bde19","conceptId":"c3ba2044-c3da-42f9-a273-64d71bf495e3","decisionRecordCount":0,"event":"concept.created","evidenceFragmentCount":1,"name":"Evidence Layer","schemaVersion":1,"status":"candidate"}
{"durationMs":0.64,"event":"http.request.completed","method":"POST","path":"/v1/concepts","requestId":"2bb7ce7e-1adb-4b8e-9b5b-06705d8ad5d1","schemaVersion":1,"statusCode":201}
HTTP Request: POST http://testserver/v1/concepts "HTTP/1.1 201 Created"
{"actor":"reviewer@example.com","conceptId":"c3ba2044-c3da-42f9-a273-64d71bf495e3","decisionRecordCount":0,"event":"concept.officialize_attempted","evidenceFragmentCount":1,"schemaVersion":1,"status":"candidate"}
{"actor":"reviewer@example.com","auditEventId":"b7bb1153-e465-435a-95b6-7298e30487b4","conceptId":"c3ba2044-c3da-42f9-a273-64d71bf495e3","event":"concept.officialized","schemaVersion":1,"status":"official"}
{"durationMs":0.86,"event":"http.request.completed","method":"POST","path":"/v1/concepts/c3ba2044-c3da-42f9-a273-64d71bf495e3/officialize","requestId":"8e61f79c-c883-461c-abf8-a7c656bca8ea","schemaVersion":1,"statusCode":200}
HTTP Request: POST http://testserver/v1/concepts/c3ba2044-c3da-42f9-a273-64d71bf495e3/officialize "HTTP/1.1 200 OK"
{"actor":"reviewer@example.com","auditEventId":"4269f9a8-6114-42ab-a906-8b56a7a3730e","conceptRelationId":"9bc99b8a-dbe3-4dde-83bf-85bd6209dc72","event":"concept_relation.created","evidenceFragmentCount":1,"relationType":"depends_on","schemaVersion":1,"sourceConceptId":"bb2c75d5-30e8-41f5-8eb6-14da2e76c73d","targetConceptId":"c3ba2044-c3da-42f9-a273-64d71bf495e3"}
{"durationMs":1.03,"event":"http.request.completed","method":"POST","path":"/v1/concept-relations","requestId":"af3b7a0f-ab77-4f39-973b-15284d924c96","schemaVersion":1,"statusCode":201}
HTTP Request: POST http://testserver/v1/concept-relations "HTTP/1.1 201 Created"
{"actor":"reviewer@example.com","conceptRelationId":"9bc99b8a-dbe3-4dde-83bf-85bd6209dc72","decisionRecordId":null,"event":"concept_relation.officialize_attempted","evidenceFragmentCount":1,"schemaVersion":1,"status":"candidate"}
{"actor":"reviewer@example.com","auditEventId":"641ec3d3-1e6f-4307-9966-564cb6d1f0b4","conceptRelationId":"9bc99b8a-dbe3-4dde-83bf-85bd6209dc72","event":"concept_relation.officialized","schemaVersion":1,"status":"official"}
{"durationMs":1.11,"event":"http.request.completed","method":"POST","path":"/v1/concept-relations/9bc99b8a-dbe3-4dde-83bf-85bd6209dc72/officialize","requestId":"50560f81-6dcf-40c5-bb9d-c37ee2ad5236","schemaVersion":1,"statusCode":200}
HTTP Request: POST http://testserver/v1/concept-relations/9bc99b8a-dbe3-4dde-83bf-85bd6209dc72/officialize "HTTP/1.1 200 OK"
PASSED                                                                   [  2%]
tests/integration/test_concept_relations_api.py::test_relation_officialization_without_support_is_blocked 
-------------------------------- live log setup --------------------------------
{"appEnv":"local","event":"app.persistence_configured","persistenceBackend":"InMemoryStore","productionMode":true,"schemaVersion":1}
{"event":"source.create_requested","productionEnabled":true,"schemaVersion":1,"sourceName":"Pilot Domain","sourceType":"manual"}
{"event":"source.created","productionEnabled":true,"schemaVersion":1,"sourceId":"842c15f6-d6df-4331-8a3f-45ffd4eba14a","sourceName":"Pilot Domain","sourceType":"manual","status":"connected"}
{"durationMs":0.65,"event":"http.request.completed","method":"POST","path":"/v1/sources","requestId":"68ea1a57-9a34-49a7-bd96-8ee0499b31b6","schemaVersion":1,"statusCode":201}
HTTP Request: POST http://testserver/v1/sources "HTTP/1.1 201 Created"
{"event":"source.sync_started","objectCount":1,"schemaVersion":1,"sourceId":"842c15f6-d6df-4331-8a3f-45ffd4eba14a","sourceType":"manual","startedAt":"2026-04-29T01:23:51.914966+00:00"}
{"artifactId":"ed5d49e5-ae64-4014-b159-0ec1c124e644","event":"artifact.extracted","evidenceFragmentCount":2,"freshnessState":"fresh","schemaVersion":1,"sourceExternalId":"doc-1","sourceId":"842c15f6-d6df-4331-8a3f-45ffd4eba14a"}
{"artifactCount":1,"artifactCreatedCount":1,"artifactReusedCount":0,"contentFreshnessState":"fresh","event":"source.sync_succeeded","evidenceFragmentCount":2,"freshnessState":"fresh","schemaVersion":1,"sourceId":"842c15f6-d6df-4331-8a3f-45ffd4eba14a","sourceType":"manual","status":"connected","syncFreshnessState":"fresh","totalArtifactCount":1,"totalEvidenceFragmentCount":2}
{"durationMs":0.97,"event":"http.request.completed","method":"POST","path":"/v1/manual-sources/842c15f6-d6df-4331-8a3f-45ffd4eba14a/sync","requestId":"8816bda7-e309-44e2-8400-b1cfb7f0ae6d","schemaVersion":1,"statusCode":200}
HTTP Request: POST http://testserver/v1/manual-sources/842c15f6-d6df-4331-8a3f-45ffd4eba14a/sync "HTTP/1.1 200 OK"
{"actor":"reviewer@example.com","auditEventId":"66fe7f5f-f183-4f65-af57-4fbd3c2c2437","event":"evidence.reviewed","evidenceFragmentId":"33abb780-40a2-46b2-8f7a-be8b1f5a53ed","schemaVersion":1,"trustState":"reviewed"}
{"durationMs":0.75,"event":"http.request.completed","method":"POST","path":"/v1/evidence/33abb780-40a2-46b2-8f7a-be8b1f5a53ed/review","requestId":"845ea88c-1548-4289-ae8a-7685425b7e32","schemaVersion":1,"statusCode":200}
HTTP Request: POST http://testserver/v1/evidence/33abb780-40a2-46b2-8f7a-be8b1f5a53ed/review "HTTP/1.1 200 OK"
-------------------------------- live log call ---------------------------------
{"actor":"reviewer@example.com","auditEventId":"6d5af2f1-d439-40a3-818f-bba3e1a44b73","conceptId":"b7a57b2a-d4d5-4af6-9277-2402f9a77483","decisionRecordCount":0,"event":"concept.created","evidenceFragmentCount":1,"name":"Source Concept","schemaVersion":1,"status":"candidate"}
{"durationMs":0.68,"event":"http.request.completed","method":"POST","path":"/v1/concepts","requestId":"15db8941-547f-4cf3-91fd-f524c1b209af","schemaVersion":1,"statusCode":201}
HTTP Request: POST http://testserver/v1/concepts "HTTP/1.1 201 Created"
{"actor":"reviewer@example.com","conceptId":"b7a57b2a-d4d5-4af6-9277-2402f9a77483","decisionRecordCount":0,"event":"concept.officialize_attempted","evidenceFragmentCount":1,"schemaVersion":1,"status":"candidate"}
{"actor":"reviewer@example.com","auditEventId":"0695e70f-fbd1-4329-b03b-0a96c6ac411f","conceptId":"b7a57b2a-d4d5-4af6-9277-2402f9a77483","event":"concept.officialized","schemaVersion":1,"status":"official"}
{"durationMs":0.81,"event":"http.request.completed","method":"POST","path":"/v1/concepts/b7a57b2a-d4d5-4af6-9277-2402f9a77483/officialize","requestId":"9fceb72a-bddc-4b36-874d-405a0f68d795","schemaVersion":1,"statusCode":200}
HTTP Request: POST http://testserver/v1/concepts/b7a57b2a-d4d5-4af6-9277-2402f9a77483/officialize "HTTP/1.1 200 OK"
{"actor":"reviewer@example.com","auditEventId":"c5f34e3d-c9f1-447a-83bd-1492ac89547e","conceptId":"6a56f6a6-534e-41b7-ac8c-11d768819dbb","decisionRecordCount":0,"event":"concept.created","evidenceFragmentCount":1,"name":"Target Concept","schemaVersion":1,"status":"candidate"}
{"durationMs":0.68,"event":"http.request.completed","method":"POST","path":"/v1/concepts","requestId":"30164b23-5bb6-452c-8377-93b59b55e47c","schemaVersion":1,"statusCode":201}
HTTP Request: POST http://testserver/v1/concepts "HTTP/1.1 201 Created"
{"actor":"reviewer@example.com","conceptId":"6a56f6a6-534e-41b7-ac8c-11d768819dbb","decisionRecordCount":0,"event":"concept.officialize_attempted","evidenceFragmentCount":1,"schemaVersion":1,"status":"candidate"}
{"actor":"reviewer@example.com","auditEventId":"6609a730-dac4-4abe-acef-5a7c8387be21","conceptId":"6a56f6a6-534e-41b7-ac8c-11d768819dbb","event":"concept.officialized","schemaVersion":1,"status":"official"}
{"durationMs":0.8,"event":"http.request.completed","method":"POST","path":"/v1/concepts/6a56f6a6-534e-41b7-ac8c-11d768819dbb/officialize","requestId":"70ca691f-3d15-46f5-9786-36e2b4bcba2c","schemaVersion":1,"statusCode":200}
HTTP Request: POST http://testserver/v1/concepts/6a56f6a6-534e-41b7-ac8c-11d768819dbb/officialize "HTTP/1.1 200 OK"
{"actor":"reviewer@example.com","auditEventId":"17112a09-33df-4e81-8c42-f25ec37581e3","conceptRelationId":"5cc3f182-4a59-4d0c-8a1e-9815f96c1a2d","event":"concept_relation.created","evidenceFragmentCount":0,"relationType":"depends_on","schemaVersion":1,"sourceConceptId":"b7a57b2a-d4d5-4af6-9277-2402f9a77483","targetConceptId":"6a56f6a6-534e-41b7-ac8c-11d768819dbb"}
{"durationMs":0.76,"event":"http.request.completed","method":"POST","path":"/v1/concept-relations","requestId":"4d005f76-7f3c-4d4a-a670-f55126bc7e1e","schemaVersion":1,"statusCode":201}
HTTP Request: POST http://testserver/v1/concept-relations "HTTP/1.1 201 Created"
{"actor":"reviewer@example.com","conceptRelationId":"5cc3f182-4a59-4d0c-8a1e-9815f96c1a2d","decisionRecordId":null,"event":"concept_relation.officialize_attempted","evidenceFragmentCount":0,"schemaVersion":1,"status":"candidate"}
{"actor":"reviewer@example.com","conceptRelationId":"5cc3f182-4a59-4d0c-8a1e-9815f96c1a2d","event":"concept_relation.officialize_blocked","reason":"Official ConceptRelations require at least one reviewed EvidenceFragment or valid DecisionRecord.","schemaVersion":1}
{"durationMs":0.69,"event":"http.request.completed","method":"POST","path":"/v1/concept-relations/5cc3f182-4a59-4d0c-8a1e-9815f96c1a2d/officialize","requestId":"702cc60e-f1d6-448a-8df3-07242ca1efc0","schemaVersion":1,"statusCode":409}
HTTP Request: POST http://testserver/v1/concept-relations/5cc3f182-4a59-4d0c-8a1e-9815f96c1a2d/officialize "HTTP/1.1 409 Conflict"
PASSED                                                                   [  3%]
tests/integration/test_concept_relations_api.py::test_relation_officialization_requires_both_concepts_official 
-------------------------------- live log setup --------------------------------
{"appEnv":"local","event":"app.persistence_configured","persistenceBackend":"InMemoryStore","productionMode":true,"schemaVersion":1}
{"event":"source.create_requested","productionEnabled":true,"schemaVersion":1,"sourceName":"Pilot Domain","sourceType":"manual"}
{"event":"source.created","productionEnabled":true,"schemaVersion":1,"sourceId":"e0c30fc3-1ed0-4771-b762-17632088b7b3","sourceName":"Pilot Domain","sourceType":"manual","status":"connected"}
{"durationMs":0.61,"event":"http.request.completed","method":"POST","path":"/v1/sources","requestId":"0e57f63c-a14e-44e4-9bda-f387383d9e17","schemaVersion":1,"statusCode":201}
HTTP Request: POST http://testserver/v1/sources "HTTP/1.1 201 Created"
{"event":"source.sync_started","objectCount":1,"schemaVersion":1,"sourceId":"e0c30fc3-1ed0-4771-b762-17632088b7b3","sourceType":"manual","startedAt":"2026-04-29T01:23:51.942491+00:00"}
{"artifactId":"b0db5ebc-562f-4fe7-b32c-b4d3e43afab0","event":"artifact.extracted","evidenceFragmentCount":2,"freshnessState":"fresh","schemaVersion":1,"sourceExternalId":"doc-1","sourceId":"e0c30fc3-1ed0-4771-b762-17632088b7b3"}
{"artifactCount":1,"artifactCreatedCount":1,"artifactReusedCount":0,"contentFreshnessState":"fresh","event":"source.sync_succeeded","evidenceFragmentCount":2,"freshnessState":"fresh","schemaVersion":1,"sourceId":"e0c30fc3-1ed0-4771-b762-17632088b7b3","sourceType":"manual","status":"connected","syncFreshnessState":"fresh","totalArtifactCount":1,"totalEvidenceFragmentCount":2}
{"durationMs":0.99,"event":"http.request.completed","method":"POST","path":"/v1/manual-sources/e0c30fc3-1ed0-4771-b762-17632088b7b3/sync","requestId":"387212b2-4d2a-427f-8b92-f2bfbb2a16b8","schemaVersion":1,"statusCode":200}
HTTP Request: POST http://testserver/v1/manual-sources/e0c30fc3-1ed0-4771-b762-17632088b7b3/sync "HTTP/1.1 200 OK"
{"actor":"reviewer@example.com","auditEventId":"4a78fab6-b73e-4615-ac91-45b6db599998","event":"evidence.reviewed","evidenceFragmentId":"4cd99c68-1300-4d79-b948-2542596b1e02","schemaVersion":1,"trustState":"reviewed"}
{"durationMs":0.74,"event":"http.request.completed","method":"POST","path":"/v1/evidence/4cd99c68-1300-4d79-b948-2542596b1e02/review","requestId":"7ca5d1ae-f10e-4c25-8ed4-f1b8572ceda9","schemaVersion":1,"statusCode":200}
HTTP Request: POST http://testserver/v1/evidence/4cd99c68-1300-4d79-b948-2542596b1e02/review "HTTP/1.1 200 OK"
-------------------------------- live log call ---------------------------------
{"actor":"reviewer@example.com","auditEventId":"0cf5b9f1-2a33-4bd7-bd6d-90867b05b682","conceptId":"2bfcddfa-af86-4c0f-8399-31ace938f3c9","decisionRecordCount":0,"event":"concept.created","evidenceFragmentCount":1,"name":"Official Source","schemaVersion":1,"status":"candidate"}
{"durationMs":0.67,"event":"http.request.completed","method":"POST","path":"/v1/concepts","requestId":"66385b78-9e3c-44bc-b9c8-90124678076c","schemaVersion":1,"statusCode":201}
HTTP Request: POST http://testserver/v1/concepts "HTTP/1.1 201 Created"
{"actor":"reviewer@example.com","conceptId":"2bfcddfa-af86-4c0f-8399-31ace938f3c9","decisionRecordCount":0,"event":"concept.officialize_attempted","evidenceFragmentCount":1,"schemaVersion":1,"status":"candidate"}
{"actor":"reviewer@example.com","auditEventId":"a2d0cf1d-115a-4697-8d62-39043f90b7c0","conceptId":"2bfcddfa-af86-4c0f-8399-31ace938f3c9","event":"concept.officialized","schemaVersion":1,"status":"official"}
{"durationMs":0.84,"event":"http.request.completed","method":"POST","path":"/v1/concepts/2bfcddfa-af86-4c0f-8399-31ace938f3c9/officialize","requestId":"348f10c1-ddd6-4de0-9058-f2d9790c8152","schemaVersion":1,"statusCode":200}
HTTP Request: POST http://testserver/v1/concepts/2bfcddfa-af86-4c0f-8399-31ace938f3c9/officialize "HTTP/1.1 200 OK"
{"actor":"reviewer@example.com","auditEventId":"a743f0b8-b8be-471f-91b9-e9d223f47e0e","conceptId":"dfb31c6d-fd4f-4636-a6b0-f515cacf29fc","decisionRecordCount":0,"event":"concept.created","evidenceFragmentCount":1,"name":"Candidate Target","schemaVersion":1,"status":"candidate"}
{"durationMs":0.63,"event":"http.request.completed","method":"POST","path":"/v1/concepts","requestId":"2c36891b-4b08-45c5-b9db-166ff67c4fac","schemaVersion":1,"statusCode":201}
HTTP Request: POST http://testserver/v1/concepts "HTTP/1.1 201 Created"
{"actor":"reviewer@example.com","auditEventId":"f1feb236-5c53-4181-8075-dcd5b46c8991","conceptRelationId":"ad77c973-52b5-449e-ab08-29cf94d07ea2","event":"concept_relation.created","evidenceFragmentCount":1,"relationType":"depends_on","schemaVersion":1,"sourceConceptId":"2bfcddfa-af86-4c0f-8399-31ace938f3c9","targetConceptId":"dfb31c6d-fd4f-4636-a6b0-f515cacf29fc"}
{"durationMs":0.78,"event":"http.request.completed","method":"POST","path":"/v1/concept-relations","requestId":"6ecefa96-b791-45ef-a7bf-e74b7615eca2","schemaVersion":1,"statusCode":201}
HTTP Request: POST http://testserver/v1/concept-relations "HTTP/1.1 201 Created"
{"actor":"reviewer@example.com","conceptRelationId":"ad77c973-52b5-449e-ab08-29cf94d07ea2","decisionRecordId":null,"event":"concept_relation.officialize_attempted","evidenceFragmentCount":1,"schemaVersion":1,"status":"candidate"}
{"actor":"reviewer@example.com","conceptRelationId":"ad77c973-52b5-449e-ab08-29cf94d07ea2","event":"concept_relation.officialize_blocked","reason":"Official ConceptRelations require both Concepts to be official.","schemaVersion":1}
{"durationMs":0.68,"event":"http.request.completed","method":"POST","path":"/v1/concept-relations/ad77c973-52b5-449e-ab08-29cf94d07ea2/officialize","requestId":"e65d6197-9e18-4bf4-81e1-ad79fabebc81","schemaVersion":1,"statusCode":409}
HTTP Request: POST http://testserver/v1/concept-relations/ad77c973-52b5-449e-ab08-29cf94d07ea2/officialize "HTTP/1.1 409 Conflict"
PASSED                                                                   [  3%]
tests/integration/test_concept_relations_api.py::test_unauthorized_reviewer_cannot_create_or_officialize_relation 
-------------------------------- live log setup --------------------------------
{"appEnv":"local","event":"app.persistence_configured","persistenceBackend":"InMemoryStore","productionMode":true,"schemaVersion":1}
{"event":"source.create_requested","productionEnabled":true,"schemaVersion":1,"sourceName":"Pilot Domain","sourceType":"manual"}
{"event":"source.created","productionEnabled":true,"schemaVersion":1,"sourceId":"b1fa0a38-e975-4f92-b739-13da9c6210b6","sourceName":"Pilot Domain","sourceType":"manual","status":"connected"}
{"durationMs":0.64,"event":"http.request.completed","method":"POST","path":"/v1/sources","requestId":"c51ff4da-e072-4d77-ac2b-a4e2d6a44d22","schemaVersion":1,"statusCode":201}
HTTP Request: POST http://testserver/v1/sources "HTTP/1.1 201 Created"
{"event":"source.sync_started","objectCount":1,"schemaVersion":1,"sourceId":"b1fa0a38-e975-4f92-b739-13da9c6210b6","sourceType":"manual","startedAt":"2026-04-29T01:23:51.968481+00:00"}
{"artifactId":"529ca850-5be4-4ff6-9162-e9c0aa8ca049","event":"artifact.extracted","evidenceFragmentCount":2,"freshnessState":"fresh","schemaVersion":1,"sourceExternalId":"doc-1","sourceId":"b1fa0a38-e975-4f92-b739-13da9c6210b6"}
{"artifactCount":1,"artifactCreatedCount":1,"artifactReusedCount":0,"contentFreshnessState":"fresh","event":"source.sync_succeeded","evidenceFragmentCount":2,"freshnessState":"fresh","schemaVersion":1,"sourceId":"b1fa0a38-e975-4f92-b739-13da9c6210b6","sourceType":"manual","status":"connected","syncFreshnessState":"fresh","totalArtifactCount":1,"totalEvidenceFragmentCount":2}
{"durationMs":0.91,"event":"http.request.completed","method":"POST","path":"/v1/manual-sources/b1fa0a38-e975-4f92-b739-13da9c6210b6/sync","requestId":"f541ea96-edcc-46e4-996e-acdd66540da6","schemaVersion":1,"statusCode":200}
HTTP Request: POST http://testserver/v1/manual-sources/b1fa0a38-e975-4f92-b739-13da9c6210b6/sync "HTTP/1.1 200 OK"
{"actor":"reviewer@example.com","auditEventId":"9a3d2e5b-979f-44cf-bbab-54588c977b81","event":"evidence.reviewed","evidenceFragmentId":"9f11c80c-8de5-4290-b8e6-1419ee76b0c0","schemaVersion":1,"trustState":"reviewed"}
{"durationMs":0.72,"event":"http.request.completed","method":"POST","path":"/v1/evidence/9f11c80c-8de5-4290-b8e6-1419ee76b0c0/review","requestId":"772daf92-6c76-4c6d-a6c7-d9e5955ecf8c","schemaVersion":1,"statusCode":200}
HTTP Request: POST http://testserver/v1/evidence/9f11c80c-8de5-4290-b8e6-1419ee76b0c0/review "HTTP/1.1 200 OK"
-------------------------------- live log call ---------------------------------
{"actor":"reviewer@example.com","auditEventId":"a9189a7f-19b0-4887-b882-9a36bf8091b5","conceptId":"eae5d8c5-0e5c-44e4-8aa7-8ccce76f1a24","decisionRecordCount":0,"event":"concept.created","evidenceFragmentCount":1,"name":"Authorized Source","schemaVersion":1,"status":"candidate"}
{"durationMs":0.64,"event":"http.request.completed","method":"POST","path":"/v1/concepts","requestId":"cd6e5cc9-f78c-4731-9c28-fda51838060b","schemaVersion":1,"statusCode":201}
HTTP Request: POST http://testserver/v1/concepts "HTTP/1.1 201 Created"
{"actor":"reviewer@example.com","conceptId":"eae5d8c5-0e5c-44e4-8aa7-8ccce76f1a24","decisionRecordCount":0,"event":"concept.officialize_attempted","evidenceFragmentCount":1,"schemaVersion":1,"status":"candidate"}
{"actor":"reviewer@example.com","auditEventId":"dcf48e0f-a41a-4b14-876f-d5cc0d8e937e","conceptId":"eae5d8c5-0e5c-44e4-8aa7-8ccce76f1a24","event":"concept.officialized","schemaVersion":1,"status":"official"}
{"durationMs":0.83,"event":"http.request.completed","method":"POST","path":"/v1/concepts/eae5d8c5-0e5c-44e4-8aa7-8ccce76f1a24/officialize","requestId":"4a5740ed-29fc-4f58-af40-fdffa223a2d8","schemaVersion":1,"statusCode":200}
HTTP Request: POST http://testserver/v1/concepts/eae5d8c5-0e5c-44e4-8aa7-8ccce76f1a24/officialize "HTTP/1.1 200 OK"
{"actor":"reviewer@example.com","auditEventId":"11fe9b34-59d3-41f9-b12b-dec0ae48b136","conceptId":"ac4730d8-9fcb-4ef4-ad96-a28c3794ce2f","decisionRecordCount":0,"event":"concept.created","evidenceFragmentCount":1,"name":"Authorized Target","schemaVersion":1,"status":"candidate"}
{"durationMs":0.65,"event":"http.request.completed","method":"POST","path":"/v1/concepts","requestId":"50a4d5fc-b3c3-4e87-9fa9-a4508fa85b6a","schemaVersion":1,"statusCode":201}
HTTP Request: POST http://testserver/v1/concepts "HTTP/1.1 201 Created"
{"actor":"reviewer@example.com","conceptId":"ac4730d8-9fcb-4ef4-ad96-a28c3794ce2f","decisionRecordCount":0,"event":"concept.officialize_attempted","evidenceFragmentCount":1,"schemaVersion":1,"status":"candidate"}
{"actor":"reviewer@example.com","auditEventId":"0f024b3b-8bd6-4953-b27b-b66eab89df13","conceptId":"ac4730d8-9fcb-4ef4-ad96-a28c3794ce2f","event":"concept.officialized","schemaVersion":1,"status":"official"}
{"durationMs":0.9,"event":"http.request.completed","method":"POST","path":"/v1/concepts/ac4730d8-9fcb-4ef4-ad96-a28c3794ce2f/officialize","requestId":"fb990f3a-299c-400e-b41a-dd125cb77963","schemaVersion":1,"statusCode":200}
HTTP Request: POST http://testserver/v1/concepts/ac4730d8-9fcb-4ef4-ad96-a28c3794ce2f/officialize "HTTP/1.1 200 OK"
{"actor":"random@example.com","event":"concept_relation.create_blocked","reason":"reviewer_not_authorized","schemaVersion":1}
{"durationMs":0.57,"event":"http.request.completed","method":"POST","path":"/v1/concept-relations","requestId":"6c33f1a0-46d9-4a5e-8948-eea63913721c","schemaVersion":1,"statusCode":403}
HTTP Request: POST http://testserver/v1/concept-relations "HTTP/1.1 403 Forbidden"
{"actor":"reviewer@example.com","auditEventId":"fbe70af2-ad7f-4f21-abd4-8451307e20d0","conceptRelationId":"aca2a043-9800-4f49-b94d-b050a902036e","event":"concept_relation.created","evidenceFragmentCount":1,"relationType":"depends_on","schemaVersion":1,"sourceConceptId":"eae5d8c5-0e5c-44e4-8aa7-8ccce76f1a24","targetConceptId":"ac4730d8-9fcb-4ef4-ad96-a28c3794ce2f"}
{"durationMs":0.81,"event":"http.request.completed","method":"POST","path":"/v1/concept-relations","requestId":"f4992a7c-57e5-4e34-b089-e89758c2894c","schemaVersion":1,"statusCode":201}
HTTP Request: POST http://testserver/v1/concept-relations "HTTP/1.1 201 Created"
{"actor":"random@example.com","conceptRelationId":"aca2a043-9800-4f49-b94d-b050a902036e","decisionRecordId":null,"event":"concept_relation.officialize_attempted","evidenceFragmentCount":1,"schemaVersion":1,"status":"candidate"}
{"actor":"random@example.com","conceptRelationId":"aca2a043-9800-4f49-b94d-b050a902036e","event":"concept_relation.officialize_blocked","reason":"Reviewer is not authorized: random@example.com","schemaVersion":1}
{"durationMs":0.67,"event":"http.request.completed","method":"POST","path":"/v1/concept-relations/aca2a043-9800-4f49-b94d-b050a902036e/officialize","requestId":"e1c83e94-c24c-4faa-b0ce-24709c5e5c96","schemaVersion":1,"statusCode":403}
HTTP Request: POST http://testserver/v1/concept-relations/aca2a043-9800-4f49-b94d-b050a902036e/officialize "HTTP/1.1 403 Forbidden"
PASSED                                                                   [  3%]
tests/integration/test_concept_relations_api.py::test_relation_route_reports_missing_relation_evidence_and_decision_record 
-------------------------------- live log setup --------------------------------
{"appEnv":"local","event":"app.persistence_configured","persistenceBackend":"InMemoryStore","productionMode":true,"schemaVersion":1}
{"event":"source.create_requested","productionEnabled":true,"schemaVersion":1,"sourceName":"Pilot Domain","sourceType":"manual"}
{"event":"source.created","productionEnabled":true,"schemaVersion":1,"sourceId":"f0c20ff7-4815-470a-8bd1-6813fdd6724a","sourceName":"Pilot Domain","sourceType":"manual","status":"connected"}
{"durationMs":0.63,"event":"http.request.completed","method":"POST","path":"/v1/sources","requestId":"0ce69e79-cee3-47b8-aa5e-752d0e1a6f3d","schemaVersion":1,"statusCode":201}
HTTP Request: POST http://testserver/v1/sources "HTTP/1.1 201 Created"
{"event":"source.sync_started","objectCount":1,"schemaVersion":1,"sourceId":"f0c20ff7-4815-470a-8bd1-6813fdd6724a","sourceType":"manual","startedAt":"2026-04-29T01:23:51.997020+00:00"}
{"artifactId":"2e5365b9-9342-405c-a8c6-d976ec8fdd12","event":"artifact.extracted","evidenceFragmentCount":2,"freshnessState":"fresh","schemaVersion":1,"sourceExternalId":"doc-1","sourceId":"f0c20ff7-4815-470a-8bd1-6813fdd6724a"}
{"artifactCount":1,"artifactCreatedCount":1,"artifactReusedCount":0,"contentFreshnessState":"fresh","event":"source.sync_succeeded","evidenceFragmentCount":2,"freshnessState":"fresh","schemaVersion":1,"sourceId":"f0c20ff7-4815-470a-8bd1-6813fdd6724a","sourceType":"manual","status":"connected","syncFreshnessState":"fresh","totalArtifactCount":1,"totalEvidenceFragmentCount":2}
{"durationMs":0.93,"event":"http.request.completed","method":"POST","path":"/v1/manual-sources/f0c20ff7-4815-470a-8bd1-6813fdd6724a/sync","requestId":"4af0eb3e-af3f-44e8-9365-587f0e1f4e7c","schemaVersion":1,"statusCode":200}
HTTP Request: POST http://testserver/v1/manual-sources/f0c20ff7-4815-470a-8bd1-6813fdd6724a/sync "HTTP/1.1 200 OK"
{"actor":"reviewer@example.com","auditEventId":"ace54166-1cac-4def-a356-1ab84a44b3e0","event":"evidence.reviewed","evidenceFragmentId":"80505ace-7f4a-4481-b8f7-6a35748d6fe3","schemaVersion":1,"trustState":"reviewed"}
{"durationMs":0.76,"event":"http.request.completed","method":"POST","path":"/v1/evidence/80505ace-7f4a-4481-b8f7-6a35748d6fe3/review","requestId":"65bdcb3a-71cc-4107-a485-bcc51336b000","schemaVersion":1,"statusCode":200}
HTTP Request: POST http://testserver/v1/evidence/80505ace-7f4a-4481-b8f7-6a35748d6fe3/review "HTTP/1.1 200 OK"
-------------------------------- live log call ---------------------------------
{"actor":"reviewer@example.com","auditEventId":"ccb85249-1888-45d5-bd07-f1bb185483ad","conceptId":"653cc5a5-2ebe-43c2-885a-774aa277b2e0","decisionRecordCount":0,"event":"concept.created","evidenceFragmentCount":1,"name":"Missing Source","schemaVersion":1,"status":"candidate"}
{"durationMs":0.68,"event":"http.request.completed","method":"POST","path":"/v1/concepts","requestId":"d42089bd-1200-4622-ac84-0e0d09092c9c","schemaVersion":1,"statusCode":201}
HTTP Request: POST http://testserver/v1/concepts "HTTP/1.1 201 Created"
{"actor":"reviewer@example.com","conceptId":"653cc5a5-2ebe-43c2-885a-774aa277b2e0","decisionRecordCount":0,"event":"concept.officialize_attempted","evidenceFragmentCount":1,"schemaVersion":1,"status":"candidate"}
{"actor":"reviewer@example.com","auditEventId":"f3dd5005-1311-4857-9820-4aa88409f5e3","conceptId":"653cc5a5-2ebe-43c2-885a-774aa277b2e0","event":"concept.officialized","schemaVersion":1,"status":"official"}
{"durationMs":0.81,"event":"http.request.completed","method":"POST","path":"/v1/concepts/653cc5a5-2ebe-43c2-885a-774aa277b2e0/officialize","requestId":"45d2a5e9-7cba-4d11-b9f5-aaa188b736ac","schemaVersion":1,"statusCode":200}
HTTP Request: POST http://testserver/v1/concepts/653cc5a5-2ebe-43c2-885a-774aa277b2e0/officialize "HTTP/1.1 200 OK"
{"actor":"reviewer@example.com","auditEventId":"906b830f-1fa5-4390-a7e0-81673358123f","conceptId":"2add75e3-a44a-4ab6-8476-c3c964ffd5f0","decisionRecordCount":0,"event":"concept.created","evidenceFragmentCount":1,"name":"Missing Target","schemaVersion":1,"status":"candidate"}
{"durationMs":0.67,"event":"http.request.completed","method":"POST","path":"/v1/concepts","requestId":"d080af4e-7ce4-4671-be40-e68b3401e575","schemaVersion":1,"statusCode":201}
HTTP Request: POST http://testserver/v1/concepts "HTTP/1.1 201 Created"
{"actor":"reviewer@example.com","conceptId":"2add75e3-a44a-4ab6-8476-c3c964ffd5f0","decisionRecordCount":0,"event":"concept.officialize_attempted","evidenceFragmentCount":1,"schemaVersion":1,"status":"candidate"}
{"actor":"reviewer@example.com","auditEventId":"fa16254b-aea8-4ccc-a8c2-7c45844b5ba8","conceptId":"2add75e3-a44a-4ab6-8476-c3c964ffd5f0","event":"concept.officialized","schemaVersion":1,"status":"official"}
{"durationMs":0.82,"event":"http.request.completed","method":"POST","path":"/v1/concepts/2add75e3-a44a-4ab6-8476-c3c964ffd5f0/officialize","requestId":"d3212826-b206-412f-bfc9-8dd50a86b201","schemaVersion":1,"statusCode":200}
HTTP Request: POST http://testserver/v1/concepts/2add75e3-a44a-4ab6-8476-c3c964ffd5f0/officialize "HTTP/1.1 200 OK"
{"durationMs":0.4,"event":"http.request.completed","method":"GET","path":"/v1/concept-relations/missing-relation-id","requestId":"9fe2fdc0-f0ee-4560-9f94-9c542cfa81d9","schemaVersion":1,"statusCode":404}
HTTP Request: GET http://testserver/v1/concept-relations/missing-relation-id "HTTP/1.1 404 Not Found"
{"event":"concept_relation.create_blocked","evidenceFragmentId":"missing-evidence-id","reason":"evidence_not_found","schemaVersion":1}
{"durationMs":0.57,"event":"http.request.completed","method":"POST","path":"/v1/concept-relations","requestId":"89d960f6-67c6-47e6-aa4c-03d36096cf8a","schemaVersion":1,"statusCode":404}
HTTP Request: POST http://testserver/v1/concept-relations "HTTP/1.1 404 Not Found"
{"durationMs":0.54,"event":"http.request.completed","method":"POST","path":"/v1/concept-relations","requestId":"2702ab49-656b-4161-90d1-9991ed255d8b","schemaVersion":1,"statusCode":404}
HTTP Request: POST http://testserver/v1/concept-relations "HTTP/1.1 404 Not Found"
PASSED                                                                   [  4%]
tests/integration/test_concept_relations_api.py::test_relation_can_be_officialized_with_valid_decision_record_support 
-------------------------------- live log setup --------------------------------
{"appEnv":"local","event":"app.persistence_configured","persistenceBackend":"InMemoryStore","productionMode":true,"schemaVersion":1}
{"event":"source.create_requested","productionEnabled":true,"schemaVersion":1,"sourceName":"Pilot Domain","sourceType":"manual"}
{"event":"source.created","productionEnabled":true,"schemaVersion":1,"sourceId":"940e2fca-381c-427f-b7b1-bfafc990def8","sourceName":"Pilot Domain","sourceType":"manual","status":"connected"}
{"durationMs":0.64,"event":"http.request.completed","method":"POST","path":"/v1/sources","requestId":"e2cec5c1-91ac-4316-8fca-566b1dfa15a8","schemaVersion":1,"statusCode":201}
HTTP Request: POST http://testserver/v1/sources "HTTP/1.1 201 Created"
{"event":"source.sync_started","objectCount":1,"schemaVersion":1,"sourceId":"940e2fca-381c-427f-b7b1-bfafc990def8","sourceType":"manual","startedAt":"2026-04-29T01:23:52.025397+00:00"}
{"artifactId":"30241410-ff8b-4255-a3eb-f87b0bcd8ebf","event":"artifact.extracted","evidenceFragmentCount":2,"freshnessState":"fresh","schemaVersion":1,"sourceExternalId":"doc-1","sourceId":"940e2fca-381c-427f-b7b1-bfafc990def8"}
{"artifactCount":1,"artifactCreatedCount":1,"artifactReusedCount":0,"contentFreshnessState":"fresh","event":"source.sync_succeeded","evidenceFragmentCount":2,"freshnessState":"fresh","schemaVersion":1,"sourceId":"940e2fca-381c-427f-b7b1-bfafc990def8","sourceType":"manual","status":"connected","syncFreshnessState":"fresh","totalArtifactCount":1,"totalEvidenceFragmentCount":2}
{"durationMs":0.97,"event":"http.request.completed","method":"POST","path":"/v1/manual-sources/940e2fca-381c-427f-b7b1-bfafc990def8/sync","requestId":"6ff756f9-af6a-43be-8e46-21b03ba1270e","schemaVersion":1,"statusCode":200}
HTTP Request: POST http://testserver/v1/manual-sources/940e2fca-381c-427f-b7b1-bfafc990def8/sync "HTTP/1.1 200 OK"
{"actor":"reviewer@example.com","auditEventId":"85c32cbc-b52d-4eeb-b3f6-4530a3d3aff8","event":"evidence.reviewed","evidenceFragmentId":"87c9ff53-7f7e-4d1d-8665-9f23b7fb6d23","schemaVersion":1,"trustState":"reviewed"}
{"durationMs":0.76,"event":"http.request.completed","method":"POST","path":"/v1/evidence/87c9ff53-7f7e-4d1d-8665-9f23b7fb6d23/review","requestId":"ee8aded3-569f-49c5-ac38-4d3ee4a01a3c","schemaVersion":1,"statusCode":200}
HTTP Request: POST http://testserver/v1/evidence/87c9ff53-7f7e-4d1d-8665-9f23b7fb6d23/review "HTTP/1.1 200 OK"
-------------------------------- live log call ---------------------------------
{"actor":"reviewer@example.com","auditEventId":"e0f34809-0bce-469d-bd14-8c3f65ca5e4a","conceptId":"eb8e1a49-d659-4d7f-a924-e564c330aaff","decisionRecordCount":0,"event":"concept.created","evidenceFragmentCount":1,"name":"Decision Source","schemaVersion":1,"status":"candidate"}
{"durationMs":0.68,"event":"http.request.completed","method":"POST","path":"/v1/concepts","requestId":"cdcc2e0e-7d2b-4b70-b1f5-7fb3042e61e9","schemaVersion":1,"statusCode":201}
HTTP Request: POST http://testserver/v1/concepts "HTTP/1.1 201 Created"
{"actor":"reviewer@example.com","conceptId":"eb8e1a49-d659-4d7f-a924-e564c330aaff","decisionRecordCount":0,"event":"concept.officialize_attempted","evidenceFragmentCount":1,"schemaVersion":1,"status":"candidate"}
{"actor":"reviewer@example.com","auditEventId":"68988dc5-e7c6-494a-863a-65fd68306797","conceptId":"eb8e1a49-d659-4d7f-a924-e564c330aaff","event":"concept.officialized","schemaVersion":1,"status":"official"}
{"durationMs":0.84,"event":"http.request.completed","method":"POST","path":"/v1/concepts/eb8e1a49-d659-4d7f-a924-e564c330aaff/officialize","requestId":"ed117cfe-7e70-4fef-8806-98815b6a6839","schemaVersion":1,"statusCode":200}
HTTP Request: POST http://testserver/v1/concepts/eb8e1a49-d659-4d7f-a924-e564c330aaff/officialize "HTTP/1.1 200 OK"
{"actor":"reviewer@example.com","auditEventId":"b3360561-e2e8-445a-977e-50ca464f5df2","conceptId":"69caa8b9-46bf-447b-a5b4-9639526a1495","decisionRecordCount":0,"event":"concept.created","evidenceFragmentCount":1,"name":"Decision Target","schemaVersion":1,"status":"candidate"}
{"durationMs":0.67,"event":"http.request.completed","method":"POST","path":"/v1/concepts","requestId":"062b32da-f11f-4ad8-aa52-95d6f879c145","schemaVersion":1,"statusCode":201}
HTTP Request: POST http://testserver/v1/concepts "HTTP/1.1 201 Created"
{"actor":"reviewer@example.com","conceptId":"69caa8b9-46bf-447b-a5b4-9639526a1495","decisionRecordCount":0,"event":"concept.officialize_attempted","evidenceFragmentCount":1,"schemaVersion":1,"status":"candidate"}
{"actor":"reviewer@example.com","auditEventId":"6ef21a5e-9bb8-4aca-8df1-109db2f9d98c","conceptId":"69caa8b9-46bf-447b-a5b4-9639526a1495","event":"concept.officialized","schemaVersion":1,"status":"official"}
{"durationMs":0.8,"event":"http.request.completed","method":"POST","path":"/v1/concepts/69caa8b9-46bf-447b-a5b4-9639526a1495/officialize","requestId":"63a2cf1d-6552-4d19-bd47-03f5b6b7e282","schemaVersion":1,"statusCode":200}
HTTP Request: POST http://testserver/v1/concepts/69caa8b9-46bf-447b-a5b4-9639526a1495/officialize "HTTP/1.1 200 OK"
{"actor":"reviewer@example.com","auditEventId":"a92c5c96-c331-4b5f-9b13-f63dd0c00256","decisionRecordId":"3a0c520b-3e9e-441e-8e52-8667f78c82a5","event":"decision_record.created","evidenceFragmentCount":1,"schemaVersion":1}
{"durationMs":1.06,"event":"http.request.completed","method":"POST","path":"/v1/decision-records","requestId":"f4d48948-685c-4f56-af60-345b75c766d1","schemaVersion":1,"statusCode":201}
HTTP Request: POST http://testserver/v1/decision-records "HTTP/1.1 201 Created"
{"actor":"reviewer@example.com","auditEventId":"70265b4a-56b3-4c03-9ba3-cd786c7369e8","conceptRelationId":"520087ed-3a16-49a4-8a87-8c762d51031b","event":"concept_relation.created","evidenceFragmentCount":0,"relationType":"governed_by","schemaVersion":1,"sourceConceptId":"eb8e1a49-d659-4d7f-a924-e564c330aaff","targetConceptId":"69caa8b9-46bf-447b-a5b4-9639526a1495"}
{"durationMs":0.77,"event":"http.request.completed","method":"POST","path":"/v1/concept-relations","requestId":"1698cfaa-bd20-457b-8c10-4c193dc74a13","schemaVersion":1,"statusCode":201}
HTTP Request: POST http://testserver/v1/concept-relations "HTTP/1.1 201 Created"
{"actor":"reviewer@example.com","conceptRelationId":"520087ed-3a16-49a4-8a87-8c762d51031b","decisionRecordId":"3a0c520b-3e9e-441e-8e52-8667f78c82a5","event":"concept_relation.officialize_attempted","evidenceFragmentCount":0,"schemaVersion":1,"status":"candidate"}
{"actor":"reviewer@example.com","auditEventId":"0e26135f-6d09-4d32-884d-ff5587cb7b9d","conceptRelationId":"520087ed-3a16-49a4-8a87-8c762d51031b","event":"concept_relation.officialized","schemaVersion":1,"status":"official"}
{"durationMs":0.87,"event":"http.request.completed","method":"POST","path":"/v1/concept-relations/520087ed-3a16-49a4-8a87-8c762d51031b/officialize","requestId":"a89ff371-2e0c-40e4-a855-3bf883ae155f","schemaVersion":1,"statusCode":200}
HTTP Request: POST http://testserver/v1/concept-relations/520087ed-3a16-49a4-8a87-8c762d51031b/officialize "HTTP/1.1 200 OK"
PASSED                                                                   [  4%]
tests/integration/test_concepts_api.py::test_officialization_without_support_returns_conflict 
-------------------------------- live log setup --------------------------------
{"appEnv":"local","event":"app.persistence_configured","persistenceBackend":"InMemoryStore","productionMode":true,"schemaVersion":1}
-------------------------------- live log call ---------------------------------
{"actor":"reviewer@example.com","auditEventId":"c7c2470b-76f9-4bcd-8bdb-634be5cc611e","conceptId":"74e3e924-3693-4c46-be02-42d08ee45ed3","decisionRecordCount":0,"event":"concept.created","evidenceFragmentCount":0,"name":"Unsupported Concept","schemaVersion":1,"status":"candidate"}
{"durationMs":0.6,"event":"http.request.completed","method":"POST","path":"/v1/concepts","requestId":"a942c592-f682-4f05-98a4-43d5f0efe618","schemaVersion":1,"statusCode":201}
HTTP Request: POST http://testserver/v1/concepts "HTTP/1.1 201 Created"
{"actor":"reviewer@example.com","conceptId":"74e3e924-3693-4c46-be02-42d08ee45ed3","decisionRecordCount":0,"event":"concept.officialize_attempted","evidenceFragmentCount":0,"schemaVersion":1,"status":"candidate"}
{"actor":"reviewer@example.com","conceptId":"74e3e924-3693-4c46-be02-42d08ee45ed3","event":"concept.officialize_blocked","reason":"Official Concepts require at least one reviewed EvidenceFragment or valid DecisionRecord.","schemaVersion":1,"status":"candidate"}
{"durationMs":0.68,"event":"http.request.completed","method":"POST","path":"/v1/concepts/74e3e924-3693-4c46-be02-42d08ee45ed3/officialize","requestId":"ad2b3d91-e51a-4f47-b3e8-d20247ba4420","schemaVersion":1,"statusCode":409}
HTTP Request: POST http://testserver/v1/concepts/74e3e924-3693-4c46-be02-42d08ee45ed3/officialize "HTTP/1.1 409 Conflict"
PASSED                                                                   [  5%]
tests/integration/test_concepts_api.py::test_create_and_officialize_supported_concept 
-------------------------------- live log setup --------------------------------
{"appEnv":"local","event":"app.persistence_configured","persistenceBackend":"InMemoryStore","productionMode":true,"schemaVersion":1}
{"event":"source.create_requested","productionEnabled":true,"schemaVersion":1,"sourceName":"Pilot Domain","sourceType":"manual"}
{"event":"source.created","productionEnabled":true,"schemaVersion":1,"sourceId":"45de4b1b-0a8c-4e97-9d5d-47ef5e19a3d6","sourceName":"Pilot Domain","sourceType":"manual","status":"connected"}
{"durationMs":0.64,"event":"http.request.completed","method":"POST","path":"/v1/sources","requestId":"ba5f7683-be11-42b3-a381-6ddd3489ebbe","schemaVersion":1,"statusCode":201}
HTTP Request: POST http://testserver/v1/sources "HTTP/1.1 201 Created"
{"event":"source.sync_started","objectCount":1,"schemaVersion":1,"sourceId":"45de4b1b-0a8c-4e97-9d5d-47ef5e19a3d6","sourceType":"manual","startedAt":"2026-04-29T01:23:52.073743+00:00"}
{"artifactId":"75fd3583-eec1-4d58-8f38-dc02b20a07f5","event":"artifact.extracted","evidenceFragmentCount":2,"freshnessState":"fresh","schemaVersion":1,"sourceExternalId":"doc-1","sourceId":"45de4b1b-0a8c-4e97-9d5d-47ef5e19a3d6"}
{"artifactCount":1,"artifactCreatedCount":1,"artifactReusedCount":0,"contentFreshnessState":"fresh","event":"source.sync_succeeded","evidenceFragmentCount":2,"freshnessState":"fresh","schemaVersion":1,"sourceId":"45de4b1b-0a8c-4e97-9d5d-47ef5e19a3d6","sourceType":"manual","status":"connected","syncFreshnessState":"fresh","totalArtifactCount":1,"totalEvidenceFragmentCount":2}
{"durationMs":0.98,"event":"http.request.completed","method":"POST","path":"/v1/manual-sources/45de4b1b-0a8c-4e97-9d5d-47ef5e19a3d6/sync","requestId":"5925908c-8f23-41c6-b70b-307d34b7402f","schemaVersion":1,"statusCode":200}
HTTP Request: POST http://testserver/v1/manual-sources/45de4b1b-0a8c-4e97-9d5d-47ef5e19a3d6/sync "HTTP/1.1 200 OK"
{"actor":"reviewer@example.com","auditEventId":"f57a6a25-5371-4088-9926-9056afcd6086","event":"evidence.reviewed","evidenceFragmentId":"557de2ad-b734-42f6-a9b5-829f9292c7a1","schemaVersion":1,"trustState":"reviewed"}
{"durationMs":0.76,"event":"http.request.completed","method":"POST","path":"/v1/evidence/557de2ad-b734-42f6-a9b5-829f9292c7a1/review","requestId":"321ecbfe-21e0-4745-a7fb-5b350eda77d6","schemaVersion":1,"statusCode":200}
HTTP Request: POST http://testserver/v1/evidence/557de2ad-b734-42f6-a9b5-829f9292c7a1/review "HTTP/1.1 200 OK"
-------------------------------- live log call ---------------------------------
{"actor":"reviewer@example.com","auditEventId":"a99935ab-96cf-48ca-9fbe-b4e003391001","conceptId":"0bc6f493-4a0e-46d5-af1f-741644d22b67","decisionRecordCount":0,"event":"concept.created","evidenceFragmentCount":1,"name":"Cornerstone","schemaVersion":1,"status":"candidate"}
{"durationMs":0.67,"event":"http.request.completed","method":"POST","path":"/v1/concepts","requestId":"1c0ef988-50eb-43a6-87f0-aa8acacde2a3","schemaVersion":1,"statusCode":201}
HTTP Request: POST http://testserver/v1/concepts "HTTP/1.1 201 Created"
{"actor":"reviewer@example.com","conceptId":"0bc6f493-4a0e-46d5-af1f-741644d22b67","decisionRecordCount":0,"event":"concept.officialize_attempted","evidenceFragmentCount":1,"schemaVersion":1,"status":"candidate"}
{"actor":"reviewer@example.com","auditEventId":"06b4f7b7-2eb4-4e4e-bc15-96f6e0d729bc","conceptId":"0bc6f493-4a0e-46d5-af1f-741644d22b67","event":"concept.officialized","schemaVersion":1,"status":"official"}
{"durationMs":0.79,"event":"http.request.completed","method":"POST","path":"/v1/concepts/0bc6f493-4a0e-46d5-af1f-741644d22b67/officialize","requestId":"eda72b03-1627-4ffd-b32f-82be249fe7ab","schemaVersion":1,"statusCode":200}
HTTP Request: POST http://testserver/v1/concepts/0bc6f493-4a0e-46d5-af1f-741644d22b67/officialize "HTTP/1.1 200 OK"
PASSED                                                                   [  5%]
tests/integration/test_concepts_api.py::test_officialization_with_unreviewed_evidence_returns_conflict 
-------------------------------- live log setup --------------------------------
{"appEnv":"local","event":"app.persistence_configured","persistenceBackend":"InMemoryStore","productionMode":true,"schemaVersion":1}
-------------------------------- live log call ---------------------------------
{"event":"source.create_requested","productionEnabled":true,"schemaVersion":1,"sourceName":"Manual Pilot","sourceType":"manual"}
{"event":"source.created","productionEnabled":true,"schemaVersion":1,"sourceId":"90f3d263-b760-46bb-9196-357147239646","sourceName":"Manual Pilot","sourceType":"manual","status":"connected"}
{"durationMs":0.67,"event":"http.request.completed","method":"POST","path":"/v1/sources","requestId":"83bc20b4-30eb-4d9c-9e08-4a30166854db","schemaVersion":1,"statusCode":201}
HTTP Request: POST http://testserver/v1/sources "HTTP/1.1 201 Created"
{"event":"source.sync_started","objectCount":1,"schemaVersion":1,"sourceId":"90f3d263-b760-46bb-9196-357147239646","sourceType":"manual","startedAt":"2026-04-29T01:23:52.096124+00:00"}
{"artifactId":"b8d554cc-79ae-4df1-a9df-85cf14dc8d7f","event":"artifact.extracted","evidenceFragmentCount":1,"freshnessState":"fresh","schemaVersion":1,"sourceExternalId":"doc-1","sourceId":"90f3d263-b760-46bb-9196-357147239646"}
{"artifactCount":1,"artifactCreatedCount":1,"artifactReusedCount":0,"contentFreshnessState":"fresh","event":"source.sync_succeeded","evidenceFragmentCount":1,"freshnessState":"fresh","schemaVersion":1,"sourceId":"90f3d263-b760-46bb-9196-357147239646","sourceType":"manual","status":"connected","syncFreshnessState":"fresh","totalArtifactCount":1,"totalEvidenceFragmentCount":1}
{"durationMs":0.87,"event":"http.request.completed","method":"POST","path":"/v1/manual-sources/90f3d263-b760-46bb-9196-357147239646/sync","requestId":"d43181a7-df3e-441d-abc8-d2b31eb2655a","schemaVersion":1,"statusCode":200}
HTTP Request: POST http://testserver/v1/manual-sources/90f3d263-b760-46bb-9196-357147239646/sync "HTTP/1.1 200 OK"
{"actor":"reviewer@example.com","auditEventId":"0e82875a-83d9-4807-9401-6fd23aeceee4","conceptId":"42bdbbdc-a026-48ae-a469-82411e206375","decisionRecordCount":0,"event":"concept.created","evidenceFragmentCount":1,"name":"Cornerstone","schemaVersion":1,"status":"candidate"}
{"durationMs":0.66,"event":"http.request.completed","method":"POST","path":"/v1/concepts","requestId":"1b0500a9-4cf9-4c21-8461-7aae7f056017","schemaVersion":1,"statusCode":201}
HTTP Request: POST http://testserver/v1/concepts "HTTP/1.1 201 Created"
{"actor":"reviewer@example.com","conceptId":"42bdbbdc-a026-48ae-a469-82411e206375","decisionRecordCount":0,"event":"concept.officialize_attempted","evidenceFragmentCount":1,"schemaVersion":1,"status":"candidate"}
{"actor":"reviewer@example.com","conceptId":"42bdbbdc-a026-48ae-a469-82411e206375","event":"concept.officialize_blocked","reason":"EvidenceFragment must be reviewed before officialization: a5887775-4666-403a-89a9-ea3329c984a0","schemaVersion":1,"status":"candidate"}
{"durationMs":0.74,"event":"http.request.completed","method":"POST","path":"/v1/concepts/42bdbbdc-a026-48ae-a469-82411e206375/officialize","requestId":"893f9f7c-f655-414b-a2b8-5530f717f343","schemaVersion":1,"statusCode":409}
HTTP Request: POST http://testserver/v1/concepts/42bdbbdc-a026-48ae-a469-82411e206375/officialize "HTTP/1.1 409 Conflict"
PASSED                                                                   [  6%]
tests/integration/test_concepts_api.py::test_non_production_source_evidence_cannot_officialize 
-------------------------------- live log setup --------------------------------
{"appEnv":"local","event":"app.persistence_configured","persistenceBackend":"InMemoryStore","productionMode":true,"schemaVersion":1}
-------------------------------- live log call ---------------------------------
{"event":"source.create_requested","productionEnabled":false,"schemaVersion":1,"sourceName":"Demo Manual","sourceType":"manual"}
{"event":"source.created","productionEnabled":false,"schemaVersion":1,"sourceId":"060bd639-ac70-4fda-8e37-92359e648639","sourceName":"Demo Manual","sourceType":"manual","status":"connected"}
{"durationMs":0.63,"event":"http.request.completed","method":"POST","path":"/v1/sources","requestId":"e9f14eaf-75fd-4c7a-b428-a9475f029677","schemaVersion":1,"statusCode":201}
HTTP Request: POST http://testserver/v1/sources "HTTP/1.1 201 Created"
{"event":"source.sync_started","objectCount":1,"schemaVersion":1,"sourceId":"060bd639-ac70-4fda-8e37-92359e648639","sourceType":"manual","startedAt":"2026-04-29T01:23:52.117083+00:00"}
{"artifactId":"3f13ee05-536f-4356-a19d-1dea9396ce12","event":"artifact.extracted","evidenceFragmentCount":1,"freshnessState":"fresh","schemaVersion":1,"sourceExternalId":"demo-doc-1","sourceId":"060bd639-ac70-4fda-8e37-92359e648639"}
{"artifactCount":1,"artifactCreatedCount":1,"artifactReusedCount":0,"contentFreshnessState":"fresh","event":"source.sync_succeeded","evidenceFragmentCount":1,"freshnessState":"fresh","schemaVersion":1,"sourceId":"060bd639-ac70-4fda-8e37-92359e648639","sourceType":"manual","status":"connected","syncFreshnessState":"fresh","totalArtifactCount":1,"totalEvidenceFragmentCount":1}
{"durationMs":0.92,"event":"http.request.completed","method":"POST","path":"/v1/manual-sources/060bd639-ac70-4fda-8e37-92359e648639/sync","requestId":"2fb0e4f6-c9d7-4679-894d-e062110c35ef","schemaVersion":1,"statusCode":200}
HTTP Request: POST http://testserver/v1/manual-sources/060bd639-ac70-4fda-8e37-92359e648639/sync "HTTP/1.1 200 OK"
{"actor":"reviewer@example.com","auditEventId":"5b8c833b-f2db-40a6-bca7-a9bea9c8ef7a","event":"evidence.reviewed","evidenceFragmentId":"b80a4c07-b61f-4260-9dba-190ef351f5f5","schemaVersion":1,"trustState":"reviewed"}
{"durationMs":0.71,"event":"http.request.completed","method":"POST","path":"/v1/evidence/b80a4c07-b61f-4260-9dba-190ef351f5f5/review","requestId":"68b1a32e-3dae-4c7c-a1cc-960585882e37","schemaVersion":1,"statusCode":200}
HTTP Request: POST http://testserver/v1/evidence/b80a4c07-b61f-4260-9dba-190ef351f5f5/review "HTTP/1.1 200 OK"
{"actor":"reviewer@example.com","auditEventId":"98586c2b-bb31-4e34-ba4c-0817fc90e4a9","conceptId":"1c5f1345-d6c2-4a7c-a508-09e922f12b4b","decisionRecordCount":0,"event":"concept.created","evidenceFragmentCount":1,"name":"Demo Concept","schemaVersion":1,"status":"candidate"}
{"durationMs":0.64,"event":"http.request.completed","method":"POST","path":"/v1/concepts","requestId":"e7892c46-7bdd-417d-b8a9-ba5b57147864","schemaVersion":1,"statusCode":201}
HTTP Request: POST http://testserver/v1/concepts "HTTP/1.1 201 Created"
{"actor":"reviewer@example.com","conceptId":"1c5f1345-d6c2-4a7c-a508-09e922f12b4b","decisionRecordCount":0,"event":"concept.officialize_attempted","evidenceFragmentCount":1,"schemaVersion":1,"status":"candidate"}
{"actor":"reviewer@example.com","conceptId":"1c5f1345-d6c2-4a7c-a508-09e922f12b4b","event":"concept.officialize_blocked","reason":"EvidenceFragment comes from a non-production source: b80a4c07-b61f-4260-9dba-190ef351f5f5","schemaVersion":1,"status":"candidate"}
{"durationMs":0.67,"event":"http.request.completed","method":"POST","path":"/v1/concepts/1c5f1345-d6c2-4a7c-a508-09e922f12b4b/officialize","requestId":"81b4ddde-fb18-4b11-93c2-b76b067ac7a6","schemaVersion":1,"statusCode":409}
HTTP Request: POST http://testserver/v1/concepts/1c5f1345-d6c2-4a7c-a508-09e922f12b4b/officialize "HTTP/1.1 409 Conflict"
PASSED                                                                   [  6%]
tests/integration/test_concepts_api.py::test_unauthorized_reviewer_cannot_officialize 
-------------------------------- live log setup --------------------------------
{"appEnv":"local","event":"app.persistence_configured","persistenceBackend":"InMemoryStore","productionMode":true,"schemaVersion":1}
{"event":"source.create_requested","productionEnabled":true,"schemaVersion":1,"sourceName":"Pilot Domain","sourceType":"manual"}
{"event":"source.created","productionEnabled":true,"schemaVersion":1,"sourceId":"fdfc5f0b-76e1-4ef1-b46a-61d18e137d5d","sourceName":"Pilot Domain","sourceType":"manual","status":"connected"}
{"durationMs":0.68,"event":"http.request.completed","method":"POST","path":"/v1/sources","requestId":"bba15de1-a56f-486c-892f-99488a34705f","schemaVersion":1,"statusCode":201}
HTTP Request: POST http://testserver/v1/sources "HTTP/1.1 201 Created"
{"event":"source.sync_started","objectCount":1,"schemaVersion":1,"sourceId":"fdfc5f0b-76e1-4ef1-b46a-61d18e137d5d","sourceType":"manual","startedAt":"2026-04-29T01:23:52.155412+00:00"}
{"artifactId":"148e1a79-311d-4be1-a707-3effd981778d","event":"artifact.extracted","evidenceFragmentCount":2,"freshnessState":"fresh","schemaVersion":1,"sourceExternalId":"doc-1","sourceId":"fdfc5f0b-76e1-4ef1-b46a-61d18e137d5d"}
{"artifactCount":1,"artifactCreatedCount":1,"artifactReusedCount":0,"contentFreshnessState":"fresh","event":"source.sync_succeeded","evidenceFragmentCount":2,"freshnessState":"fresh","schemaVersion":1,"sourceId":"fdfc5f0b-76e1-4ef1-b46a-61d18e137d5d","sourceType":"manual","status":"connected","syncFreshnessState":"fresh","totalArtifactCount":1,"totalEvidenceFragmentCount":2}
{"durationMs":0.97,"event":"http.request.completed","method":"POST","path":"/v1/manual-sources/fdfc5f0b-76e1-4ef1-b46a-61d18e137d5d/sync","requestId":"26068aea-407c-46f7-b57d-685fad911110","schemaVersion":1,"statusCode":200}
HTTP Request: POST http://testserver/v1/manual-sources/fdfc5f0b-76e1-4ef1-b46a-61d18e137d5d/sync "HTTP/1.1 200 OK"
{"actor":"reviewer@example.com","auditEventId":"a66f8e34-848b-4ade-8513-43b06f206d42","event":"evidence.reviewed","evidenceFragmentId":"a16c1557-9fc6-4e54-8015-fbfc16fefa58","schemaVersion":1,"trustState":"reviewed"}
{"durationMs":0.76,"event":"http.request.completed","method":"POST","path":"/v1/evidence/a16c1557-9fc6-4e54-8015-fbfc16fefa58/review","requestId":"9554fd8f-f2cc-4141-bd24-b370bb19a411","schemaVersion":1,"statusCode":200}
HTTP Request: POST http://testserver/v1/evidence/a16c1557-9fc6-4e54-8015-fbfc16fefa58/review "HTTP/1.1 200 OK"
-------------------------------- live log call ---------------------------------
{"actor":"reviewer@example.com","auditEventId":"528ce1e3-4e53-45df-9ccd-b8d62837d8f6","conceptId":"ada11f07-bd69-423e-bda7-67cd0749706c","decisionRecordCount":0,"event":"concept.created","evidenceFragmentCount":1,"name":"Cornerstone","schemaVersion":1,"status":"candidate"}
{"durationMs":0.67,"event":"http.request.completed","method":"POST","path":"/v1/concepts","requestId":"1395df3d-7b0c-4468-a79a-99c4e5949e50","schemaVersion":1,"statusCode":201}
HTTP Request: POST http://testserver/v1/concepts "HTTP/1.1 201 Created"
{"actor":"random@example.com","conceptId":"ada11f07-bd69-423e-bda7-67cd0749706c","decisionRecordCount":0,"event":"concept.officialize_attempted","evidenceFragmentCount":1,"schemaVersion":1,"status":"candidate"}
{"actor":"random@example.com","conceptId":"ada11f07-bd69-423e-bda7-67cd0749706c","event":"concept.officialize_blocked","reason":"Reviewer is not authorized: random@example.com","schemaVersion":1,"status":"candidate"}
{"durationMs":0.86,"event":"http.request.completed","method":"POST","path":"/v1/concepts/ada11f07-bd69-423e-bda7-67cd0749706c/officialize","requestId":"1470d21f-cec6-40d8-8b1f-521aec854bc5","schemaVersion":1,"statusCode":403}
HTTP Request: POST http://testserver/v1/concepts/ada11f07-bd69-423e-bda7-67cd0749706c/officialize "HTTP/1.1 403 Forbidden"
PASSED                                                                   [  6%]
tests/integration/test_concepts_api.py::test_create_concept_with_fake_decision_record_id_returns_not_found 
-------------------------------- live log setup --------------------------------
{"appEnv":"local","event":"app.persistence_configured","persistenceBackend":"InMemoryStore","productionMode":true,"schemaVersion":1}
-------------------------------- live log call ---------------------------------
{"decisionRecordId":"fake-decision-record","event":"concept.create_blocked","reason":"decision_record_not_found","schemaVersion":1}
{"durationMs":0.51,"event":"http.request.completed","method":"POST","path":"/v1/concepts","requestId":"5de24b86-26a2-4d8b-9892-20261ede7d6b","schemaVersion":1,"statusCode":404}
HTTP Request: POST http://testserver/v1/concepts "HTTP/1.1 404 Not Found"
PASSED                                                                   [  7%]
tests/integration/test_connector_api.py::test_connector_catalog_endpoint_returns_notion_as_available 
-------------------------------- live log setup --------------------------------
{"appEnv":"local","event":"app.persistence_configured","persistenceBackend":"InMemoryStore","productionMode":true,"schemaVersion":1}
-------------------------------- live log call ---------------------------------
{"event":"connector.catalog_listed","providerCount":5,"schemaVersion":1}
{"durationMs":0.65,"event":"http.request.completed","method":"GET","path":"/v1/connectors","requestId":"4f91d9c4-fcdc-42a5-86e5-543c6035ef42","schemaVersion":1,"statusCode":200}
HTTP Request: GET http://testserver/v1/connectors "HTTP/1.1 200 OK"
PASSED                                                                   [  7%]
tests/integration/test_connector_api.py::test_create_intent_and_authorize_redirect_are_stateful 
-------------------------------- live log setup --------------------------------
{"appEnv":"local","event":"app.persistence_configured","persistenceBackend":"InMemoryStore","productionMode":true,"schemaVersion":1}
-------------------------------- live log call ---------------------------------
{"createdBy":"admin@example.com","event":"connection.intent_created","expiresAt":"2026-04-29T01:38:52.209352+00:00","intentId":"e54d28b0-b9b4-49d3-81cb-e93faf36132f","provider":"notion","schemaVersion":1}
{"durationMs":1.01,"event":"http.request.completed","method":"POST","path":"/v1/connections/intents","requestId":"560496cb-c2fc-4e94-a8f6-f5ce762f3817","schemaVersion":1,"statusCode":201}
HTTP Request: POST http://testserver/v1/connections/intents "HTTP/1.1 201 Created"
{"event":"oauth.redirect_started","intentId":"e54d28b0-b9b4-49d3-81cb-e93faf36132f","provider":"notion","schemaVersion":1,"status":"oauth_redirected"}
{"durationMs":0.65,"event":"http.request.completed","method":"GET","path":"/v1/oauth/notion/authorize","requestId":"cb9c52fa-4699-4d94-abf6-9b9eb155d36a","schemaVersion":1,"statusCode":307}
HTTP Request: GET http://testserver/v1/oauth/notion/authorize?intentId=e54d28b0-b9b4-49d3-81cb-e93faf36132f "HTTP/1.1 307 Temporary Redirect"
{"event":"connection.intent_read","intentId":"e54d28b0-b9b4-49d3-81cb-e93faf36132f","provider":"notion","schemaVersion":1,"status":"oauth_redirected"}
{"durationMs":0.48,"event":"http.request.completed","method":"GET","path":"/v1/connections/intents/e54d28b0-b9b4-49d3-81cb-e93faf36132f","requestId":"ad4e71c7-814f-4c31-a81a-930bd4c54ee2","schemaVersion":1,"statusCode":200}
HTTP Request: GET http://testserver/v1/connections/intents/e54d28b0-b9b4-49d3-81cb-e93faf36132f "HTTP/1.1 200 OK"
PASSED                                                                   [  8%]
tests/integration/test_connector_api.py::test_oauth_callback_bad_state_is_rejected 
-------------------------------- live log setup --------------------------------
{"appEnv":"local","event":"app.persistence_configured","persistenceBackend":"InMemoryStore","productionMode":true,"schemaVersion":1}
-------------------------------- live log call ---------------------------------
{"durationMs":0.7,"event":"http.request.completed","method":"GET","path":"/v1/oauth/notion/callback","requestId":"5b8f6621-66a3-4330-bddd-cbc50286b319","schemaVersion":1,"statusCode":404}
HTTP Request: GET http://testserver/v1/oauth/notion/callback?state=missing-state&code=abc "HTTP/1.1 404 Not Found"
PASSED                                                                   [  8%]
tests/integration/test_connector_api.py::test_oauth_callback_provider_error_marks_intent_failed 
-------------------------------- live log setup --------------------------------
{"appEnv":"local","event":"app.persistence_configured","persistenceBackend":"InMemoryStore","productionMode":true,"schemaVersion":1}
-------------------------------- live log call ---------------------------------
{"createdBy":"admin@example.com","event":"connection.intent_created","expiresAt":"2026-04-29T01:38:52.245257+00:00","intentId":"32976340-ddaa-45c3-8b84-7fb12c6c432a","provider":"notion","schemaVersion":1}
{"durationMs":0.8,"event":"http.request.completed","method":"POST","path":"/v1/connections/intents","requestId":"7a59c92b-ce6e-4051-9c20-7d100d82c5d0","schemaVersion":1,"statusCode":201}
HTTP Request: POST http://testserver/v1/connections/intents "HTTP/1.1 201 Created"
{"error":"access_denied","event":"oauth.callback_received","hasCode":false,"intentId":"32976340-ddaa-45c3-8b84-7fb12c6c432a","provider":"notion","schemaVersion":1}
{"errorCode":"oauth_failed","event":"oauth.failed","intentId":"32976340-ddaa-45c3-8b84-7fb12c6c432a","provider":"notion","schemaVersion":1}
{"durationMs":0.51,"event":"http.request.completed","method":"GET","path":"/v1/oauth/notion/callback","requestId":"bb3a73a2-0a88-4d2f-8425-19ae886cd45c","schemaVersion":1,"statusCode":200}
HTTP Request: GET http://testserver/v1/oauth/notion/callback?state=6EznXj78parHA7JYRJvdQoDbcgjhHvcofinsbd0qbCc&error=access_denied "HTTP/1.1 200 OK"
PASSED                                                                   [  9%]
tests/integration/test_connector_api.py::test_oauth_success_creates_source_and_public_credential_without_plaintext 
-------------------------------- live log setup --------------------------------
{"appEnv":"local","event":"app.persistence_configured","persistenceBackend":"InMemoryStore","productionMode":true,"schemaVersion":1}
-------------------------------- live log call ---------------------------------
{"createdBy":"admin@example.com","event":"connection.intent_created","expiresAt":"2026-04-29T01:38:52.263019+00:00","intentId":"0db3d9db-2e0c-4788-8340-2a96ac561c23","provider":"notion","schemaVersion":1}
{"durationMs":0.8,"event":"http.request.completed","method":"POST","path":"/v1/connections/intents","requestId":"f75833fa-8465-4489-9a8e-aa4236d6c00a","schemaVersion":1,"statusCode":201}
HTTP Request: POST http://testserver/v1/connections/intents "HTTP/1.1 201 Created"
{"error":null,"event":"oauth.callback_received","hasCode":true,"intentId":"0db3d9db-2e0c-4788-8340-2a96ac561c23","provider":"notion","schemaVersion":1}
{"event":"oauth.completed","externalWorkspaceId":"mock-notion-workspace","intentId":"0db3d9db-2e0c-4788-8340-2a96ac561c23","provider":"notion","schemaVersion":1,"sourceId":"36ec66e9-dd5d-4a23-8783-06d76a36f779"}
{"durationMs":2.01,"event":"http.request.completed","method":"GET","path":"/v1/oauth/notion/callback","requestId":"91f78610-0650-406f-95a2-5a0e1c0ecc07","schemaVersion":1,"statusCode":200}
HTTP Request: GET http://testserver/v1/oauth/notion/callback?state=6gaNuxP1itxJ_i3ZxY21RMV7-jXOjrMurD28SWDyEU0&code=code-123 "HTTP/1.1 200 OK"
PASSED                                                                   [  9%]
tests/integration/test_connector_api.py::test_test_connection_marks_oauth_source_test_passed_and_discovery_next 
-------------------------------- live log setup --------------------------------
{"appEnv":"local","event":"app.persistence_configured","persistenceBackend":"InMemoryStore","productionMode":true,"schemaVersion":1}
-------------------------------- live log call ---------------------------------
{"createdBy":"admin@example.com","event":"connection.intent_created","expiresAt":"2026-04-29T01:38:52.281907+00:00","intentId":"8776e8db-4a1b-4a01-9462-46fc2f9f162e","provider":"notion","schemaVersion":1}
{"durationMs":0.78,"event":"http.request.completed","method":"POST","path":"/v1/connections/intents","requestId":"e59408e1-c5ef-4c49-ae19-f70d310dada9","schemaVersion":1,"statusCode":201}
HTTP Request: POST http://testserver/v1/connections/intents "HTTP/1.1 201 Created"
{"error":null,"event":"oauth.callback_received","hasCode":true,"intentId":"8776e8db-4a1b-4a01-9462-46fc2f9f162e","provider":"notion","schemaVersion":1}
{"event":"oauth.completed","externalWorkspaceId":"mock-notion-workspace","intentId":"8776e8db-4a1b-4a01-9462-46fc2f9f162e","provider":"notion","schemaVersion":1,"sourceId":"4e5fa3e9-23dc-405d-ac2b-0585e85a1955"}
{"durationMs":0.66,"event":"http.request.completed","method":"GET","path":"/v1/oauth/notion/callback","requestId":"d11ddfb4-60a9-49be-81c5-c0826e1031f5","schemaVersion":1,"statusCode":200}
HTTP Request: GET http://testserver/v1/oauth/notion/callback?state=Ehq9NIovObBuIPfXfGSGUtnAGuQuP8TjIWG_dqLJmes&code=code-123 "HTTP/1.1 200 OK"
{"event":"source.test_started","provider":"notion","schemaVersion":1,"sourceId":"4e5fa3e9-23dc-405d-ac2b-0585e85a1955"}
{"event":"source.test_succeeded","provider":"notion","schemaVersion":1,"sourceId":"4e5fa3e9-23dc-405d-ac2b-0585e85a1955"}
{"durationMs":0.7,"event":"http.request.completed","method":"POST","path":"/v1/sources/4e5fa3e9-23dc-405d-ac2b-0585e85a1955/test","requestId":"b08d4544-5e53-4b53-8b0e-a7e23949d2f8","schemaVersion":1,"statusCode":200}
HTTP Request: POST http://testserver/v1/sources/4e5fa3e9-23dc-405d-ac2b-0585e85a1955/test "HTTP/1.1 200 OK"
{"durationMs":0.44,"event":"http.request.completed","method":"GET","path":"/v1/sources/4e5fa3e9-23dc-405d-ac2b-0585e85a1955","requestId":"6686da6f-96d6-47b6-86c6-aba9cf92e783","schemaVersion":1,"statusCode":200}
HTTP Request: GET http://testserver/v1/sources/4e5fa3e9-23dc-405d-ac2b-0585e85a1955 "HTTP/1.1 200 OK"
PASSED                                                                   [ 10%]
tests/integration/test_connector_api.py::test_discovery_requires_test_connection 
-------------------------------- live log setup --------------------------------
[...]
{"durationMs":0.62,"event":"http.request.completed","method":"POST","path":"/v1/sync-jobs/da52e0f1-c27d-49ce-86bd-fc24850fb936/heartbeat","requestId":"cf952e60-0c1b-48d4-8959-0869ff6d25e9","schemaVersion":1,"statusCode":200}
HTTP Request: POST http://testserver/v1/sync-jobs/da52e0f1-c27d-49ce-86bd-fc24850fb936/heartbeat "HTTP/1.1 200 OK"
PASSED                                                                   [ 42%]
tests/unit/test_connector_framework.py::test_connector_catalog_exposes_notion_first_and_future_connectors PASSED [ 42%]
tests/unit/test_connector_framework.py::test_token_cipher_round_trip_and_no_plaintext_leak PASSED [ 43%]
tests/unit/test_connector_framework.py::test_token_cipher_rejects_wrong_secret PASSED [ 43%]
tests/unit/test_connector_framework.py::test_notion_authorization_url_contains_required_oauth_state PASSED [ 43%]
tests/unit/test_connector_framework.py::test_notion_provider_errors_map_to_actionable_connector_errors[401-token_revoked-reconnect] PASSED [ 44%]
tests/unit/test_connector_framework.py::test_notion_provider_errors_map_to_actionable_connector_errors[403-permission_denied-grant_permission] PASSED [ 44%]
tests/unit/test_connector_framework.py::test_notion_provider_errors_map_to_actionable_connector_errors[429-rate_limited-wait_and_retry] PASSED [ 45%]
tests/unit/test_connector_framework.py::test_notion_provider_errors_map_to_actionable_connector_errors[503-provider_unavailable-retry] PASSED [ 45%]
tests/unit/test_connector_framework.py::test_notion_provider_errors_map_to_actionable_connector_errors[418-unknown-contact_admin] PASSED [ 46%]
tests/unit/test_connector_framework.py::test_persistence_schema_contains_connector_tables PASSED [ 46%]
tests/unit/test_connector_framework.py::test_connector_credentials_only_expose_encrypted_token_columns_in_persistence PASSED [ 46%]
tests/unit/test_connector_framework.py::test_notion_mock_discovery_returns_snapshots_for_selection PASSED [ 47%]
tests/unit/test_connector_framework.py::test_provider_object_snapshot_table_tracks_discovery_and_selection_state PASSED [ 47%]
tests/unit/test_evaluation.py::test_eval_task_accepts_unsupported_without_evidence_requirement PASSED [ 48%]
tests/unit/test_evaluation.py::test_eval_task_fails_when_expected_trust_label_is_wrong PASSED [ 48%]
tests/unit/test_evaluation.py::test_eval_task_requires_expected_answer_text PASSED [ 49%]
tests/unit/test_evaluation.py::test_eval_summary_computes_grounded_context_task_success_rate PASSED [ 49%]
tests/unit/test_evaluation.py::test_store_persists_eval_tasks_and_results_in_memory PASSED [ 50%]
tests/unit/test_evaluation.py::test_eval_task_rejects_non_unsupported_without_evidence_requirement PASSED [ 50%]
tests/unit/test_evaluation.py::test_eval_task_rejects_vague_success_contract_in_model PASSED [ 50%]
tests/unit/test_evaluation_persistence_models.py::test_evaluation_tables_are_in_sqlalchemy_metadata PASSED [ 51%]
tests/unit/test_evaluation_persistence_models.py::test_evaluation_migration_adds_metric_tables_and_indexes PASSED [ 51%]
tests/unit/test_extraction.py::test_content_hash_is_deterministic PASSED [ 52%]
tests/unit/test_extraction.py::test_extracted_evidence_contains_required_provenance PASSED [ 52%]
tests/unit/test_extraction.py::test_fragment_classifier_detects_requirements_decisions_and_questions PASSED [ 53%]
tests/unit/test_freshness.py::test_freshness_policy_unknown_without_timestamp PASSED [ 53%]
tests/unit/test_freshness.py::test_freshness_policy_fresh_within_threshold PASSED [ 53%]
tests/unit/test_freshness.py::test_freshness_policy_aging_after_fresh_before_stale PASSED [ 54%]
tests/unit/test_freshness.py::test_freshness_policy_stale_after_stale_threshold PASSED [ 54%]
tests/unit/test_freshness.py::test_freshness_policy_future_timestamp_is_fresh PASSED [ 55%]
tests/unit/test_generic_ingestion_contract.py::test_core_artifact_schema_is_provider_agnostic PASSED [ 55%]
tests/unit/test_generic_ingestion_contract.py::test_provider_object_snapshot_supports_provider_metadata_without_notion_lock_in PASSED [ 56%]
tests/unit/test_generic_ingestion_contract.py::test_connector_registry_can_resolve_non_notion_manual_connector PASSED [ 56%]
tests/unit/test_generic_ingestion_contract.py::test_manual_connector_can_discover_select_and_normalize_source_objects PASSED [ 56%]
tests/unit/test_grounded_context.py::test_candidate_concept_with_reviewed_evidence_is_evidence_supported PASSED [ 57%]
tests/unit/test_grounded_context.py::test_candidate_concept_with_unreviewed_evidence_is_partially_supported PASSED [ 57%]
tests/unit/test_grounded_context.py::test_official_concept_with_stale_evidence_is_stale PASSED [ 58%]
tests/unit/test_grounded_context.py::test_official_concept_with_unknown_freshness_is_not_labeled_official PASSED [ 58%]
tests/unit/test_grounded_context.py::test_conflicted_concept_returns_conflicted PASSED [ 59%]
tests/unit/test_grounded_context.py::test_official_concept_with_missing_evidence_is_unsupported PASSED [ 59%]
tests/unit/test_grounded_context.py::test_production_mode_excludes_non_production_source_evidence PASSED [ 60%]
tests/unit/test_grounded_context.py::test_degraded_source_still_serves_reviewed_captured_evidence_with_limitation PASSED [ 60%]
tests/unit/test_grounded_context.py::test_related_reviewed_evidence_without_concept_is_evidence_supported PASSED [ 60%]
tests/unit/test_grounded_context.py::test_related_rejected_evidence_is_not_served_as_support PASSED [ 61%]
tests/unit/test_grounded_context.py::test_related_conflicted_evidence_returns_conflicted PASSED [ 61%]
tests/unit/test_grounded_context.py::test_official_concept_response_includes_official_relations_and_relation_citations PASSED [ 62%]
tests/unit/test_grounded_context.py::test_official_concept_response_includes_decisions_and_decision_citations PASSED [ 62%]
tests/unit/test_live_notion_e2e_verification.py::test_notion_e2e_config_from_env_requires_explicit_opt_in_and_page PASSED [ 63%]
tests/unit/test_live_notion_e2e_verification.py::test_notion_e2e_config_accepts_safe_live_inputs PASSED [ 63%]
tests/unit/test_live_notion_e2e_verification.py::test_live_notion_e2e_runner_uses_same_worker_ingestion_path 
-------------------------------- live log call ---------------------------------
{"credentialId":"9a67139f-15e2-4acc-a292-ef31a2f78cb5","event":"notion.e2e.source_created","pageId":"page-1","schemaVersion":1,"sourceId":"39df9c36-84f3-474a-a81f-11914e533e46"}
{"event":"sync.job_claimed","leaseExpiresAt":"2026-04-29T01:28:54.475039+00:00","provider":"notion","recoveredExpiredLease":false,"schemaVersion":1,"sourceId":"39df9c36-84f3-474a-a81f-11914e533e46","syncJobId":"66581ec8-8f41-410d-9f4d-cdd1cb091acd","workerId":"notion-e2e-worker"}
{"attemptCount":1,"event":"sync.job_started","provider":"notion","schemaVersion":1,"sourceId":"39df9c36-84f3-474a-a81f-11914e533e46","syncJobId":"66581ec8-8f41-410d-9f4d-cdd1cb091acd","workerId":"notion-e2e-worker"}
{"cursorKey":"default","event":"sync.cursor_advanced","processedObjectCount":1,"schemaVersion":1,"sourceId":"39df9c36-84f3-474a-a81f-11914e533e46","syncJobId":"66581ec8-8f41-410d-9f4d-cdd1cb091acd"}
{"artifactCreatedCount":1,"attemptCount":1,"cursor":"0eb236e50de35c59c03b63629624351af778cc33fbc55a92254e3c29e58e6255","event":"sync.job_succeeded","evidenceCreatedCount":1,"provider":"notion","schemaVersion":1,"sourceId":"39df9c36-84f3-474a-a81f-11914e533e46","syncJobId":"66581ec8-8f41-410d-9f4d-cdd1cb091acd"}
PASSED                                                                   [ 63%]
tests/unit/test_live_postgres_verification.py::test_parse_pytest_summary_uses_final_summary_line PASSED [ 64%]
tests/unit/test_live_postgres_verification.py::test_live_postgres_report_rejects_skipped_tests_when_required PASSED [ 64%]
tests/unit/test_live_postgres_verification.py::test_live_postgres_report_rejects_no_tests PASSED [ 65%]
tests/unit/test_live_postgres_verification.py::test_live_postgres_environment_requires_explicit_opt_in PASSED [ 65%]
tests/unit/test_live_postgres_verification.py::test_live_postgres_environment_requires_postgres_url PASSED [ 66%]
tests/unit/test_live_postgres_verification.py::test_live_postgres_environment_accepts_psycopg_url PASSED [ 66%]
tests/unit/test_notion_live_connector.py::test_notion_live_default_gateway_is_sdk_backed PASSED [ 66%]
tests/unit/test_notion_live_connector.py::test_notion_sdk_gateway_is_runtime_checkable_protocol PASSED [ 67%]
tests/unit/test_notion_live_connector.py::test_notion_live_oauth_token_exchange_uses_oauth_boundary PASSED [ 67%]
tests/unit/test_notion_live_connector.py::test_notion_live_oauth_failure_maps_provider_error PASSED [ 68%]
tests/unit/test_notion_live_connector.py::test_notion_live_connection_test_success_uses_gateway_search PASSED [ 68%]
tests/unit/test_notion_live_connector.py::test_notion_live_connection_test_failure_maps_provider_error PASSED [ 69%]
tests/unit/test_notion_live_connector.py::test_notion_live_discovery_maps_pages_databases_and_data_sources PASSED [ 69%]
tests/unit/test_notion_live_connector.py::test_notion_live_discovery_raises_actionable_error_on_rate_limit PASSED [ 70%]
tests/unit/test_notion_live_connector.py::test_notion_live_list_objects_fetches_selected_page_markdown PASSED [ 70%]
tests/unit/test_notion_live_connector.py::test_notion_live_list_objects_falls_back_to_block_children PASSED [ 70%]
tests/unit/test_notion_live_connector.py::test_notion_map_api_error_handles_non_json_payload_equivalent PASSED [ 71%]
tests/unit/test_notion_live_connector.py::test_notion_map_provider_error_handles_missing_object_and_rate_limit_without_retry_after PASSED [ 71%]
tests/unit/test_notion_live_connector.py::test_notion_list_objects_without_selection_returns_empty_list PASSED [ 72%]
tests/unit/test_notion_live_connector.py::test_notion_list_objects_ignores_non_page_snapshots_as_a_defense_in_depth PASSED [ 72%]
tests/unit/test_notion_live_connector.py::test_notion_block_text_respects_max_depth_and_cursor_without_next_cursor PASSED [ 73%]
tests/unit/test_notion_live_connector.py::test_block_mapping_and_rich_text_helpers_are_provider_local PASSED [ 73%]
tests/unit/test_notion_live_connector.py::test_notion_http_oauth_client_exchange_maps_workspace_metadata PASSED [ 73%]
tests/unit/test_notion_live_connector.py::test_notion_sdk_gateway_uses_notion_client_for_standard_api_calls PASSED [ 74%]
tests/unit/test_notion_live_connector.py::test_notion_sdk_gateway_markdown_fallback_maps_http_responses PASSED [ 74%]
tests/unit/test_notion_live_connector.py::test_notion_sdk_gateway_converts_sdk_exceptions PASSED [ 75%]
tests/unit/test_notion_live_connector.py::test_notion_connector_retrieves_specific_page_snapshot_for_live_e2e PASSED [ 75%]
tests/unit/test_observability.py::test_log_event_emits_parseable_structured_json 
-------------------------------- live log call ---------------------------------
{"count":2,"event":"test.event","freshnessState":"fresh","occurredAt":"2026-04-25T00:00:00+00:00","schemaVersion":1}
PASSED                                                                   [ 76%]
tests/unit/test_officialization.py::test_officialization_rejects_unsupported_concept PASSED [ 76%]
tests/unit/test_officialization.py::test_officialization_rejects_unreviewed_evidence PASSED [ 76%]
tests/unit/test_officialization.py::test_officialization_rejects_non_production_source_evidence PASSED [ 77%]
tests/unit/test_officialization.py::test_officialization_rejects_unauthorized_reviewer PASSED [ 77%]
tests/unit/test_officialization.py::test_officialization_accepts_reviewed_evidence_supported_concept PASSED [ 78%]
tests/unit/test_officialization.py::test_relation_officialization_rejects_candidate_concepts PASSED [ 78%]
tests/unit/test_officialization.py::test_relation_officialization_accepts_reviewed_evidence_supported_relation PASSED [ 79%]
tests/unit/test_persistence_models.py::test_persistence_schema_contains_core_tables_and_join_tables PASSED [ 79%]
tests/unit/test_persistence_models.py::test_artifacts_have_idempotency_unique_constraint PASSED [ 80%]
tests/unit/test_persistence_models.py::test_concepts_have_case_insensitive_name_uniqueness_contract PASSED [ 80%]
tests/unit/test_persistence_models.py::test_evidence_provenance_uses_jsonb_on_postgres PASSED [ 80%]
tests/unit/test_persistence_models.py::test_evaluation_tables_are_persisted_and_indexed PASSED [ 81%]
tests/unit/test_postgres_extensions.py::test_required_postgres_extensions_are_explicit PASSED [ 81%]
tests/unit/test_postgres_extensions.py::test_parse_required_extensions_deduplicates_and_preserves_order PASSED [ 82%]
tests/unit/test_postgres_extensions.py::test_runtime_extension_verification_rejects_non_postgres_engine PASSED [ 82%]
tests/unit/test_postgres_extensions.py::test_migration_creates_required_extensions_and_vector_table PASSED [ 83%]
tests/unit/test_postgres_extensions.py::test_source_state_discovery_migration_adds_runtime_state_and_snapshots PASSED [ 83%]
tests/unit/test_postgres_extensions.py::test_runtime_extension_verification_accepts_installed_postgres_extensions PASSED [ 83%]
tests/unit/test_postgres_extensions.py::test_runtime_extension_verification_reports_missing_postgres_extensions PASSED [ 84%]
tests/unit/test_postgres_extensions.py::test_generic_ingestion_migration_adds_provider_neutral_artifact_columns PASSED [ 84%]
tests/unit/test_postgres_extensions.py::test_scheduled_sync_migration_adds_schedule_table_and_indexes PASSED [ 85%]
tests/unit/test_postgres_extensions.py::test_provider_object_ingestion_support_migration_adds_selection_guard_columns PASSED [ 85%]
tests/unit/test_postgres_extensions.py::test_worker_lease_migration_adds_claim_and_enqueue_primitives PASSED [ 86%]
tests/unit/test_release_candidate_docs.py::test_release_candidate_docs_exist_and_are_actionable PASSED [ 86%]
tests/unit/test_release_candidate_docs.py::test_release_candidate_api_freeze_documents_removed_unsafe_routes PASSED [ 86%]
tests/unit/test_release_candidate_docs.py::test_release_candidate_check_script_exists_and_targets_v100 PASSED [ 87%]
tests/unit/test_release_candidate_docs.py::test_release_candidate_checker_allows_local_runtime_artifacts PASSED [ 87%]
tests/unit/test_runtime_config.py::test_local_default_runtime_config_is_allowed_for_development PASSED [ 88%]
tests/unit/test_runtime_config.py::test_production_mode_reports_all_unsafe_default_config_values PASSED [ 88%]
tests/unit/test_runtime_config.py::test_safe_production_runtime_config_has_no_issues PASSED [ 89%]
tests/unit/test_runtime_config.py::test_create_app_fails_closed_when_production_config_is_unsafe PASSED [ 89%]
tests/unit/test_runtime_config.py::test_create_app_can_bypass_runtime_validation_for_explicit_test_store 
-------------------------------- live log call ---------------------------------
{"appEnv":"local","event":"app.persistence_configured","persistenceBackend":"InMemoryStore","productionMode":true,"schemaVersion":1}
PASSED                                                                   [ 90%]
tests/unit/test_runtime_config.py::test_worker_cli_fails_closed_when_production_env_is_unsafe PASSED [ 90%]
tests/unit/test_runtime_config.py::test_production_rejects_missing_required_postgres_extension PASSED [ 90%]
tests/unit/test_source_eligibility.py::test_officialization_requires_connected_source_in_production PASSED [ 91%]
tests/unit/test_source_eligibility.py::test_serving_allows_degraded_historical_source_with_limitations PASSED [ 91%]
tests/unit/test_source_eligibility.py::test_serving_blocks_never_synced_degraded_source PASSED [ 92%]
tests/unit/test_sync_scheduler.py::test_sync_schedule_table_is_provider_agnostic_and_due_indexed PASSED [ 92%]
tests/unit/test_sync_scheduler.py::test_build_schedule_preserves_identity_and_computes_next_run PASSED [ 93%]
tests/unit/test_sync_scheduler.py::test_next_schedule_run_at_uses_interval_minutes PASSED [ 93%]
tests/unit/test_sync_scheduler.py::test_scheduler_only_advances_schedule_when_job_is_enqueued 
-------------------------------- live log call ---------------------------------
{"event":"sync.schedule_enqueued","nextRunAt":"2026-04-29T01:43:54.618442+00:00","schemaVersion":1,"sourceId":"d08645cc-cd13-4750-b1e7-cd3549df6590","syncJobId":"53c24eca-4697-422d-97e2-3e60f1ed79bd","syncScheduleId":"1acfca6b-7b48-4289-9e4f-dbad90a87853"}
PASSED                                                                   [ 93%]
tests/unit/test_sync_scheduler.py::test_scheduler_skips_source_without_selection PASSED [ 94%]
tests/unit/test_sync_scheduler.py::test_external_worker_iteration_runs_scheduler_then_worker 
-------------------------------- live log call ---------------------------------
{"event":"sync.schedule_enqueued","nextRunAt":"2026-04-29T01:43:54.619298+00:00","schemaVersion":1,"sourceId":"73733540-b64c-420e-b3e6-2cac460ca48f","syncJobId":"abf998e7-bfb3-4d7d-8c03-7c3b5697c9d6","syncScheduleId":"e25e6e7e-3270-47b9-92ba-92d1c6b49eaa"}
{"event":"sync.job_claimed","leaseExpiresAt":"2026-04-29T01:28:54.619523+00:00","provider":"notion","recoveredExpiredLease":false,"schemaVersion":1,"sourceId":"73733540-b64c-420e-b3e6-2cac460ca48f","syncJobId":"abf998e7-bfb3-4d7d-8c03-7c3b5697c9d6","workerId":"sync-worker-cli"}
{"attemptCount":1,"event":"sync.job_started","provider":"notion","schemaVersion":1,"sourceId":"73733540-b64c-420e-b3e6-2cac460ca48f","syncJobId":"abf998e7-bfb3-4d7d-8c03-7c3b5697c9d6","workerId":"sync-worker-cli"}
{"cursorKey":"default","event":"sync.cursor_advanced","processedObjectCount":1,"schemaVersion":1,"sourceId":"73733540-b64c-420e-b3e6-2cac460ca48f","syncJobId":"abf998e7-bfb3-4d7d-8c03-7c3b5697c9d6"}
{"artifactCreatedCount":0,"attemptCount":1,"cursor":"e31485bd87676b6241e3ac5d0a5185c31565581b2f0cad52b3ec82fcfdbdc2a2","event":"sync.job_succeeded","evidenceCreatedCount":0,"provider":"notion","schemaVersion":1,"sourceId":"73733540-b64c-420e-b3e6-2cac460ca48f","syncJobId":"abf998e7-bfb3-4d7d-8c03-7c3b5697c9d6"}
{"event":"sync.external_worker_iteration_completed","processedJobCount":1,"scheduledJobCount":1,"schemaVersion":1,"skippedJobCount":0}
PASSED                                                                   [ 94%]
tests/unit/test_sync_scheduler.py::test_sync_job_table_has_worker_lease_and_enqueue_primitives PASSED [ 95%]
tests/unit/test_sync_scheduler.py::test_in_memory_store_claims_sync_job_once_with_worker_lease PASSED [ 95%]
tests/unit/test_sync_scheduler.py::test_schedule_enqueue_key_is_stable_and_duplicate_jobs_are_rejected PASSED [ 96%]
tests/unit/test_worker_cli.py::test_worker_parser_supports_once_scheduler_and_max_jobs PASSED [ 96%]
tests/unit/test_worker_cli.py::test_create_worker_store_uses_memory_backend_by_default PASSED [ 96%]
tests/unit/test_worker_cli.py::test_worker_cli_once_outputs_json 
-------------------------------- live log call ---------------------------------
{"event":"sync.external_worker_iteration_completed","processedJobCount":0,"scheduledJobCount":0,"schemaVersion":1,"skippedJobCount":0}
PASSED                                                                   [ 97%]
tests/unit/test_worker_concurrency_primitives.py::test_sync_job_schema_tracks_lease_heartbeat PASSED [ 97%]
tests/unit/test_worker_concurrency_primitives.py::test_sync_job_table_has_live_postgres_claim_columns_and_indexes PASSED [ 98%]
tests/unit/test_worker_concurrency_primitives.py::test_worker_concurrency_migration_adds_heartbeat_and_claimable_index PASSED [ 98%]
tests/unit/test_worker_concurrency_primitives.py::test_in_memory_store_reclaims_expired_running_job_lease PASSED [ 99%]
tests/unit/test_worker_concurrency_primitives.py::test_in_memory_store_rejects_active_running_job_claim_by_second_worker PASSED [ 99%]
tests/unit/test_worker_concurrency_primitives.py::test_in_memory_store_lease_heartbeat_requires_owner PASSED [100%]

- generated xml file: /Users/jiyong/playground/Cornerstone/cornerstone-backend/reports/junit.xml -
============================= 230 passed in 3.71s ==============================
